INFO: [SIM 2] *************** CSIM start ***************
WARNING: [SIM 51] HLS only supports CLANG compiler in Linux.
INFO: [SIM 4] CSIM will launch GCC as the compiler.
   Compiling ../../../main.cpp in debug mode
   Generating csim.exe
feature_in:
feature_in[0][0][0] = 0.000000
feature_in[0][0][1] = 0.000000
feature_in[0][0][2] = 0.000000
feature_in[0][1][0] = 1.000000
feature_in[0][1][1] = 1.000000
feature_in[0][1][2] = 1.000000
feature_in[0][2][0] = 2.000000
feature_in[0][2][1] = 2.000000
feature_in[0][2][2] = 2.000000
feature_in[0][3][0] = 3.000000
feature_in[0][3][1] = 3.000000
feature_in[0][3][2] = 3.000000
feature_in[0][4][0] = 4.000000
feature_in[0][4][1] = 4.000000
feature_in[0][4][2] = 4.000000
feature_in[1][0][0] = 5.000000
feature_in[1][0][1] = 5.000000
feature_in[1][0][2] = 5.000000
feature_in[1][1][0] = 6.000000
feature_in[1][1][1] = 6.000000
feature_in[1][1][2] = 6.000000
feature_in[1][2][0] = 7.000000
feature_in[1][2][1] = 7.000000
feature_in[1][2][2] = 7.000000
feature_in[1][3][0] = 8.000000
feature_in[1][3][1] = 8.000000
feature_in[1][3][2] = 8.000000
feature_in[1][4][0] = 9.000000
feature_in[1][4][1] = 9.000000
feature_in[1][4][2] = 9.000000
feature_in[2][0][0] = 10.000000
feature_in[2][0][1] = 10.000000
feature_in[2][0][2] = 10.000000
feature_in[2][1][0] = 11.000000
feature_in[2][1][1] = 11.000000
feature_in[2][1][2] = 11.000000
feature_in[2][2][0] = 12.000000
feature_in[2][2][1] = 12.000000
feature_in[2][2][2] = 12.000000
feature_in[2][3][0] = 13.000000
feature_in[2][3][1] = 13.000000
feature_in[2][3][2] = 13.000000
feature_in[2][4][0] = 14.000000
feature_in[2][4][1] = 14.000000
feature_in[2][4][2] = 14.000000
feature_in[3][0][0] = 15.000000
feature_in[3][0][1] = 15.000000
feature_in[3][0][2] = 15.000000
feature_in[3][1][0] = 16.000000
feature_in[3][1][1] = 16.000000
feature_in[3][1][2] = 16.000000
feature_in[3][2][0] = 17.000000
feature_in[3][2][1] = 17.000000
feature_in[3][2][2] = 17.000000
feature_in[3][3][0] = 18.000000
feature_in[3][3][1] = 18.000000
feature_in[3][3][2] = 18.000000
feature_in[3][4][0] = 19.000000
feature_in[3][4][1] = 19.000000
feature_in[3][4][2] = 19.000000
feature_in[4][0][0] = 20.000000
feature_in[4][0][1] = 20.000000
feature_in[4][0][2] = 20.000000
feature_in[4][1][0] = 21.000000
feature_in[4][1][1] = 21.000000
feature_in[4][1][2] = 21.000000
feature_in[4][2][0] = 22.000000
feature_in[4][2][1] = 22.000000
feature_in[4][2][2] = 22.000000
feature_in[4][3][0] = 23.000000
feature_in[4][3][1] = 23.000000
feature_in[4][3][2] = 23.000000
feature_in[4][4][0] = 24.000000
feature_in[4][4][1] = 24.000000
feature_in[4][4][2] = 24.000000
************************************
weight:
W[0][0][0][0] = 0.000000
W[0][0][0][1] = 0.000000
W[0][0][1][0] = 0.000000
W[0][0][1][1] = 0.000000
W[0][0][2][0] = 0.000000
W[0][0][2][1] = 0.000000
W[0][1][0][0] = 1.000000
W[0][1][0][1] = 1.000000
W[0][1][1][0] = 1.000000
W[0][1][1][1] = 1.000000
W[0][1][2][0] = 1.000000
W[0][1][2][1] = 1.000000
W[0][2][0][0] = 2.000000
W[0][2][0][1] = 2.000000
W[0][2][1][0] = 2.000000
W[0][2][1][1] = 2.000000
W[0][2][2][0] = 2.000000
W[0][2][2][1] = 2.000000
W[1][0][0][0] = 3.000000
W[1][0][0][1] = 3.000000
W[1][0][1][0] = 3.000000
W[1][0][1][1] = 3.000000
W[1][0][2][0] = 3.000000
W[1][0][2][1] = 3.000000
W[1][1][0][0] = 4.000000
W[1][1][0][1] = 4.000000
W[1][1][1][0] = 4.000000
W[1][1][1][1] = 4.000000
W[1][1][2][0] = 4.000000
W[1][1][2][1] = 4.000000
W[1][2][0][0] = 5.000000
W[1][2][0][1] = 5.000000
W[1][2][1][0] = 5.000000
W[1][2][1][1] = 5.000000
W[1][2][2][0] = 5.000000
W[1][2][2][1] = 5.000000
W[2][0][0][0] = 6.000000
W[2][0][0][1] = 6.000000
W[2][0][1][0] = 6.000000
W[2][0][1][1] = 6.000000
W[2][0][2][0] = 6.000000
W[2][0][2][1] = 6.000000
W[2][1][0][0] = 7.000000
W[2][1][0][1] = 7.000000
W[2][1][1][0] = 7.000000
W[2][1][1][1] = 7.000000
W[2][1][2][0] = 7.000000
W[2][1][2][1] = 7.000000
W[2][2][0][0] = 8.000000
W[2][2][0][1] = 8.000000
W[2][2][1][0] = 8.000000
W[2][2][1][1] = 8.000000
W[2][2][2][0] = 8.000000
W[2][2][2][1] = 8.000000
************************************
bias:
bias[0] = 0.000000
bias[1] = 1.000000
************************************
1234
OUT[0][0][0]=936.000000
OUT[0][0][1]=937.000000
OUT[0][1][0]=1044.000000
OUT[0][1][1]=1045.000000
OUT[0][2][0]=1152.000000
OUT[0][2][1]=1153.000000
OUT[1][0][0]=1476.000000
OUT[1][0][1]=1477.000000
OUT[1][1][0]=1584.000000
OUT[1][1][1]=1585.000000
OUT[1][2][0]=1692.000000
OUT[1][2][1]=1693.000000
OUT[2][0][0]=2016.000000
OUT[2][0][1]=2017.000000
OUT[2][1][0]=2124.000000
OUT[2][1][1]=2125.000000
OUT[2][2][0]=2232.000000
OUT[2][2][1]=2233.000000
INFO: [SIM 1] CSim done with 0 errors.
INFO: [SIM 3] *************** CSIM finish ***************
