16:37:08 INFO  : Registering command handlers for SDK TCF services
16:37:08 INFO  : Launching XSCT server: xsct.bat -interactive E:\Exercise\FPGA\FPGA_CNN\02_cifar10_cnn\vivado\ex03_hdmi_disp\dma_rd.sdk\temp_xsdb_launch_script.tcl
16:37:08 INFO  : Validating SDSoC License
16:37:09 INFO  : License available for SDSoC
16:37:09 INFO  : Validating SDAccel License
16:37:09 INFO  : License for SDAccel is unavailable
16:37:10 INFO  : XSCT server has started successfully.
16:37:10 INFO  : Successfully done setting XSCT server connection channel  
16:37:10 INFO  : Successfully done setting SDK workspace  
16:38:29 INFO  : Project 'hw_hdmi' created. You can now create BSPs and application projects targeting this hardware platform.
16:40:25 INFO  : Connected to target on host '127.0.0.1' and port '3121'.
16:40:30 INFO  : Jtag cable 'Digilent JTAG-SMT1 210203368853A' is selected.
16:40:30 INFO  : 'jtag frequency' command is executed.
16:40:30 INFO  : Sourcing of 'E:/Exercise/FPGA/FPGA_CNN/02_cifar10_cnn/vivado/ex03_hdmi_disp/dma_rd.sdk/hw_hdmi/ps7_init.tcl' is done.
16:40:30 INFO  : Context for 'APU' is selected.
16:40:30 INFO  : System reset is completed.
16:40:33 INFO  : 'after 3000' command is executed.
16:40:34 INFO  : 'targets -set -filter {jtag_cable_name =~ "Digilent JTAG-SMT1 210203368853A" && level==0} -index 1' command is executed.
16:40:36 INFO  : FPGA configured successfully with bitstream "E:/Exercise/FPGA/FPGA_CNN/02_cifar10_cnn/vivado/ex03_hdmi_disp/dma_rd.sdk/hw_hdmi/design_1_wrapper.bit"
16:40:36 INFO  : Context for 'APU' is selected.
16:40:36 INFO  : Hardware design information is loaded from 'E:/Exercise/FPGA/FPGA_CNN/02_cifar10_cnn/vivado/ex03_hdmi_disp/dma_rd.sdk/hw_hdmi/system.hdf'.
16:40:36 INFO  : Context for 'APU' is selected.
16:40:37 INFO  : 'ps7_init' command is executed.
16:40:37 INFO  : 'ps7_post_config' command is executed.
16:40:37 INFO  : Context for processor 'ps7_cortexa9_0' is selected.
16:40:37 INFO  : The application 'E:/Exercise/FPGA/FPGA_CNN/02_cifar10_cnn/vivado/ex03_hdmi_disp/dma_rd.sdk/hdmi/Debug/hdmi.elf' is downloaded to processor 'ps7_cortexa9_0'.
16:40:37 INFO  : ----------------XSDB Script----------------
connect -url tcp:127.0.0.1:3121
source E:/Exercise/FPGA/FPGA_CNN/02_cifar10_cnn/vivado/ex03_hdmi_disp/dma_rd.sdk/hw_hdmi/ps7_init.tcl
targets -set -nocase -filter {name =~"APU*" && jtag_cable_name =~ "Digilent JTAG-SMT1 210203368853A"} -index 0
rst -system
after 3000
targets -set -filter {jtag_cable_name =~ "Digilent JTAG-SMT1 210203368853A" && level==0} -index 1
fpga -file E:/Exercise/FPGA/FPGA_CNN/02_cifar10_cnn/vivado/ex03_hdmi_disp/dma_rd.sdk/hw_hdmi/design_1_wrapper.bit
targets -set -nocase -filter {name =~"APU*" && jtag_cable_name =~ "Digilent JTAG-SMT1 210203368853A"} -index 0
loadhw E:/Exercise/FPGA/FPGA_CNN/02_cifar10_cnn/vivado/ex03_hdmi_disp/dma_rd.sdk/hw_hdmi/system.hdf
targets -set -nocase -filter {name =~"APU*" && jtag_cable_name =~ "Digilent JTAG-SMT1 210203368853A"} -index 0
ps7_init
ps7_post_config
targets -set -nocase -filter {name =~ "ARM*#0" && jtag_cable_name =~ "Digilent JTAG-SMT1 210203368853A"} -index 0
dow E:/Exercise/FPGA/FPGA_CNN/02_cifar10_cnn/vivado/ex03_hdmi_disp/dma_rd.sdk/hdmi/Debug/hdmi.elf
----------------End of Script----------------

16:40:37 INFO  : Memory regions updated for context APU
16:40:37 INFO  : Context for processor 'ps7_cortexa9_0' is selected.
16:40:37 INFO  : 'con' command is executed.
16:40:37 INFO  : ----------------XSDB Script (After Launch)----------------
targets -set -nocase -filter {name =~ "ARM*#0" && jtag_cable_name =~ "Digilent JTAG-SMT1 210203368853A"} -index 0
con
----------------End of Script----------------

16:40:37 INFO  : Launch script is exported to file 'E:\Exercise\FPGA\FPGA_CNN\02_cifar10_cnn\vivado\ex03_hdmi_disp\dma_rd.sdk\.sdk\launch_scripts\xilinx_c-c++_application_(system_debugger)\system_debugger_using_debug_hdmi.elf_on_local.tcl'
16:40:58 INFO  : Disconnected from the channel tcfchan#1.
