#-----------------------------------------------------------
# Webtalk v2016.4_sdx (64-bit)
# SW Build 1806307 on Thu Mar  9 15:24:31 MST 2017
# 
# Start of session at: Fri Aug 21 10:26:30 2020
# Process ID: 12160
# Current directory: E:/Exercise/FPGA/FPGA_CNN/01_mnist_cnn/vivado/design.sdk/webtalk
# Command line: wbtcv.exe -mode batch -source sdk_webtalk.tcl
# Log file: E:/Exercise/FPGA/FPGA_CNN/01_mnist_cnn/vivado/design.sdk/webtalk/webtalk.log
# Journal file: E:/Exercise/FPGA/FPGA_CNN/01_mnist_cnn/vivado/design.sdk/webtalk\webtalk.jou
#-----------------------------------------------------------
source sdk_webtalk.tcl
# webtalk_init -webtalk_dir E:\\Exercise\\FPGA\\FPGA_CNN\\01_mnist_cnn\\vivado\\design.sdk\\webtalk
# webtalk_register_client -client project
# webtalk_add_data -client project -key date_generated -value "2020-08-21 10:26:29" -context "software_version_and_target_device"
# webtalk_add_data -client project -key product_version -value "SDK v2016.3" -context "software_version_and_target_device"
# webtalk_add_data -client project -key build_version -value "2016.3" -context "software_version_and_target_device"
# webtalk_add_data -client project -key os_platform -value "amd64" -context "software_version_and_target_device"
# webtalk_add_data -client project -key registration_id -value "" -context "software_version_and_target_device"
# webtalk_add_data -client project -key tool_flow -value "SDK" -context "software_version_and_target_device"
# webtalk_add_data -client project -key beta -value "false" -context "software_version_and_target_device"
# webtalk_add_data -client project -key route_design -value "NA" -context "software_version_and_target_device"
# webtalk_add_data -client project -key target_family -value "NA" -context "software_version_and_target_device"
# webtalk_add_data -client project -key target_device -value "NA" -context "software_version_and_target_device"
# webtalk_add_data -client project -key target_package -value "NA" -context "software_version_and_target_device"
# webtalk_add_data -client project -key target_speed -value "NA" -context "software_version_and_target_device"
# webtalk_add_data -client project -key random_id -value "v1qcik6s2c87pllt0tnjggvj1k" -context "software_version_and_target_device"
# webtalk_add_data -client project -key project_id -value "2016.3_3" -context "software_version_and_target_device"
# webtalk_add_data -client project -key project_iteration -value "3" -context "software_version_and_target_device"
# webtalk_add_data -client project -key os_name -value "Microsoft Windows 8 or later , 64-bit" -context "user_environment"
# webtalk_add_data -client project -key os_release -value "major release  (build 9200)" -context "user_environment"
# webtalk_add_data -client project -key cpu_name -value "Intel(R) Core(TM) i7-9750H CPU @ 2.60GHz" -context "user_environment"
# webtalk_add_data -client project -key cpu_speed -value "2592 MHz" -context "user_environment"
# webtalk_add_data -client project -key total_processors -value "1" -context "user_environment"
# webtalk_add_data -client project -key system_ram -value "17.000 GB" -context "user_environment"
# webtalk_register_client -client sdk
# webtalk_add_data -client sdk -key uid -value "1597974848276" -context "sdk\\\\bsp/1597974848276"
# webtalk_add_data -client sdk -key hwid -value "1597927587543" -context "sdk\\\\bsp/1597974848276"
# webtalk_add_data -client sdk -key os -value "standalone" -context "sdk\\\\bsp/1597974848276"
# webtalk_add_data -client sdk -key apptemplate -value "hello_world" -context "sdk\\\\bsp/1597974848276"
# webtalk_add_data -client sdk -key RecordType -value "BSPCreation" -context "sdk\\\\bsp/1597974848276"
# webtalk_add_data -client sdk -key uid -value "1597974850363" -context "sdk\\\\application/1597974850363"
# webtalk_add_data -client sdk -key hwid -value "1597927587543" -context "sdk\\\\application/1597974850363"
# webtalk_add_data -client sdk -key bspid -value "1597974848276" -context "sdk\\\\application/1597974850363"
# webtalk_add_data -client sdk -key newbsp -value "true" -context "sdk\\\\application/1597974850363"
# webtalk_add_data -client sdk -key os -value "standalone" -context "sdk\\\\application/1597974850363"
# webtalk_add_data -client sdk -key apptemplate -value "hello_world" -context "sdk\\\\application/1597974850363"
# webtalk_add_data -client sdk -key RecordType -value "APPCreation" -context "sdk\\\\application/1597974850363"
# webtalk_add_data -client sdk -key LangUsed -value "C" -context "sdk\\\\application/1597974850363"
# webtalk_add_data -client sdk -key Procused -value "ps7_cortexa9" -context "sdk\\\\application/1597974850363"
# webtalk_add_data -client sdk -key projSize -value "450.26953125" -context "sdk\\\\application/1597974850363"
# webtalk_add_data -client sdk -key uid -value "NA" -context "sdk\\\\bsp/1597976789366"
# webtalk_add_data -client sdk -key RecordType -value "ToolUsage" -context "sdk\\\\bsp/1597976789366"
# webtalk_add_data -client sdk -key BootgenCount -value "0" -context "sdk\\\\bsp/1597976789366"
# webtalk_add_data -client sdk -key DebugCount -value "8" -context "sdk\\\\bsp/1597976789366"
# webtalk_add_data -client sdk -key PerfCount -value "0" -context "sdk\\\\bsp/1597976789366"
# webtalk_add_data -client sdk -key FlashCount -value "0" -context "sdk\\\\bsp/1597976789366"
# webtalk_add_data -client sdk -key CrossTriggCount -value "0" -context "sdk\\\\bsp/1597976789366"
# webtalk_add_data -client sdk -key QemuDebugCount -value "0" -context "sdk\\\\bsp/1597976789366"
# webtalk_transmit -clientid 1920516687 -regid "" -xml E:\\Exercise\\FPGA\\FPGA_CNN\\01_mnist_cnn\\vivado\\design.sdk\\webtalk\\usage_statistics_ext_sdk.xml -html E:\\Exercise\\FPGA\\FPGA_CNN\\01_mnist_cnn\\vivado\\design.sdk\\webtalk\\usage_statistics_ext_sdk.html -wdm E:\\Exercise\\FPGA\\FPGA_CNN\\01_mnist_cnn\\vivado\\design.sdk\\webtalk\\sdk_webtalk.wdm -intro "<H3>SDK Usage Report</H3><BR>"
# webtalk_terminate
INFO: [Common 17-206] Exiting Webtalk at Fri Aug 21 10:26:35 2020...
