18:27:26 **** Build of configuration Debug for project mnist_cnn ****
make pre-build main-build 
a9-linaro-pre-build-step
 
Building file: ../src/Convolution.c
Invoking: ARM v7 gcc compiler
arm-none-eabi-gcc -Wall -O0 -g3 -c -fmessage-length=0 -MT"src/Convolution.o" -mcpu=cortex-a9 -mfpu=vfpv3 -mfloat-abi=hard -I../../mnist_cnn_bsp/ps7_cortexa9_0/include -MMD -MP -MF"src/Convolution.d" -MT"src/Convolution.o" -o "src/Convolution.o" "../src/Convolution.c"
Finished building: ../src/Convolution.c
 
Building file: ../src/Pool.c
Invoking: ARM v7 gcc compiler
arm-none-eabi-gcc -Wall -O0 -g3 -c -fmessage-length=0 -MT"src/Pool.o" -mcpu=cortex-a9 -mfpu=vfpv3 -mfloat-abi=hard -I../../mnist_cnn_bsp/ps7_cortexa9_0/include -MMD -MP -MF"src/Pool.d" -MT"src/Pool.o" -o "src/Pool.o" "../src/Pool.c"
Finished building: ../src/Pool.c
 
Building file: ../src/helloworld.c
Invoking: ARM v7 gcc compiler
arm-none-eabi-gcc -Wall -O0 -g3 -c -fmessage-length=0 -MT"src/helloworld.o" -mcpu=cortex-a9 -mfpu=vfpv3 -mfloat-abi=hard -I../../mnist_cnn_bsp/ps7_cortexa9_0/include -MMD -MP -MF"src/helloworld.d" -MT"src/helloworld.o" -o "src/helloworld.o" "../src/helloworld.c"
Finished building: ../src/helloworld.c
 
Building file: ../src/platform.c
Invoking: ARM v7 gcc compiler
arm-none-eabi-gcc -Wall -O0 -g3 -c -fmessage-length=0 -MT"src/platform.o" -mcpu=cortex-a9 -mfpu=vfpv3 -mfloat-abi=hard -I../../mnist_cnn_bsp/ps7_cortexa9_0/include -MMD -MP -MF"src/platform.d" -MT"src/platform.o" -o "src/platform.o" "../src/platform.c"
Finished building: ../src/platform.c
 
Building file: ../src/sd.c
Invoking: ARM v7 gcc compiler
arm-none-eabi-gcc -Wall -O0 -g3 -c -fmessage-length=0 -MT"src/sd.o" -mcpu=cortex-a9 -mfpu=vfpv3 -mfloat-abi=hard -I../../mnist_cnn_bsp/ps7_cortexa9_0/include -MMD -MP -MF"src/sd.d" -MT"src/sd.o" -o "src/sd.o" "../src/sd.c"
Finished building: ../src/sd.c
 
Building target: mnist_cnn.elf
Invoking: ARM v7 gcc linker
arm-none-eabi-gcc -mcpu=cortex-a9 -mfpu=vfpv3 -mfloat-abi=hard -Wl,-build-id=none -specs=Xilinx.spec -Wl,-T -Wl,../src/lscript.ld -L../../mnist_cnn_bsp/ps7_cortexa9_0/lib -o "mnist_cnn.elf"  ./src/Convolution.o ./src/Pool.o ./src/helloworld.o ./src/platform.o ./src/sd.o   -Wl,--start-group,-lxil,-lgcc,-lc,--end-group
./src/sd.o: In function `SD_Init':
E:\Exercise\FPGA\FPGA_CNN\01_mnist_cnn\vivado\new_cnn_lenet5\design.sdk\mnist_cnn\Debug/../src/sd.c:8: undefined reference to `f_mount'
./src/sd.o: In function `LoadWeight':
E:\Exercise\FPGA\FPGA_CNN\01_mnist_cnn\vivado\new_cnn_lenet5\design.sdk\mnist_cnn\Debug/../src/sd.c:23: undefined reference to `f_open'
E:\Exercise\FPGA\FPGA_CNN\01_mnist_cnn\vivado\new_cnn_lenet5\design.sdk\mnist_cnn\Debug/../src/sd.c:30: undefined reference to `f_read'
E:\Exercise\FPGA\FPGA_CNN\01_mnist_cnn\vivado\new_cnn_lenet5\design.sdk\mnist_cnn\Debug/../src/sd.c:37: undefined reference to `f_close'
./src/sd.o: In function `rdMNISTs28_test':
E:\Exercise\FPGA\FPGA_CNN\01_mnist_cnn\vivado\new_cnn_lenet5\design.sdk\mnist_cnn\Debug/../src/sd.c:49: undefined reference to `f_open'
E:\Exercise\FPGA\FPGA_CNN\01_mnist_cnn\vivado\new_cnn_lenet5\design.sdk\mnist_cnn\Debug/../src/sd.c:55: undefined reference to `f_lseek'
E:\Exercise\FPGA\FPGA_CNN\01_mnist_cnn\vivado\new_cnn_lenet5\design.sdk\mnist_cnn\Debug/../src/sd.c:65: undefined reference to `f_read'
E:\Exercise\FPGA\FPGA_CNN\01_mnist_cnn\vivado\new_cnn_lenet5\design.sdk\mnist_cnn\Debug/../src/sd.c:77: undefined reference to `f_close'
E:\Exercise\FPGA\FPGA_CNN\01_mnist_cnn\vivado\new_cnn_lenet5\design.sdk\mnist_cnn\Debug/../src/sd.c:83: undefined reference to `f_open'
E:\Exercise\FPGA\FPGA_CNN\01_mnist_cnn\vivado\new_cnn_lenet5\design.sdk\mnist_cnn\Debug/../src/sd.c:89: undefined reference to `f_lseek'
E:\Exercise\FPGA\FPGA_CNN\01_mnist_cnn\vivado\new_cnn_lenet5\design.sdk\mnist_cnn\Debug/../src/sd.c:96: undefined reference to `f_read'
E:\Exercise\FPGA\FPGA_CNN\01_mnist_cnn\vivado\new_cnn_lenet5\design.sdk\mnist_cnn\Debug/../src/sd.c:104: undefined reference to `f_close'
collect2.exe: error: ld returned 1 exit status
make: *** [mnist_cnn.elf] ´íÎó 1

18:27:27 Build Finished (took 1s.783ms)

