==============================================================
File generated by Vivado(TM) HLS - High-Level Synthesis from C, C++ and SystemC
Version: 2018.2
Copyright (C) 1986-2018 Xilinx, Inc. All Rights Reserved.

==============================================================

INFO: [SYN 201-201] Setting up clock 'default' with a period of 10ns.
INFO: [HLS 200-10] Setting target device to 'xc7z020clg400-1'
INFO: [SIM 211-2] *************** CSIM start ***************
INFO: [SIM 211-4] CSIM will launch GCC as the compiler.
INFO: [SIM 211-1] CSim done with 0 errors.
INFO: [SIM 211-3] *************** CSIM finish ***************
==============================================================
File generated by Vivado(TM) HLS - High-Level Synthesis from C, C++ and SystemC
Version: 2018.2
Copyright (C) 1986-2018 Xilinx, Inc. All Rights Reserved.

==============================================================

INFO: [SYN 201-201] Setting up clock 'default' with a period of 10ns.
INFO: [HLS 200-10] Setting target device to 'xc7z020clg400-1'
INFO: [SYN 201-201] Setting up clock 'default' with a period of 10ns.
INFO: [HLS 200-10] Analyzing design file 'conv_core/conv_core.cpp' ... 
WARNING: [HLS 200-40] In file included from conv_core/conv_core.cpp:1:
conv_core/conv_core.cpp:67:16: warning: & has lower precedence than <; < will be evaluated first [-Wparentheses]
    if(relu_en & sum<0)
               ^~~~~~~
conv_core/conv_core.cpp:67:16: note: place parentheses around the < expression to silence this warning
    if(relu_en & sum<0)
               ^
                 (    )
conv_core/conv_core.cpp:67:16: note: place parentheses around the & expression to evaluate it first
    if(relu_en & sum<0)
               ^
       (            )
1 warning generated.\n
INFO: [HLS 200-111] Finished Linking Time (s): cpu = 00:00:01 ; elapsed = 00:00:09 . Memory (MB): peak = 102.305 ; gain = 46.473
INFO: [HLS 200-111] Finished Checking Pragmas Time (s): cpu = 00:00:01 ; elapsed = 00:00:09 . Memory (MB): peak = 102.305 ; gain = 46.473
INFO: [HLS 200-10] Starting code transformations ...
INFO: [HLS 200-111] Finished Standard Transforms Time (s): cpu = 00:00:01 ; elapsed = 00:00:10 . Memory (MB): peak = 120.668 ; gain = 64.836
INFO: [HLS 200-10] Checking synthesizability ...
INFO: [HLS 200-111] Finished Checking Synthesizability Time (s): cpu = 00:00:02 ; elapsed = 00:00:10 . Memory (MB): peak = 129.785 ; gain = 73.953
INFO: [XFORM 203-401] Performing if-conversion on hyperblock to (conv_core/conv_core.cpp:41:16) in function 'Conv'... converting 3 basic blocks.
INFO: [HLS 200-111] Finished Pre-synthesis Time (s): cpu = 00:00:02 ; elapsed = 00:00:11 . Memory (MB): peak = 162.063 ; gain = 106.230
INFO: [HLS 200-111] Finished Architecture Synthesis Time (s): cpu = 00:00:02 ; elapsed = 00:00:11 . Memory (MB): peak = 164.031 ; gain = 108.199
INFO: [HLS 200-10] Starting hardware synthesis ...
INFO: [HLS 200-10] Synthesizing 'Conv' ...
INFO: [HLS 200-10] ----------------------------------------------------------------
INFO: [HLS 200-42] -- Implementing module 'Conv' 
INFO: [HLS 200-10] ----------------------------------------------------------------
INFO: [SCHED 204-11] Starting scheduling ...
INFO: [SCHED 204-11] Finished scheduling.
INFO: [HLS 200-111]  Elapsed time: 11.036 seconds; current allocated memory: 113.968 MB.
INFO: [HLS 200-434] Only 0 loops out of a total 6 loops have been pipelined in this design.
INFO: [BIND 205-100] Starting micro-architecture generation ...
INFO: [BIND 205-101] Performing variable lifetime analysis.
INFO: [BIND 205-101] Exploring resource sharing.
INFO: [BIND 205-101] Binding ...
INFO: [BIND 205-100] Finished micro-architecture generation.
INFO: [HLS 200-111]  Elapsed time: 0.184 seconds; current allocated memory: 114.964 MB.
INFO: [HLS 200-10] ----------------------------------------------------------------
INFO: [HLS 200-10] -- Generating RTL for module 'Conv' 
INFO: [HLS 200-10] ----------------------------------------------------------------
INFO: [RTGEN 206-500] Setting interface mode on port 'Conv/gmem' to 'm_axi'.
INFO: [RTGEN 206-500] Setting interface mode on port 'Conv/CHin_V' to 's_axilite & ap_none'.
INFO: [RTGEN 206-500] Setting interface mode on port 'Conv/Hin_V' to 's_axilite & ap_none'.
INFO: [RTGEN 206-500] Setting interface mode on port 'Conv/Win_V' to 's_axilite & ap_none'.
INFO: [RTGEN 206-500] Setting interface mode on port 'Conv/CHout_V' to 's_axilite & ap_none'.
INFO: [RTGEN 206-500] Setting interface mode on port 'Conv/Kx_V' to 's_axilite & ap_none'.
INFO: [RTGEN 206-500] Setting interface mode on port 'Conv/Ky_V' to 's_axilite & ap_none'.
INFO: [RTGEN 206-500] Setting interface mode on port 'Conv/Sx_V' to 's_axilite & ap_none'.
INFO: [RTGEN 206-500] Setting interface mode on port 'Conv/Sy_V' to 's_axilite & ap_none'.
INFO: [RTGEN 206-500] Setting interface mode on port 'Conv/mode_V' to 's_axilite & ap_none'.
INFO: [RTGEN 206-500] Setting interface mode on port 'Conv/relu_en_V' to 's_axilite & ap_none'.
INFO: [RTGEN 206-500] Setting interface mode on port 'Conv/feature_in' to 's_axilite & ap_none'.
INFO: [RTGEN 206-500] Setting interface mode on port 'Conv/W' to 's_axilite & ap_none'.
INFO: [RTGEN 206-500] Setting interface mode on port 'Conv/bias' to 's_axilite & ap_none'.
INFO: [RTGEN 206-500] Setting interface mode on port 'Conv/feature_out' to 's_axilite & ap_none'.
INFO: [RTGEN 206-500] Setting interface mode on function 'Conv' to 's_axilite & ap_ctrl_hs'.
INFO: [RTGEN 206-100] Bundling port 'return', 'CHin_V', 'Hin_V', 'Win_V', 'CHout_V', 'Kx_V', 'Ky_V', 'Sx_V', 'Sy_V', 'mode_V', 'relu_en_V', 'feature_in', 'W', 'bias' and 'feature_out' to AXI-Lite port AXILiteS.
INFO: [SYN 201-210] Renamed object name 'Conv_fadd_32ns_32ns_32_5_full_dsp_1' to 'Conv_fadd_32ns_32bkb' due to the length limit 20
INFO: [SYN 201-210] Renamed object name 'Conv_fmul_32ns_32ns_32_4_max_dsp_1' to 'Conv_fmul_32ns_32cud' due to the length limit 20
INFO: [SYN 201-210] Renamed object name 'Conv_fcmp_32ns_32ns_1_1_1' to 'Conv_fcmp_32ns_32dEe' due to the length limit 20
INFO: [SYN 201-210] Renamed object name 'Conv_sdiv_19s_9ns_16_23_seq_1' to 'Conv_sdiv_19s_9nseOg' due to the length limit 20
INFO: [SYN 201-210] Renamed object name 'Conv_mul_mul_16ns_16ns_32_1_1' to 'Conv_mul_mul_16nsfYi' due to the length limit 20
INFO: [SYN 201-210] Renamed object name 'Conv_mul_mul_16ns_16s_32_1_1' to 'Conv_mul_mul_16nsg8j' due to the length limit 20
INFO: [SYN 201-210] Renamed object name 'Conv_mac_muladd_16ns_16s_48ns_48_1_1' to 'Conv_mac_muladd_1hbi' due to the length limit 20
INFO: [RTGEN 206-100] Generating core module 'Conv_fadd_32ns_32bkb': 1 instance(s).
INFO: [RTGEN 206-100] Generating core module 'Conv_fcmp_32ns_32dEe': 1 instance(s).
INFO: [RTGEN 206-100] Generating core module 'Conv_fmul_32ns_32cud': 1 instance(s).
INFO: [RTGEN 206-100] Generating core module 'Conv_mac_muladd_1hbi': 1 instance(s).
INFO: [RTGEN 206-100] Generating core module 'Conv_mul_mul_16nsfYi': 2 instance(s).
INFO: [RTGEN 206-100] Generating core module 'Conv_mul_mul_16nsg8j': 1 instance(s).
INFO: [RTGEN 206-100] Generating core module 'Conv_sdiv_19s_9nseOg': 2 instance(s).
INFO: [RTGEN 206-100] Finished creating RTL model for 'Conv'.
INFO: [HLS 200-111]  Elapsed time: 0.44 seconds; current allocated memory: 117.075 MB.
INFO: [RTMG 210-282] Generating pipelined core: 'Conv_sdiv_19s_9nseOg_div'
INFO: [HLS 200-111] Finished generating all RTL models Time (s): cpu = 00:00:04 ; elapsed = 00:00:15 . Memory (MB): peak = 174.973 ; gain = 119.141
INFO: [SYSC 207-301] Generating SystemC RTL for Conv.
INFO: [VHDL 208-304] Generating VHDL RTL for Conv.
INFO: [VLOG 209-307] Generating Verilog RTL for Conv.
INFO: [HLS 200-112] Total elapsed time: 14.781 seconds; peak allocated memory: 117.075 MB.
==============================================================
File generated by Vivado(TM) HLS - High-Level Synthesis from C, C++ and SystemC
Version: 2018.2
Copyright (C) 1986-2018 Xilinx, Inc. All Rights Reserved.

==============================================================

INFO: [SYN 201-201] Setting up clock 'default' with a period of 10ns.
INFO: [HLS 200-10] Setting target device to 'xc7z020clg400-1'
INFO: [HLS 200-10] Analyzing design file 'conv_core/conv_core.cpp' ... 
INFO: [HLS 200-111] Finished Linking Time (s): cpu = 00:00:01 ; elapsed = 00:00:09 . Memory (MB): peak = 102.195 ; gain = 45.387
INFO: [HLS 200-111] Finished Checking Pragmas Time (s): cpu = 00:00:01 ; elapsed = 00:00:09 . Memory (MB): peak = 102.195 ; gain = 45.387
INFO: [HLS 200-10] Starting code transformations ...
INFO: [HLS 200-111] Finished Standard Transforms Time (s): cpu = 00:00:01 ; elapsed = 00:00:10 . Memory (MB): peak = 120.305 ; gain = 63.496
INFO: [HLS 200-10] Checking synthesizability ...
INFO: [HLS 200-111] Finished Checking Synthesizability Time (s): cpu = 00:00:01 ; elapsed = 00:00:10 . Memory (MB): peak = 129.613 ; gain = 72.805
INFO: [XFORM 203-401] Performing if-conversion on hyperblock to (conv_core/conv_core.cpp:41:16) in function 'Conv'... converting 3 basic blocks.
INFO: [HLS 200-111] Finished Pre-synthesis Time (s): cpu = 00:00:02 ; elapsed = 00:00:11 . Memory (MB): peak = 161.242 ; gain = 104.434
INFO: [HLS 200-111] Finished Architecture Synthesis Time (s): cpu = 00:00:02 ; elapsed = 00:00:11 . Memory (MB): peak = 164.004 ; gain = 107.195
INFO: [HLS 200-10] Starting hardware synthesis ...
INFO: [HLS 200-10] Synthesizing 'Conv' ...
INFO: [HLS 200-10] ----------------------------------------------------------------
INFO: [HLS 200-42] -- Implementing module 'Conv' 
INFO: [HLS 200-10] ----------------------------------------------------------------
INFO: [SCHED 204-11] Starting scheduling ...
INFO: [SCHED 204-11] Finished scheduling.
INFO: [HLS 200-111]  Elapsed time: 11.104 seconds; current allocated memory: 113.792 MB.
INFO: [HLS 200-434] Only 0 loops out of a total 6 loops have been pipelined in this design.
INFO: [BIND 205-100] Starting micro-architecture generation ...
INFO: [BIND 205-101] Performing variable lifetime analysis.
INFO: [BIND 205-101] Exploring resource sharing.
INFO: [BIND 205-101] Binding ...
INFO: [BIND 205-100] Finished micro-architecture generation.
INFO: [HLS 200-111]  Elapsed time: 0.194 seconds; current allocated memory: 114.804 MB.
INFO: [HLS 200-10] ----------------------------------------------------------------
INFO: [HLS 200-10] -- Generating RTL for module 'Conv' 
INFO: [HLS 200-10] ----------------------------------------------------------------
INFO: [RTGEN 206-500] Setting interface mode on port 'Conv/gmem' to 'm_axi'.
INFO: [RTGEN 206-500] Setting interface mode on port 'Conv/CHin_V' to 's_axilite & ap_none'.
INFO: [RTGEN 206-500] Setting interface mode on port 'Conv/Hin_V' to 's_axilite & ap_none'.
INFO: [RTGEN 206-500] Setting interface mode on port 'Conv/Win_V' to 's_axilite & ap_none'.
INFO: [RTGEN 206-500] Setting interface mode on port 'Conv/CHout_V' to 's_axilite & ap_none'.
INFO: [RTGEN 206-500] Setting interface mode on port 'Conv/Kx_V' to 's_axilite & ap_none'.
INFO: [RTGEN 206-500] Setting interface mode on port 'Conv/Ky_V' to 's_axilite & ap_none'.
INFO: [RTGEN 206-500] Setting interface mode on port 'Conv/Sx_V' to 's_axilite & ap_none'.
INFO: [RTGEN 206-500] Setting interface mode on port 'Conv/Sy_V' to 's_axilite & ap_none'.
INFO: [RTGEN 206-500] Setting interface mode on port 'Conv/mode_V' to 's_axilite & ap_none'.
INFO: [RTGEN 206-500] Setting interface mode on port 'Conv/relu_en_V' to 's_axilite & ap_none'.
INFO: [RTGEN 206-500] Setting interface mode on port 'Conv/feature_in' to 's_axilite & ap_none'.
INFO: [RTGEN 206-500] Setting interface mode on port 'Conv/W' to 's_axilite & ap_none'.
INFO: [RTGEN 206-500] Setting interface mode on port 'Conv/bias' to 's_axilite & ap_none'.
INFO: [RTGEN 206-500] Setting interface mode on port 'Conv/feature_out' to 's_axilite & ap_none'.
INFO: [RTGEN 206-500] Setting interface mode on function 'Conv' to 's_axilite & ap_ctrl_hs'.
INFO: [RTGEN 206-100] Bundling port 'return', 'CHin_V', 'Hin_V', 'Win_V', 'CHout_V', 'Kx_V', 'Ky_V', 'Sx_V', 'Sy_V', 'mode_V', 'relu_en_V', 'feature_in', 'W', 'bias' and 'feature_out' to AXI-Lite port AXILiteS.
INFO: [SYN 201-210] Renamed object name 'Conv_fadd_32ns_32ns_32_5_full_dsp_1' to 'Conv_fadd_32ns_32bkb' due to the length limit 20
INFO: [SYN 201-210] Renamed object name 'Conv_fmul_32ns_32ns_32_4_max_dsp_1' to 'Conv_fmul_32ns_32cud' due to the length limit 20
INFO: [SYN 201-210] Renamed object name 'Conv_fcmp_32ns_32ns_1_1_1' to 'Conv_fcmp_32ns_32dEe' due to the length limit 20
INFO: [SYN 201-210] Renamed object name 'Conv_sdiv_19s_9ns_16_23_seq_1' to 'Conv_sdiv_19s_9nseOg' due to the length limit 20
INFO: [SYN 201-210] Renamed object name 'Conv_mul_mul_16ns_16ns_32_1_1' to 'Conv_mul_mul_16nsfYi' due to the length limit 20
INFO: [SYN 201-210] Renamed object name 'Conv_mul_mul_16ns_16s_32_1_1' to 'Conv_mul_mul_16nsg8j' due to the length limit 20
INFO: [SYN 201-210] Renamed object name 'Conv_mac_muladd_16ns_16s_48ns_48_1_1' to 'Conv_mac_muladd_1hbi' due to the length limit 20
INFO: [RTGEN 206-100] Generating core module 'Conv_fadd_32ns_32bkb': 1 instance(s).
INFO: [RTGEN 206-100] Generating core module 'Conv_fcmp_32ns_32dEe': 1 instance(s).
INFO: [RTGEN 206-100] Generating core module 'Conv_fmul_32ns_32cud': 1 instance(s).
INFO: [RTGEN 206-100] Generating core module 'Conv_mac_muladd_1hbi': 1 instance(s).
INFO: [RTGEN 206-100] Generating core module 'Conv_mul_mul_16nsfYi': 2 instance(s).
INFO: [RTGEN 206-100] Generating core module 'Conv_mul_mul_16nsg8j': 1 instance(s).
INFO: [RTGEN 206-100] Generating core module 'Conv_sdiv_19s_9nseOg': 2 instance(s).
INFO: [RTGEN 206-100] Finished creating RTL model for 'Conv'.
INFO: [HLS 200-111]  Elapsed time: 0.428 seconds; current allocated memory: 116.944 MB.
INFO: [RTMG 210-282] Generating pipelined core: 'Conv_sdiv_19s_9nseOg_div'
INFO: [HLS 200-111] Finished generating all RTL models Time (s): cpu = 00:00:04 ; elapsed = 00:00:14 . Memory (MB): peak = 174.914 ; gain = 118.105
INFO: [SYSC 207-301] Generating SystemC RTL for Conv.
INFO: [VHDL 208-304] Generating VHDL RTL for Conv.
INFO: [VLOG 209-307] Generating Verilog RTL for Conv.
INFO: [HLS 200-112] Total elapsed time: 14.542 seconds; peak allocated memory: 116.944 MB.
==============================================================
File generated by Vivado(TM) HLS - High-Level Synthesis from C, C++ and SystemC
Version: 2018.2
Copyright (C) 1986-2018 Xilinx, Inc. All Rights Reserved.

==============================================================

INFO: [SYN 201-201] Setting up clock 'default' with a period of 10ns.
INFO: [HLS 200-10] Setting target device to 'xc7z020clg400-1'
INFO: [COSIM 212-47] Using XSIM for RTL simulation.
INFO: [COSIM 212-14] Instrumenting C test bench ...
WARNING: [COSIM 212-369] AXI_master port 'feature_in' has a depth of '1'. Insufficient depth may result in simulation mismatch or freeze.
WARNING: [COSIM 212-369] AXI_master port 'W' has a depth of '1'. Insufficient depth may result in simulation mismatch or freeze.
WARNING: [COSIM 212-369] AXI_master port 'bias' has a depth of '1'. Insufficient depth may result in simulation mismatch or freeze.
WARNING: [COSIM 212-369] AXI_master port 'feature_out' has a depth of '1'. Insufficient depth may result in simulation mismatch or freeze.
INFO: [COSIM 212-302] Starting C TB testing ... 
INFO: [COSIM 212-333] Generating C post check test bench ...
INFO: [COSIM 212-12] Generating RTL test bench ...
INFO: [COSIM 212-323] Starting verilog simulation. 
INFO: [COSIM 212-15] Starting XSIM ...
ERROR: [COSIM 212-303] Aborting co-simulation: RTL simulation failed.  
ERROR: [COSIM 212-344] Rtl simulation failed.
INFO: [COSIM 212-211] II is measurable only when transaction number is greater than 1 in RTL simulation. Otherwise, they will be marked as all NA. If user wants to calculate them, please make sure there are at least 2 transactions in RTL simulation.
==============================================================
File generated by Vivado(TM) HLS - High-Level Synthesis from C, C++ and SystemC
Version: 2018.2
Copyright (C) 1986-2018 Xilinx, Inc. All Rights Reserved.

==============================================================

INFO: [SYN 201-201] Setting up clock 'default' with a period of 10ns.
INFO: [HLS 200-10] Setting target device to 'xc7z020clg400-1'
INFO: [COSIM 212-47] Using Modelsim for RTL simulation.
INFO: [COSIM 212-14] Instrumenting C test bench ...
WARNING: [COSIM 212-369] AXI_master port 'feature_in' has a depth of '1'. Insufficient depth may result in simulation mismatch or freeze.
WARNING: [COSIM 212-369] AXI_master port 'W' has a depth of '1'. Insufficient depth may result in simulation mismatch or freeze.
WARNING: [COSIM 212-369] AXI_master port 'bias' has a depth of '1'. Insufficient depth may result in simulation mismatch or freeze.
WARNING: [COSIM 212-369] AXI_master port 'feature_out' has a depth of '1'. Insufficient depth may result in simulation mismatch or freeze.
INFO: [COSIM 212-302] Starting C TB testing ... 
INFO: [COSIM 212-333] Generating C post check test bench ...
INFO: [COSIM 212-12] Generating RTL test bench ...
INFO: [COSIM 212-323] Starting verilog simulation. 
INFO: [COSIM 212-15] Starting Modelsim ...
INFO: [COSIM 212-211] II is measurable only when transaction number is greater than 1 in RTL simulation. Otherwise, they will be marked as all NA. If user wants to calculate them, please make sure there are at least 2 transactions in RTL simulation.
==============================================================
File generated by Vivado(TM) HLS - High-Level Synthesis from C, C++ and SystemC
Version: 2018.2
Copyright (C) 1986-2018 Xilinx, Inc. All Rights Reserved.

==============================================================

INFO: [SYN 201-201] Setting up clock 'default' with a period of 10ns.
INFO: [HLS 200-10] Setting target device to 'xc7z020clg400-1'
INFO: [IMPL 213-8] Exporting RTL as a Vivado IP.
