Copyright 1986-2016 Xilinx, Inc. All Rights Reserved.
----------------------------------------------------------------------------------------
| Tool Version : Vivado v.2016.4_sdx (win64) Build 1806307 Thu Mar  9 15:24:31 MST 2017
| Date         : Thu Aug 27 18:35:18 2020
| Host         : LAPTOP-7SLKK6BV running 64-bit major release  (build 9200)
| Command      : upgrade_ip
| Device       : xc7z020clg400-1
----------------------------------------------------------------------------------------

Upgrade Log for IP 'design_1_pldma_rgbout_0_0'

1. Summary
----------

SUCCESS in the upgrade of design_1_pldma_rgbout_0_0 (xilinx.com:user:pldma_rgbout:1.0) from (Rev. 6) to (Rev. 7)






Copyright 1986-2016 Xilinx, Inc. All Rights Reserved.
----------------------------------------------------------------------------------------
| Tool Version : Vivado v.2016.4_sdx (win64) Build 1806307 Thu Mar  9 15:24:31 MST 2017
| Date         : Thu Aug 27 17:28:57 2020
| Host         : LAPTOP-7SLKK6BV running 64-bit major release  (build 9200)
| Command      : upgrade_ip
| Device       : xc7z020clg400-1
----------------------------------------------------------------------------------------

Upgrade Log for IP 'design_1_pldma_rgbout_0_0'

1. Summary
----------

SUCCESS in the upgrade of design_1_pldma_rgbout_0_0 (xilinx.com:user:pldma_rgbout:1.0) from (Rev. 5) to (Rev. 6)

