@I [HLS-0] Workspace E:/Exercise/FPGA/FPGA_CNN/01_mnist_cnn/hls/conv_core_new/solution1 opened at Sun Aug 23 16:08:38 +0800 2020
@I [HLS-100] Execute     config_clock -quiet -name default -period 10 -default=false 
@I [SYN-201] Setting up clock 'default' with a period of 10ns.
@I [HLS-100] Command     config_clock returned 0; 0.001 sec.
@I [HLS-100] Execute     open_platform DefaultPlatform 
@I [HLS-100] Command     open_platform returned 0; 0 sec.
@I [HLS-100] Execute     import_lib D:/ProgramData/Xilinx/SDx/2016.4/Vivado_HLS/common/technology/xilinx/zynq/zynq 
@I [HLS-100] Execute       source D:/ProgramData/Xilinx/SDx/2016.4/Vivado_HLS/common/technology/xilinx/common/xilinx.lib 
@I [HLS-100] Execute         source D:/ProgramData/Xilinx/SDx/2016.4/Vivado_HLS/common/technology/xilinx/interface/xilinx_interface.lib 
@I [HLS-100] Execute           source D:/ProgramData/Xilinx/SDx/2016.4/Vivado_HLS/common/technology/xilinx/interface/plb46.lib 
@I [HLS-100] Command           ap_source returned 0; 0 sec.
@I [HLS-100] Execute           source D:/ProgramData/Xilinx/SDx/2016.4/Vivado_HLS/common/technology/xilinx/interface/fsl.lib 
@I [HLS-100] Command           ap_source returned 0; 0 sec.
@I [HLS-100] Execute           source D:/ProgramData/Xilinx/SDx/2016.4/Vivado_HLS/common/technology/xilinx/interface/axi4.lib 
@I [HLS-100] Command           ap_source returned 0; 0 sec.
@I [HLS-100] Execute           source D:/ProgramData/Xilinx/SDx/2016.4/Vivado_HLS/common/technology/xilinx/interface/maxi.lib 
@I [HLS-100] Command           ap_source returned 0; 0 sec.
@I [HLS-100] Execute           source D:/ProgramData/Xilinx/SDx/2016.4/Vivado_HLS/common/technology/xilinx/interface/saxilite.lib 
@I [HLS-100] Command           ap_source returned 0; 0 sec.
@I [HLS-100] Command         ap_source returned 0; 0.003 sec.
@I [HLS-100] Execute         source D:/ProgramData/Xilinx/SDx/2016.4/Vivado_HLS/common/technology/xilinx/common/dsp48.lib 
@I [HLS-100] Command         ap_source returned 0; 0 sec.
@I [HLS-100] Execute         source D:/ProgramData/Xilinx/SDx/2016.4/Vivado_HLS/common/technology/xilinx/ip/dds_compiler.lib 
@I [HLS-100] Command         ap_source returned 0; 0.001 sec.
@I [HLS-100] Execute         source D:/ProgramData/Xilinx/SDx/2016.4/Vivado_HLS/common/technology/xilinx/ip/xfft.lib 
@I [HLS-100] Command         ap_source returned 0; 0 sec.
@I [HLS-100] Execute         source D:/ProgramData/Xilinx/SDx/2016.4/Vivado_HLS/common/technology/xilinx/ip/xfir.lib 
@I [HLS-100] Command         ap_source returned 0; 0.001 sec.
@I [HLS-100] Command       ap_source returned 0; 0.007 sec.
@I [HLS-100] Execute       source D:/ProgramData/Xilinx/SDx/2016.4/Vivado_HLS/common/technology/xilinx/common/xilinx_old.lib 
@I [HLS-100] Command       ap_source returned 0; 0.001 sec.
@I [HLS-100] Execute       source D:/ProgramData/Xilinx/SDx/2016.4/Vivado_HLS/common/technology/xilinx/common/xilinx_vivado.lib 
@I [HLS-100] Command       ap_source returned 0; 0.001 sec.
@I [HLS-100] Execute       source D:/ProgramData/Xilinx/SDx/2016.4/Vivado_HLS/common/technology/xilinx/common/xilinx.hlp 
@I [HLS-100] Execute         source D:/ProgramData/Xilinx/SDx/2016.4/Vivado_HLS/common/technology/xilinx/common/target_info.tcl 
@I [HLS-100] Command         ap_source returned 0; 0.001 sec.
@I [HLS-100] Execute         source D:/ProgramData/Xilinx/SDx/2016.4/Vivado_HLS/common/technology/xilinx/interface/xilinx_interface.hlp 
@I [HLS-100] Execute           source D:/ProgramData/Xilinx/SDx/2016.4/Vivado_HLS/common/technology/xilinx/interface/maxi.hlp 
@I [HLS-100] Command           ap_source returned 0; 0 sec.
@I [HLS-100] Execute           source D:/ProgramData/Xilinx/SDx/2016.4/Vivado_HLS/common/technology/xilinx/interface/saxilite.hlp 
@I [HLS-100] Command           ap_source returned 0; 0 sec.
@I [HLS-100] Command         ap_source returned 0; 0.001 sec.
@I [HLS-100] Execute         source D:/ProgramData/Xilinx/SDx/2016.4/Vivado_HLS/common/technology/xilinx/common/dsp48.hlp 
@I [HLS-100] Command         ap_source returned 0; 0.001 sec.
@I [HLS-100] Command       ap_source returned 0; 0.004 sec.
@I [HLS-100] Execute       source D:/ProgramData/Xilinx/SDx/2016.4/Vivado_HLS/common/technology/xilinx/zynq/dsp48e1.hlp 
@I [HLS-100] Command       ap_source returned 0; 0 sec.
@I [HLS-100] Execute       get_default_platform 
@I [HLS-100] Command       get_default_platform returned 0; 0 sec.
@I [HLS-100] Execute       config_chip_info -quiet -resource  {SLICE 13300}  {LUT 53200}     {FF 106400} {DSP48E 220}   {BRAM 280}  
@I [HLS-100] Command       config_chip_info returned 0; 0 sec.
@I [HLS-100] Execute       config_chip_info -quiet -speed medium 
@I [HLS-100] Command       config_chip_info returned 0; 0 sec.
@I [HLS-100] Command     import_lib returned 0; 0.019 sec.
@I [HLS-100] Execute     source D:/ProgramData/Xilinx/SDx/2016.4/Vivado_HLS/common/technology/xilinx/zynq/zynq.gen 
@I [HLS-100] Execute       source D:/ProgramData/Xilinx/SDx/2016.4/Vivado_HLS/common/technology/xilinx/common/virtex.gen 
@I [HLS-100] Execute         source D:/ProgramData/Xilinx/SDx/2016.4/Vivado_HLS/common/technology/xilinx/common/xilinx.gen 
@I [HLS-100] Execute           source D:/ProgramData/Xilinx/SDx/2016.4/Vivado_HLS/common/technology/xilinx/interface/plb46.gen 
@I [HLS-100] Command           ap_source returned 0; 0.001 sec.
@I [HLS-100] Execute           source D:/ProgramData/Xilinx/SDx/2016.4/Vivado_HLS/common/technology/xilinx/interface/fsl.gen 
@I [HLS-100] Command           ap_source returned 0; 0.001 sec.
@I [HLS-100] Execute           source D:/ProgramData/Xilinx/SDx/2016.4/Vivado_HLS/common/technology/xilinx/interface/axi4.gen 
@I [HLS-100] Command           ap_source returned 0; 0.002 sec.
@I [HLS-100] Execute           source D:/ProgramData/Xilinx/SDx/2016.4/Vivado_HLS/common/technology/xilinx/interface/nativeAXI4.gen 
@I [HLS-100] Execute             source D:/ProgramData/Xilinx/SDx/2016.4/Vivado_HLS/common/technology/xilinx/interface/saxilite.gen 
@I [HLS-100] Command             ap_source returned 0; 0.003 sec.
@I [HLS-100] Execute             source D:/ProgramData/Xilinx/SDx/2016.4/Vivado_HLS/common/technology/xilinx/interface/maxi.gen 
@I [HLS-100] Command             ap_source returned 0; 0.006 sec.
@I [HLS-100] Command           ap_source returned 0; 0.01 sec.
@I [HLS-100] Execute           source D:/ProgramData/Xilinx/SDx/2016.4/Vivado_HLS/common/technology/xilinx/scripts/xilinxcoregen.gen 
@I [HLS-100] Command           ap_source returned 0; 0.008 sec.
@I [HLS-100] Execute           source D:/ProgramData/Xilinx/SDx/2016.4/Vivado_HLS/common/technology/xilinx/interface/XilEDKCoreGen.gen 
@I [HLS-100] Command           ap_source returned 0; 0.007 sec.
@I [HLS-100] Execute           source D:/ProgramData/Xilinx/SDx/2016.4/Vivado_HLS/common/technology/xilinx/ip/dds_compiler.gen 
@I [HLS-100] Command           ap_source returned 0; 0.003 sec.
@I [HLS-100] Execute           source D:/ProgramData/Xilinx/SDx/2016.4/Vivado_HLS/common/technology/xilinx/ip/util.gen 
@I [HLS-100] Command           ap_source returned 0; 0 sec.
@I [HLS-100] Execute           source D:/ProgramData/Xilinx/SDx/2016.4/Vivado_HLS/common/technology/xilinx/ip/xfft.gen 
@I [HLS-100] Command           ap_source returned 0; 0.076 sec.
@I [HLS-100] Execute           source D:/ProgramData/Xilinx/SDx/2016.4/Vivado_HLS/common/technology/xilinx/ip/xfir.gen 
@I [HLS-100] Command           ap_source returned 0; 0.001 sec.
@I [HLS-100] Command         ap_source returned 0; 0.111 sec.
@I [HLS-100] Execute         source D:/ProgramData/Xilinx/SDx/2016.4/Vivado_HLS/common/technology/xilinx/common/dsp48.gen 
@I [HLS-100] Command         ap_source returned 0; 0 sec.
@I [HLS-100] Command       ap_source returned 0; 0.113 sec.
@I [HLS-100] Command     ap_source returned 0; 0.114 sec.
@I [HLS-100] Execute     open_platform DefaultPlatform 
@I [HLS-100] Command     open_platform returned 0; 0 sec.
@I [HLS-100] Execute     import_lib D:/ProgramData/Xilinx/SDx/2016.4/Vivado_HLS/common/technology/xilinx/zynq/zynq_fpv6 
@I [HLS-100] Execute       source D:/ProgramData/Xilinx/SDx/2016.4/Vivado_HLS/common/technology/xilinx/common/xilinx_fpv7.lib 
@I [HLS-100] Execute         source D:/ProgramData/Xilinx/SDx/2016.4/Vivado_HLS/common/technology/xilinx/common/xilinx_hp.lib 
@I [HLS-100] Command         ap_source returned 0; 0.001 sec.
@I [HLS-100] Command       ap_source returned 0; 0.004 sec.
@I [HLS-100] Execute       source D:/ProgramData/Xilinx/SDx/2016.4/Vivado_HLS/common/technology/xilinx/common/xilinx_fpv.hlp 
@I [HLS-100] Execute         source D:/ProgramData/Xilinx/SDx/2016.4/Vivado_HLS/common/technology/xilinx/common/xilinx.hlp 
@I [HLS-100] Execute           source D:/ProgramData/Xilinx/SDx/2016.4/Vivado_HLS/common/technology/xilinx/common/target_info.tcl 
@I [HLS-100] Command           ap_source returned 0; 0.178 sec.
@I [HLS-100] Execute           source D:/ProgramData/Xilinx/SDx/2016.4/Vivado_HLS/common/technology/xilinx/interface/xilinx_interface.hlp 
@I [HLS-100] Execute             source D:/ProgramData/Xilinx/SDx/2016.4/Vivado_HLS/common/technology/xilinx/interface/maxi.hlp 
@I [HLS-100] Command             ap_source returned 0; 0.001 sec.
@I [HLS-100] Execute             source D:/ProgramData/Xilinx/SDx/2016.4/Vivado_HLS/common/technology/xilinx/interface/saxilite.hlp 
@I [HLS-100] Command             ap_source returned 0; 0.002 sec.
@I [HLS-100] Command           ap_source returned 0; 0.006 sec.
@I [HLS-100] Execute           source D:/ProgramData/Xilinx/SDx/2016.4/Vivado_HLS/common/technology/xilinx/common/dsp48.hlp 
@I [HLS-100] Command           ap_source returned 0; 0.003 sec.
@I [HLS-100] Command         ap_source returned 0; 0.19 sec.
@I [HLS-100] Command       ap_source returned 0; 0.191 sec.
@I [HLS-100] Execute       source D:/ProgramData/Xilinx/SDx/2016.4/Vivado_HLS/common/technology/xilinx/zynq/zynq_hp.hlp 
@I [HLS-100] Command       ap_source returned 0; 0.001 sec.
@I [HLS-100] Command     import_lib returned 0; 0.204 sec.
@I [HLS-100] Execute     source D:/ProgramData/Xilinx/SDx/2016.4/Vivado_HLS/common/technology/xilinx/zynq/zynq_fpv6.gen 
@I [HLS-100] Execute       source D:/ProgramData/Xilinx/SDx/2016.4/Vivado_HLS/common/technology/xilinx/common/xilinx_fpv6.gen 
@I [HLS-100] Command       ap_source returned 0; 0.001 sec.
@I [HLS-100] Command     ap_source returned 0; 0.002 sec.
@I [HLS-100] Execute     set_part xc7z020clg400-1 
@I [HLS-100] Execute       add_library xilinx/zynq/zynq:xc7z020:clg400:-1 
@I [HLS-100] Execute         get_default_platform 
@I [HLS-100] Command         get_default_platform returned 0; 0 sec.
@I [HLS-100] Execute         license_isbetapart xc7z020 
@I [HLS-100] Command         license_isbetapart returned 1; 0.016 sec.
@I [HLS-100] Execute         get_default_platform 
@I [HLS-100] Command         get_default_platform returned 0; 0 sec.
@I [HLS-100] Execute         config_chip_info -quiet -resource  {SLICE 13300}  {LUT 53200}     {FF 106400} {DSP48E 220}   {BRAM 280}  
@I [HLS-100] Command         config_chip_info returned 0; 0 sec.
@I [HLS-100] Execute         config_chip_info -quiet -speed slow 
@I [HLS-100] Command         config_chip_info returned 0; 0 sec.
@I [HLS-100] Command       add_library returned 0; 0.03 sec.
@I [HLS-100] Execute       add_library xilinx/zynq/zynq_fpv6 
@I [HLS-100] Execute         get_default_platform 
@I [HLS-100] Command         get_default_platform returned 0; 0 sec.
@I [HLS-100] Command       add_library returned 0; 0.002 sec.
@I [HLS-10] Setting target device to 'xc7z020clg400-1'
@I [HLS-100] Command     set_part returned 0; 0.034 sec.
@I [HLS-100] Execute     get_default_platform 
@I [HLS-100] Command     get_default_platform returned 0; 0 sec.
@I [HLS-100] Execute     config_chip_info -quiet -resource  {SLICE 13300}  {LUT 53200}     {FF 106400} {DSP48E 220}   {BRAM 280}  
@I [HLS-100] Command     config_chip_info returned 0; 0 sec.
@I [HLS-100] Execute     config_chip_info -quiet -speed slow 
@I [HLS-100] Command     config_chip_info returned 0; 0 sec.
@I [HLS-100] Command   open_solution returned 0; 0.581 sec.
@I [HLS-100] Execute   export_design -rtl verilog -format ip_catalog 
@I [HLS-100] Execute     source E:/Exercise/FPGA/FPGA_CNN/01_mnist_cnn/hls/conv_core_new/solution1/.autopilot/db/global.setting.tcl 
@I [HLS-100] Command     ap_source returned 0; 0.188 sec.
@I [HLS-100] Execute     source D:/ProgramData/Xilinx/SDx/2016.4/Vivado_HLS/common/technology/generic/autopilot/common.gen 
@I [HLS-100] Execute       source D:/ProgramData/Xilinx/SDx/2016.4/Vivado_HLS/common/technology/generic/autopilot/APCoreGen.gen 
@I [HLS-100] Command       ap_source returned 0; 0 sec.
@I [HLS-100] Command     ap_source returned 0; 0.002 sec.
@I [HLS-100] Execute     source D:/ProgramData/Xilinx/SDx/2016.4/Vivado_HLS/common/technology/generic/autopilot/op.gen 
@I [HLS-100] Command     ap_source returned 0; 0 sec.
@I [HLS-100] Execute     source D:/ProgramData/Xilinx/SDx/2016.4/Vivado_HLS/common/technology/generic/autopilot/op_simcore.gen 
@I [HLS-100] Command     ap_source returned 0; 0.001 sec.
@I [HLS-100] Execute     source D:/ProgramData/Xilinx/SDx/2016.4/Vivado_HLS/common/technology/generic/autopilot/interface.gen 
@I [HLS-100] Command     ap_source returned 0; 0 sec.
@I [HLS-100] Execute     source E:/Exercise/FPGA/FPGA_CNN/01_mnist_cnn/hls/conv_core_new/solution1/.autopilot/db/global.setting.tcl 
@I [HLS-100] Command     ap_source returned 0; 0.001 sec.
@I [HLS-100] Execute     source D:/ProgramData/Xilinx/SDx/2016.4/Vivado_HLS/common/technology/xilinx/zynq/zynq.gen 
@I [HLS-100] Execute       source D:/ProgramData/Xilinx/SDx/2016.4/Vivado_HLS/common/technology/xilinx/common/virtex.gen 
@I [HLS-100] Execute         source D:/ProgramData/Xilinx/SDx/2016.4/Vivado_HLS/common/technology/xilinx/common/xilinx.gen 
@I [HLS-100] Execute           source D:/ProgramData/Xilinx/SDx/2016.4/Vivado_HLS/common/technology/xilinx/interface/plb46.gen 
@I [HLS-100] Command           ap_source returned 0; 0.002 sec.
@I [HLS-100] Execute           source D:/ProgramData/Xilinx/SDx/2016.4/Vivado_HLS/common/technology/xilinx/interface/fsl.gen 
@I [HLS-100] Command           ap_source returned 0; 0 sec.
@I [HLS-100] Execute           source D:/ProgramData/Xilinx/SDx/2016.4/Vivado_HLS/common/technology/xilinx/interface/axi4.gen 
@I [HLS-100] Command           ap_source returned 0; 0.002 sec.
@I [HLS-100] Execute           source D:/ProgramData/Xilinx/SDx/2016.4/Vivado_HLS/common/technology/xilinx/interface/nativeAXI4.gen 
@I [HLS-100] Execute             source D:/ProgramData/Xilinx/SDx/2016.4/Vivado_HLS/common/technology/xilinx/interface/saxilite.gen 
@I [HLS-100] Command             ap_source returned 0; 0.003 sec.
@I [HLS-100] Execute             source D:/ProgramData/Xilinx/SDx/2016.4/Vivado_HLS/common/technology/xilinx/interface/maxi.gen 
@I [HLS-100] Command             ap_source returned 0; 0.007 sec.
@I [HLS-100] Command           ap_source returned 0; 0.011 sec.
@I [HLS-100] Execute           source D:/ProgramData/Xilinx/SDx/2016.4/Vivado_HLS/common/technology/xilinx/scripts/xilinxcoregen.gen 
@I [HLS-100] Command           ap_source returned 0; 0.008 sec.
@I [HLS-100] Execute           source D:/ProgramData/Xilinx/SDx/2016.4/Vivado_HLS/common/technology/xilinx/interface/XilEDKCoreGen.gen 
@I [HLS-100] Command           ap_source returned 0; 0.008 sec.
@I [HLS-100] Execute           source D:/ProgramData/Xilinx/SDx/2016.4/Vivado_HLS/common/technology/xilinx/ip/dds_compiler.gen 
@I [HLS-100] Command           ap_source returned 0; 0.003 sec.
@I [HLS-100] Execute           source D:/ProgramData/Xilinx/SDx/2016.4/Vivado_HLS/common/technology/xilinx/ip/util.gen 
@I [HLS-100] Command           ap_source returned 0; 0 sec.
@I [HLS-100] Execute           source D:/ProgramData/Xilinx/SDx/2016.4/Vivado_HLS/common/technology/xilinx/ip/xfft.gen 
@I [HLS-100] Command           ap_source returned 0; 0.069 sec.
@I [HLS-100] Execute           source D:/ProgramData/Xilinx/SDx/2016.4/Vivado_HLS/common/technology/xilinx/ip/xfir.gen 
@I [HLS-100] Command           ap_source returned 0; 0.001 sec.
@I [HLS-100] Command         ap_source returned 0; 0.104 sec.
@I [HLS-100] Execute         source D:/ProgramData/Xilinx/SDx/2016.4/Vivado_HLS/common/technology/xilinx/common/dsp48.gen 
@I [HLS-100] Command         ap_source returned 0; 0.001 sec.
@I [HLS-100] Command       ap_source returned 0; 0.107 sec.
@I [HLS-100] Command     ap_source returned 0; 0.107 sec.
@I [HLS-100] Execute     source D:/ProgramData/Xilinx/SDx/2016.4/Vivado_HLS/common/technology/xilinx/zynq/zynq_fpv6.gen 
@I [HLS-100] Execute       source D:/ProgramData/Xilinx/SDx/2016.4/Vivado_HLS/common/technology/xilinx/common/xilinx_fpv6.gen 
@I [HLS-100] Command       ap_source returned 0; 0.002 sec.
@I [HLS-100] Command     ap_source returned 0; 0.002 sec.
@I [HLS-100] Execute     source E:/Exercise/FPGA/FPGA_CNN/01_mnist_cnn/hls/conv_core_new/solution1/.autopilot/db/global.setting.tcl 
@I [HLS-100] Command     ap_source returned 0; 0.003 sec.
@I [IMPL-8] Exporting RTL as an IP in IP-XACT.
@I [HLS-100] Execute     source E:/Exercise/FPGA/FPGA_CNN/01_mnist_cnn/hls/conv_core_new/solution1/.autopilot/db/global.setting.tcl 
@I [HLS-100] Command     ap_source returned 0; 0.001 sec.
@I [HLS-100] Execute     source E:/Exercise/FPGA/FPGA_CNN/01_mnist_cnn/hls/conv_core_new/solution1/.autopilot/db/global.setting.tcl 
@I [HLS-100] Command     ap_source returned 0; 0.001 sec.
@I [HLS-100] Execute     source D:/ProgramData/Xilinx/SDx/2016.4/Vivado_HLS/common/technology/generic/autopilot/common.gen 
@I [HLS-100] Execute       source D:/ProgramData/Xilinx/SDx/2016.4/Vivado_HLS/common/technology/generic/autopilot/APCoreGen.gen 
@I [HLS-100] Command       ap_source returned 0; 0.001 sec.
@I [HLS-100] Command     ap_source returned 0; 0.002 sec.
@I [HLS-100] Execute     source D:/ProgramData/Xilinx/SDx/2016.4/Vivado_HLS/common/technology/generic/autopilot/op.gen 
@I [HLS-100] Command     ap_source returned 0; 0 sec.
@I [HLS-100] Execute     source D:/ProgramData/Xilinx/SDx/2016.4/Vivado_HLS/common/technology/generic/autopilot/op_simcore.gen 
@I [HLS-100] Command     ap_source returned 0; 0.001 sec.
@I [HLS-100] Execute     source D:/ProgramData/Xilinx/SDx/2016.4/Vivado_HLS/common/technology/generic/autopilot/interface.gen 
@I [HLS-100] Command     ap_source returned 0; 0.001 sec.
@I [HLS-100] Execute     source E:/Exercise/FPGA/FPGA_CNN/01_mnist_cnn/hls/conv_core_new/solution1/.autopilot/db/global.setting.tcl 
@I [HLS-100] Command     ap_source returned 0; 0 sec.
@I [HLS-100] Execute     source D:/ProgramData/Xilinx/SDx/2016.4/Vivado_HLS/common/technology/xilinx/zynq/zynq.gen 
@I [HLS-100] Execute       source D:/ProgramData/Xilinx/SDx/2016.4/Vivado_HLS/common/technology/xilinx/common/virtex.gen 
@I [HLS-100] Execute         source D:/ProgramData/Xilinx/SDx/2016.4/Vivado_HLS/common/technology/xilinx/common/xilinx.gen 
@I [HLS-100] Execute           source D:/ProgramData/Xilinx/SDx/2016.4/Vivado_HLS/common/technology/xilinx/interface/plb46.gen 
@I [HLS-100] Command           ap_source returned 0; 0.001 sec.
@I [HLS-100] Execute           source D:/ProgramData/Xilinx/SDx/2016.4/Vivado_HLS/common/technology/xilinx/interface/fsl.gen 
@I [HLS-100] Command           ap_source returned 0; 0.001 sec.
@I [HLS-100] Execute           source D:/ProgramData/Xilinx/SDx/2016.4/Vivado_HLS/common/technology/xilinx/interface/axi4.gen 
@I [HLS-100] Command           ap_source returned 0; 0.001 sec.
@I [HLS-100] Execute           source D:/ProgramData/Xilinx/SDx/2016.4/Vivado_HLS/common/technology/xilinx/interface/nativeAXI4.gen 
@I [HLS-100] Execute             source D:/ProgramData/Xilinx/SDx/2016.4/Vivado_HLS/common/technology/xilinx/interface/saxilite.gen 
@I [HLS-100] Command             ap_source returned 0; 0.003 sec.
@I [HLS-100] Execute             source D:/ProgramData/Xilinx/SDx/2016.4/Vivado_HLS/common/technology/xilinx/interface/maxi.gen 
@I [HLS-100] Command             ap_source returned 0; 0.005 sec.
@I [HLS-100] Command           ap_source returned 0; 0.009 sec.
@I [HLS-100] Execute           source D:/ProgramData/Xilinx/SDx/2016.4/Vivado_HLS/common/technology/xilinx/scripts/xilinxcoregen.gen 
@I [HLS-100] Command           ap_source returned 0; 0.008 sec.
@I [HLS-100] Execute           source D:/ProgramData/Xilinx/SDx/2016.4/Vivado_HLS/common/technology/xilinx/interface/XilEDKCoreGen.gen 
@I [HLS-100] Command           ap_source returned 0; 0.007 sec.
@I [HLS-100] Execute           source D:/ProgramData/Xilinx/SDx/2016.4/Vivado_HLS/common/technology/xilinx/ip/dds_compiler.gen 
@I [HLS-100] Command           ap_source returned 0; 0.001 sec.
@I [HLS-100] Execute           source D:/ProgramData/Xilinx/SDx/2016.4/Vivado_HLS/common/technology/xilinx/ip/util.gen 
@I [HLS-100] Command           ap_source returned 0; 0.001 sec.
@I [HLS-100] Execute           source D:/ProgramData/Xilinx/SDx/2016.4/Vivado_HLS/common/technology/xilinx/ip/xfft.gen 
@I [HLS-100] Command           ap_source returned 0; 0.072 sec.
@I [HLS-100] Execute           source D:/ProgramData/Xilinx/SDx/2016.4/Vivado_HLS/common/technology/xilinx/ip/xfir.gen 
@I [HLS-100] Command           ap_source returned 0; 0.001 sec.
@I [HLS-100] Command         ap_source returned 0; 0.103 sec.
@I [HLS-100] Execute         source D:/ProgramData/Xilinx/SDx/2016.4/Vivado_HLS/common/technology/xilinx/common/dsp48.gen 
@I [HLS-100] Command         ap_source returned 0; 0 sec.
@I [HLS-100] Command       ap_source returned 0; 0.105 sec.
@I [HLS-100] Command     ap_source returned 0; 0.105 sec.
@I [HLS-100] Execute     source D:/ProgramData/Xilinx/SDx/2016.4/Vivado_HLS/common/technology/xilinx/zynq/zynq_fpv6.gen 
@I [HLS-100] Execute       source D:/ProgramData/Xilinx/SDx/2016.4/Vivado_HLS/common/technology/xilinx/common/xilinx_fpv6.gen 
@I [HLS-100] Command       ap_source returned 0; 0.001 sec.
@I [HLS-100] Command     ap_source returned 0; 0.001 sec.
@I [HLS-100] Execute     source E:/Exercise/FPGA/FPGA_CNN/01_mnist_cnn/hls/conv_core_new/solution1/.autopilot/db/global.setting.tcl 
@I [HLS-100] Command     ap_source returned 0; 0.004 sec.
@I [HLS-100] Execute     source E:/Exercise/FPGA/FPGA_CNN/01_mnist_cnn/hls/conv_core_new/solution1/.autopilot/db/global.setting.tcl 
@I [HLS-100] Command     ap_source returned 0; 0.003 sec.
@I [HLS-100] Execute     source E:/Exercise/FPGA/FPGA_CNN/01_mnist_cnn/hls/conv_core_new/solution1/.autopilot/db/Conv.compgen.tcl 
@I [HLS-100] Command     ap_source returned 0; 0.045 sec.
@I [HLS-100] Execute     source E:/Exercise/FPGA/FPGA_CNN/01_mnist_cnn/hls/conv_core_new/solution1/.autopilot/db/global.setting.tcl 
@I [HLS-100] Command     ap_source returned 0; 0.001 sec.
@I [HLS-100] Execute     source E:/Exercise/FPGA/FPGA_CNN/01_mnist_cnn/hls/conv_core_new/solution1/.autopilot/db/global.setting.tcl 
@I [HLS-100] Command     ap_source returned 0; 0 sec.
@I [HLS-100] Execute     source E:/Exercise/FPGA/FPGA_CNN/01_mnist_cnn/hls/conv_core_new/solution1/.autopilot/db/Conv.compgen.tcl 
@I [HLS-100] Execute       source E:/Exercise/FPGA/FPGA_CNN/01_mnist_cnn/hls/conv_core_new/solution1/.autopilot/db/Conv.rtl_wrap.cfg.tcl 
@I [HLS-100] Command       ap_source returned 0; 0.001 sec.
@I [HLS-100] Execute       source E:/Exercise/FPGA/FPGA_CNN/01_mnist_cnn/hls/conv_core_new/solution1/.autopilot/db/Conv.rtl_wrap.cfg.tcl 
@I [HLS-100] Command       ap_source returned 0; 0.001 sec.
@I [HLS-100] Execute       source E:/Exercise/FPGA/FPGA_CNN/01_mnist_cnn/hls/conv_core_new/solution1/.autopilot/db/Conv.rtl_wrap.cfg.tcl 
@I [HLS-100] Command       ap_source returned 0; 0.001 sec.
@I [HLS-100] Execute       source E:/Exercise/FPGA/FPGA_CNN/01_mnist_cnn/hls/conv_core_new/solution1/.autopilot/db/Conv.tbgen.tcl 
@I [HLS-100] Command       ap_source returned 0; 0.001 sec.
@I [HLS-100] Execute       source E:/Exercise/FPGA/FPGA_CNN/01_mnist_cnn/hls/conv_core_new/solution1/.autopilot/db/Conv.tbgen.tcl 
@I [HLS-100] Command       ap_source returned 0; 0.001 sec.
@I [HLS-100] Command     ap_source returned 0; 0.077 sec.
@I [HLS-100] Execute     source E:/Exercise/FPGA/FPGA_CNN/01_mnist_cnn/hls/conv_core_new/solution1/.autopilot/db/global.setting.tcl 
@I [HLS-100] Command     ap_source returned 0; 0.001 sec.
@I [HLS-100] Execute     source E:/Exercise/FPGA/FPGA_CNN/01_mnist_cnn/hls/conv_core_new/solution1/.autopilot/db/global.setting.tcl 
@I [HLS-100] Command     ap_source returned 0; 0 sec.
@I [HLS-100] Execute     source E:/Exercise/FPGA/FPGA_CNN/01_mnist_cnn/hls/conv_core_new/solution1/.autopilot/db/Conv.compgen.tcl 
@I [HLS-100] Command     ap_source returned 0; 0.12 sec.
@I [HLS-100] Execute     source E:/Exercise/FPGA/FPGA_CNN/01_mnist_cnn/hls/conv_core_new/solution1/.autopilot/db/global.setting.tcl 
@I [HLS-100] Command     ap_source returned 0; 0.001 sec.
@I [HLS-100] Execute     source E:/Exercise/FPGA/FPGA_CNN/01_mnist_cnn/hls/conv_core_new/solution1/.autopilot/db/Conv.constraint.tcl 
@I [HLS-100] Command     ap_source returned 0; 0.001 sec.
@I [HLS-100] Execute     source E:/Exercise/FPGA/FPGA_CNN/01_mnist_cnn/hls/conv_core_new/solution1/.autopilot/db/global.setting.tcl 
@I [HLS-100] Command     ap_source returned 0; 0.001 sec.
@I [HLS-100] Execute     source E:/Exercise/FPGA/FPGA_CNN/01_mnist_cnn/hls/conv_core_new/solution1/.autopilot/db/Conv.rtl_wrap.cfg.tcl 
@I [HLS-100] Command     ap_source returned 0; 0.001 sec.
@I [HLS-100] Execute     source E:/Exercise/FPGA/FPGA_CNN/01_mnist_cnn/hls/conv_core_new/solution1/.autopilot/db/Conv.rtl_wrap.cfg.tcl 
@I [HLS-100] Command     ap_source returned 0; 0.001 sec.
@I [HLS-100] Execute     source E:/Exercise/FPGA/FPGA_CNN/01_mnist_cnn/hls/conv_core_new/solution1/.autopilot/db/Conv.rtl_wrap.cfg.tcl 
@I [HLS-100] Command     ap_source returned 0; 0.001 sec.
@I [HLS-100] Execute     source E:/Exercise/FPGA/FPGA_CNN/01_mnist_cnn/hls/conv_core_new/solution1/.autopilot/db/Conv.tbgen.tcl 
@I [HLS-100] Command     ap_source returned 0; 0.001 sec.
@I [HLS-100] Execute     source E:/Exercise/FPGA/FPGA_CNN/01_mnist_cnn/hls/conv_core_new/solution1/.autopilot/db/Conv.tbgen.tcl 
@I [HLS-100] Command     ap_source returned 0; 0.001 sec.
@I [HLS-100] Execute     source E:/Exercise/FPGA/FPGA_CNN/01_mnist_cnn/hls/conv_core_new/solution1/.autopilot/db/Conv.tbgen.tcl 
@I [HLS-100] Command     ap_source returned 0; 0.001 sec.
@I [HLS-100] Execute     source E:/Exercise/FPGA/FPGA_CNN/01_mnist_cnn/hls/conv_core_new/solution1/.autopilot/db/global.setting.tcl 
@I [HLS-100] Command     ap_source returned 0; 0.001 sec.
@I [HLS-100] Execute     source E:/Exercise/FPGA/FPGA_CNN/01_mnist_cnn/hls/conv_core_new/solution1/.autopilot/db/global.setting.tcl 
@I [HLS-100] Command     ap_source returned 0; 0 sec.
@I [HLS-100] Execute     source E:/Exercise/FPGA/FPGA_CNN/01_mnist_cnn/hls/conv_core_new/solution1/.autopilot/db/global.setting.tcl 
@I [HLS-100] Command     ap_source returned 0; 0 sec.
@I [HLS-100] Execute     source E:/Exercise/FPGA/FPGA_CNN/01_mnist_cnn/hls/conv_core_new/solution1/.autopilot/db/Conv.rtl_wrap.cfg.tcl 
@I [HLS-100] Command     ap_source returned 0; 0.001 sec.
@I [HLS-100] Execute     source E:/Exercise/FPGA/FPGA_CNN/01_mnist_cnn/hls/conv_core_new/solution1/.autopilot/db/Conv.rtl_wrap.cfg.tcl 
@I [HLS-100] Command     ap_source returned 0; 0.001 sec.
@I [HLS-100] Execute     source E:/Exercise/FPGA/FPGA_CNN/01_mnist_cnn/hls/conv_core_new/solution1/.autopilot/db/Conv.tbgen.tcl 
@I [HLS-100] Command     ap_source returned 0; 0.001 sec.
@I [HLS-100] Execute     source E:/Exercise/FPGA/FPGA_CNN/01_mnist_cnn/hls/conv_core_new/solution1/.autopilot/db/Conv.tbgen.tcl 
@I [HLS-100] Command     ap_source returned 0; 0.001 sec.
@I [HLS-100] Execute     source E:/Exercise/FPGA/FPGA_CNN/01_mnist_cnn/hls/conv_core_new/solution1/.autopilot/db/Conv.rtl_wrap.cfg.tcl 
@I [HLS-100] Command     ap_source returned 0; 0.001 sec.
@I [HLS-100] Execute     source E:/Exercise/FPGA/FPGA_CNN/01_mnist_cnn/hls/conv_core_new/solution1/.autopilot/db/Conv.rtl_wrap.cfg.tcl 
@I [HLS-100] Command     ap_source returned 0; 0.001 sec.
@I [HLS-100] Execute     source E:/Exercise/FPGA/FPGA_CNN/01_mnist_cnn/hls/conv_core_new/solution1/.autopilot/db/Conv.tbgen.tcl 
@I [HLS-100] Command     ap_source returned 0; 0.001 sec.
@I [HLS-100] Execute     source E:/Exercise/FPGA/FPGA_CNN/01_mnist_cnn/hls/conv_core_new/solution1/.autopilot/db/Conv.tbgen.tcl 
@I [HLS-100] Command     ap_source returned 0; 0.001 sec.
@I [HLS-100] Execute     source E:/Exercise/FPGA/FPGA_CNN/01_mnist_cnn/hls/conv_core_new/solution1/.autopilot/db/global.setting.tcl 
@I [HLS-100] Command     ap_source returned 0; 0.196 sec.
@I [HLS-100] Execute     source E:/Exercise/FPGA/FPGA_CNN/01_mnist_cnn/hls/conv_core_new/solution1/.autopilot/db/global.setting.tcl 
@I [HLS-100] Command     ap_source returned 0; 0 sec.
@I [HLS-100] Execute     source E:/Exercise/FPGA/FPGA_CNN/01_mnist_cnn/hls/conv_core_new/solution1/.autopilot/db/Conv.constraint.tcl 
@I [HLS-100] Command     ap_source returned 0; 0.001 sec.
@I [HLS-100] Execute     source E:/Exercise/FPGA/FPGA_CNN/01_mnist_cnn/hls/conv_core_new/solution1/.autopilot/db/global.setting.tcl 
@I [HLS-100] Command     ap_source returned 0; 0 sec.
@I [HLS-100] Execute     source E:/Exercise/FPGA/FPGA_CNN/01_mnist_cnn/hls/conv_core_new/solution1/.autopilot/db/global.setting.tcl 
@I [HLS-100] Command     ap_source returned 0; 0 sec.
@I [HLS-100] Execute     source E:/Exercise/FPGA/FPGA_CNN/01_mnist_cnn/hls/conv_core_new/solution1/.autopilot/db/Conv.constraint.tcl 
@I [HLS-100] Command     ap_source returned 0; 0 sec.
@I [HLS-100] Execute     source E:/Exercise/FPGA/FPGA_CNN/01_mnist_cnn/hls/conv_core_new/solution1/.autopilot/db/global.setting.tcl 
@I [HLS-100] Command     ap_source returned 0; 0.001 sec.
@I [HLS-100] Execute     source E:/Exercise/FPGA/FPGA_CNN/01_mnist_cnn/hls/conv_core_new/solution1/.autopilot/db/Conv.constraint.tcl 
@I [HLS-100] Command     ap_source returned 0; 0 sec.
@I [HLS-100] Execute     source E:/Exercise/FPGA/FPGA_CNN/01_mnist_cnn/hls/conv_core_new/solution1/.autopilot/db/global.setting.tcl 
@I [HLS-100] Command     ap_source returned 0; 0.001 sec.
@I [HLS-100] Execute     source D:/ProgramData/Xilinx/SDx/2016.4/Vivado_HLS/common/technology/generic/autopilot/common.gen 
@I [HLS-100] Execute       source D:/ProgramData/Xilinx/SDx/2016.4/Vivado_HLS/common/technology/generic/autopilot/APCoreGen.gen 
@I [HLS-100] Command       ap_source returned 0; 0.001 sec.
@I [HLS-100] Command     ap_source returned 0; 0.002 sec.
@I [HLS-100] Execute     source D:/ProgramData/Xilinx/SDx/2016.4/Vivado_HLS/common/technology/generic/autopilot/op.gen 
@I [HLS-100] Command     ap_source returned 0; 0 sec.
@I [HLS-100] Execute     source D:/ProgramData/Xilinx/SDx/2016.4/Vivado_HLS/common/technology/generic/autopilot/op_simcore.gen 
@I [HLS-100] Command     ap_source returned 0; 0.001 sec.
@I [HLS-100] Execute     source D:/ProgramData/Xilinx/SDx/2016.4/Vivado_HLS/common/technology/generic/autopilot/interface.gen 
@I [HLS-100] Command     ap_source returned 0; 0.001 sec.
@I [HLS-100] Execute     source E:/Exercise/FPGA/FPGA_CNN/01_mnist_cnn/hls/conv_core_new/solution1/.autopilot/db/global.setting.tcl 
@I [HLS-100] Command     ap_source returned 0; 0 sec.
@I [HLS-100] Execute     source D:/ProgramData/Xilinx/SDx/2016.4/Vivado_HLS/common/technology/xilinx/zynq/zynq.gen 
@I [HLS-100] Execute       source D:/ProgramData/Xilinx/SDx/2016.4/Vivado_HLS/common/technology/xilinx/common/virtex.gen 
@I [HLS-100] Execute         source D:/ProgramData/Xilinx/SDx/2016.4/Vivado_HLS/common/technology/xilinx/common/xilinx.gen 
@I [HLS-100] Execute           source D:/ProgramData/Xilinx/SDx/2016.4/Vivado_HLS/common/technology/xilinx/interface/plb46.gen 
@I [HLS-100] Command           ap_source returned 0; 0.001 sec.
@I [HLS-100] Execute           source D:/ProgramData/Xilinx/SDx/2016.4/Vivado_HLS/common/technology/xilinx/interface/fsl.gen 
@I [HLS-100] Command           ap_source returned 0; 0 sec.
@I [HLS-100] Execute           source D:/ProgramData/Xilinx/SDx/2016.4/Vivado_HLS/common/technology/xilinx/interface/axi4.gen 
@I [HLS-100] Command           ap_source returned 0; 0.002 sec.
@I [HLS-100] Execute           source D:/ProgramData/Xilinx/SDx/2016.4/Vivado_HLS/common/technology/xilinx/interface/nativeAXI4.gen 
@I [HLS-100] Execute             source D:/ProgramData/Xilinx/SDx/2016.4/Vivado_HLS/common/technology/xilinx/interface/saxilite.gen 
@I [HLS-100] Command             ap_source returned 0; 0.003 sec.
@I [HLS-100] Execute             source D:/ProgramData/Xilinx/SDx/2016.4/Vivado_HLS/common/technology/xilinx/interface/maxi.gen 
@I [HLS-100] Command             ap_source returned 0; 0.007 sec.
@I [HLS-100] Command           ap_source returned 0; 0.011 sec.
@I [HLS-100] Execute           source D:/ProgramData/Xilinx/SDx/2016.4/Vivado_HLS/common/technology/xilinx/scripts/xilinxcoregen.gen 
@I [HLS-100] Command           ap_source returned 0; 0.008 sec.
@I [HLS-100] Execute           source D:/ProgramData/Xilinx/SDx/2016.4/Vivado_HLS/common/technology/xilinx/interface/XilEDKCoreGen.gen 
@I [HLS-100] Command           ap_source returned 0; 0.007 sec.
@I [HLS-100] Execute           source D:/ProgramData/Xilinx/SDx/2016.4/Vivado_HLS/common/technology/xilinx/ip/dds_compiler.gen 
@I [HLS-100] Command           ap_source returned 0; 0.003 sec.
@I [HLS-100] Execute           source D:/ProgramData/Xilinx/SDx/2016.4/Vivado_HLS/common/technology/xilinx/ip/util.gen 
@I [HLS-100] Command           ap_source returned 0; 0 sec.
@I [HLS-100] Execute           source D:/ProgramData/Xilinx/SDx/2016.4/Vivado_HLS/common/technology/xilinx/ip/xfft.gen 
@I [HLS-100] Command           ap_source returned 0; 0.07 sec.
@I [HLS-100] Execute           source D:/ProgramData/Xilinx/SDx/2016.4/Vivado_HLS/common/technology/xilinx/ip/xfir.gen 
@I [HLS-100] Command           ap_source returned 0; 0.001 sec.
@I [HLS-100] Command         ap_source returned 0; 0.103 sec.
@I [HLS-100] Execute         source D:/ProgramData/Xilinx/SDx/2016.4/Vivado_HLS/common/technology/xilinx/common/dsp48.gen 
@I [HLS-100] Command         ap_source returned 0; 0 sec.
@I [HLS-100] Command       ap_source returned 0; 0.106 sec.
@I [HLS-100] Command     ap_source returned 0; 0.106 sec.
@I [HLS-100] Execute     source D:/ProgramData/Xilinx/SDx/2016.4/Vivado_HLS/common/technology/xilinx/zynq/zynq_fpv6.gen 
@I [HLS-100] Execute       source D:/ProgramData/Xilinx/SDx/2016.4/Vivado_HLS/common/technology/xilinx/common/xilinx_fpv6.gen 
@I [HLS-100] Command       ap_source returned 0; 0.002 sec.
@I [HLS-100] Command     ap_source returned 0; 0.002 sec.
@I [HLS-100] Execute     source E:/Exercise/FPGA/FPGA_CNN/01_mnist_cnn/hls/conv_core_new/solution1/.autopilot/db/global.setting.tcl 
@I [HLS-100] Command     ap_source returned 0; 0.001 sec.
@I [HLS-100] Execute     source D:/ProgramData/Xilinx/SDx/2016.4/Vivado_HLS/common/technology/generic/autopilot/common.gen 
@I [HLS-100] Execute       source D:/ProgramData/Xilinx/SDx/2016.4/Vivado_HLS/common/technology/generic/autopilot/APCoreGen.gen 
@I [HLS-100] Command       ap_source returned 0; 0.001 sec.
@I [HLS-100] Command     ap_source returned 0; 0.001 sec.
@I [HLS-100] Execute     source D:/ProgramData/Xilinx/SDx/2016.4/Vivado_HLS/common/technology/generic/autopilot/op.gen 
@I [HLS-100] Command     ap_source returned 0; 0.001 sec.
@I [HLS-100] Execute     source D:/ProgramData/Xilinx/SDx/2016.4/Vivado_HLS/common/technology/generic/autopilot/op_simcore.gen 
@I [HLS-100] Command     ap_source returned 0; 0.001 sec.
@I [HLS-100] Execute     source D:/ProgramData/Xilinx/SDx/2016.4/Vivado_HLS/common/technology/generic/autopilot/interface.gen 
@I [HLS-100] Command     ap_source returned 0; 0 sec.
@I [HLS-100] Execute     source E:/Exercise/FPGA/FPGA_CNN/01_mnist_cnn/hls/conv_core_new/solution1/.autopilot/db/global.setting.tcl 
@I [HLS-100] Command     ap_source returned 0; 0 sec.
@I [HLS-100] Execute     source D:/ProgramData/Xilinx/SDx/2016.4/Vivado_HLS/common/technology/xilinx/zynq/zynq.gen 
@I [HLS-100] Execute       source D:/ProgramData/Xilinx/SDx/2016.4/Vivado_HLS/common/technology/xilinx/common/virtex.gen 
@I [HLS-100] Execute         source D:/ProgramData/Xilinx/SDx/2016.4/Vivado_HLS/common/technology/xilinx/common/xilinx.gen 
@I [HLS-100] Execute           source D:/ProgramData/Xilinx/SDx/2016.4/Vivado_HLS/common/technology/xilinx/interface/plb46.gen 
@I [HLS-100] Command           ap_source returned 0; 0.001 sec.
@I [HLS-100] Execute           source D:/ProgramData/Xilinx/SDx/2016.4/Vivado_HLS/common/technology/xilinx/interface/fsl.gen 
@I [HLS-100] Command           ap_source returned 0; 0 sec.
@I [HLS-100] Execute           source D:/ProgramData/Xilinx/SDx/2016.4/Vivado_HLS/common/technology/xilinx/interface/axi4.gen 
@I [HLS-100] Command           ap_source returned 0; 0.002 sec.
@I [HLS-100] Execute           source D:/ProgramData/Xilinx/SDx/2016.4/Vivado_HLS/common/technology/xilinx/interface/nativeAXI4.gen 
@I [HLS-100] Execute             source D:/ProgramData/Xilinx/SDx/2016.4/Vivado_HLS/common/technology/xilinx/interface/saxilite.gen 
@I [HLS-100] Command             ap_source returned 0; 0.003 sec.
@I [HLS-100] Execute             source D:/ProgramData/Xilinx/SDx/2016.4/Vivado_HLS/common/technology/xilinx/interface/maxi.gen 
@I [HLS-100] Command             ap_source returned 0; 0.007 sec.
@I [HLS-100] Command           ap_source returned 0; 0.011 sec.
@I [HLS-100] Execute           source D:/ProgramData/Xilinx/SDx/2016.4/Vivado_HLS/common/technology/xilinx/scripts/xilinxcoregen.gen 
@I [HLS-100] Command           ap_source returned 0; 0.008 sec.
@I [HLS-100] Execute           source D:/ProgramData/Xilinx/SDx/2016.4/Vivado_HLS/common/technology/xilinx/interface/XilEDKCoreGen.gen 
@I [HLS-100] Command           ap_source returned 0; 0.007 sec.
@I [HLS-100] Execute           source D:/ProgramData/Xilinx/SDx/2016.4/Vivado_HLS/common/technology/xilinx/ip/dds_compiler.gen 
@I [HLS-100] Command           ap_source returned 0; 0.002 sec.
@I [HLS-100] Execute           source D:/ProgramData/Xilinx/SDx/2016.4/Vivado_HLS/common/technology/xilinx/ip/util.gen 
@I [HLS-100] Command           ap_source returned 0; 0.001 sec.
@I [HLS-100] Execute           source D:/ProgramData/Xilinx/SDx/2016.4/Vivado_HLS/common/technology/xilinx/ip/xfft.gen 
@I [HLS-100] Command           ap_source returned 0; 0.069 sec.
@I [HLS-100] Execute           source D:/ProgramData/Xilinx/SDx/2016.4/Vivado_HLS/common/technology/xilinx/ip/xfir.gen 
@I [HLS-100] Command           ap_source returned 0; 0 sec.
@I [HLS-100] Command         ap_source returned 0; 0.103 sec.
@I [HLS-100] Execute         source D:/ProgramData/Xilinx/SDx/2016.4/Vivado_HLS/common/technology/xilinx/common/dsp48.gen 
@I [HLS-100] Command         ap_source returned 0; 0 sec.
@I [HLS-100] Command       ap_source returned 0; 0.104 sec.
@I [HLS-100] Command     ap_source returned 0; 0.105 sec.
@I [HLS-100] Execute     source D:/ProgramData/Xilinx/SDx/2016.4/Vivado_HLS/common/technology/xilinx/zynq/zynq_fpv6.gen 
@I [HLS-100] Execute       source D:/ProgramData/Xilinx/SDx/2016.4/Vivado_HLS/common/technology/xilinx/common/xilinx_fpv6.gen 
@I [HLS-100] Command       ap_source returned 0; 0.001 sec.
@I [HLS-100] Command     ap_source returned 0; 0.001 sec.
@I [HLS-100] Execute     source E:/Exercise/FPGA/FPGA_CNN/01_mnist_cnn/hls/conv_core_new/solution1/.autopilot/db/global.setting.tcl 
@I [HLS-100] Command     ap_source returned 0; 0.003 sec.
@I [HLS-100] Execute     source E:/Exercise/FPGA/FPGA_CNN/01_mnist_cnn/hls/conv_core_new/solution1/.autopilot/db/global.setting.tcl 
@I [HLS-100] Command     ap_source returned 0; 0.001 sec.
@I [HLS-100] Execute     source E:/Exercise/FPGA/FPGA_CNN/01_mnist_cnn/hls/conv_core_new/solution1/.autopilot/db/global.setting.tcl 
@I [HLS-100] Command     ap_source returned 0; 0.001 sec.
@I [HLS-100] Execute     source D:/ProgramData/Xilinx/SDx/2016.4/Vivado_HLS/common/technology/generic/autopilot/common.gen 
@I [HLS-100] Execute       source D:/ProgramData/Xilinx/SDx/2016.4/Vivado_HLS/common/technology/generic/autopilot/APCoreGen.gen 
@I [HLS-100] Command       ap_source returned 0; 0.001 sec.
@I [HLS-100] Command     ap_source returned 0; 0.001 sec.
@I [HLS-100] Execute     source D:/ProgramData/Xilinx/SDx/2016.4/Vivado_HLS/common/technology/generic/autopilot/op.gen 
@I [HLS-100] Command     ap_source returned 0; 0 sec.
@I [HLS-100] Execute     source D:/ProgramData/Xilinx/SDx/2016.4/Vivado_HLS/common/technology/generic/autopilot/op_simcore.gen 
@I [HLS-100] Command     ap_source returned 0; 0.001 sec.
@I [HLS-100] Execute     source D:/ProgramData/Xilinx/SDx/2016.4/Vivado_HLS/common/technology/generic/autopilot/interface.gen 
@I [HLS-100] Command     ap_source returned 0; 0 sec.
@I [HLS-100] Execute     source E:/Exercise/FPGA/FPGA_CNN/01_mnist_cnn/hls/conv_core_new/solution1/.autopilot/db/global.setting.tcl 
@I [HLS-100] Command     ap_source returned 0; 0.101 sec.
@I [HLS-100] Execute     source D:/ProgramData/Xilinx/SDx/2016.4/Vivado_HLS/common/technology/xilinx/zynq/zynq.gen 
@I [HLS-100] Execute       source D:/ProgramData/Xilinx/SDx/2016.4/Vivado_HLS/common/technology/xilinx/common/virtex.gen 
@I [HLS-100] Execute         source D:/ProgramData/Xilinx/SDx/2016.4/Vivado_HLS/common/technology/xilinx/common/xilinx.gen 
@I [HLS-100] Execute           source D:/ProgramData/Xilinx/SDx/2016.4/Vivado_HLS/common/technology/xilinx/interface/plb46.gen 
@I [HLS-100] Command           ap_source returned 0; 0.002 sec.
@I [HLS-100] Execute           source D:/ProgramData/Xilinx/SDx/2016.4/Vivado_HLS/common/technology/xilinx/interface/fsl.gen 
@I [HLS-100] Command           ap_source returned 0; 0.001 sec.
@I [HLS-100] Execute           source D:/ProgramData/Xilinx/SDx/2016.4/Vivado_HLS/common/technology/xilinx/interface/axi4.gen 
@I [HLS-100] Command           ap_source returned 0; 0.004 sec.
@I [HLS-100] Execute           source D:/ProgramData/Xilinx/SDx/2016.4/Vivado_HLS/common/technology/xilinx/interface/nativeAXI4.gen 
@I [HLS-100] Execute             source D:/ProgramData/Xilinx/SDx/2016.4/Vivado_HLS/common/technology/xilinx/interface/saxilite.gen 
@I [HLS-100] Command             ap_source returned 0; 0.006 sec.
@I [HLS-100] Execute             source D:/ProgramData/Xilinx/SDx/2016.4/Vivado_HLS/common/technology/xilinx/interface/maxi.gen 
@I [HLS-100] Command             ap_source returned 0; 0.01 sec.
@I [HLS-100] Command           ap_source returned 0; 0.017 sec.
@I [HLS-100] Execute           source D:/ProgramData/Xilinx/SDx/2016.4/Vivado_HLS/common/technology/xilinx/scripts/xilinxcoregen.gen 
@I [HLS-100] Command           ap_source returned 0; 0.009 sec.
@I [HLS-100] Execute           source D:/ProgramData/Xilinx/SDx/2016.4/Vivado_HLS/common/technology/xilinx/interface/XilEDKCoreGen.gen 
@I [HLS-100] Command           ap_source returned 0; 0.006 sec.
@I [HLS-100] Execute           source D:/ProgramData/Xilinx/SDx/2016.4/Vivado_HLS/common/technology/xilinx/ip/dds_compiler.gen 
@I [HLS-100] Command           ap_source returned 0; 0.002 sec.
@I [HLS-100] Execute           source D:/ProgramData/Xilinx/SDx/2016.4/Vivado_HLS/common/technology/xilinx/ip/util.gen 
@I [HLS-100] Command           ap_source returned 0; 0 sec.
@I [HLS-100] Execute           source D:/ProgramData/Xilinx/SDx/2016.4/Vivado_HLS/common/technology/xilinx/ip/xfft.gen 
@I [HLS-100] Command           ap_source returned 0; 0.068 sec.
@I [HLS-100] Execute           source D:/ProgramData/Xilinx/SDx/2016.4/Vivado_HLS/common/technology/xilinx/ip/xfir.gen 
@I [HLS-100] Command           ap_source returned 0; 0.001 sec.
@I [HLS-100] Command         ap_source returned 0; 0.114 sec.
@I [HLS-100] Execute         source D:/ProgramData/Xilinx/SDx/2016.4/Vivado_HLS/common/technology/xilinx/common/dsp48.gen 
@I [HLS-100] Command         ap_source returned 0; 0 sec.
@I [HLS-100] Command       ap_source returned 0; 0.117 sec.
@I [HLS-100] Command     ap_source returned 0; 0.119 sec.
@I [HLS-100] Execute     source D:/ProgramData/Xilinx/SDx/2016.4/Vivado_HLS/common/technology/xilinx/zynq/zynq_fpv6.gen 
@I [HLS-100] Execute       source D:/ProgramData/Xilinx/SDx/2016.4/Vivado_HLS/common/technology/xilinx/common/xilinx_fpv6.gen 
@I [HLS-100] Command       ap_source returned 0; 0.001 sec.
@I [HLS-100] Command     ap_source returned 0; 0.001 sec.
@I [HLS-100] Execute     source E:/Exercise/FPGA/FPGA_CNN/01_mnist_cnn/hls/conv_core_new/solution1/.autopilot/db/global.setting.tcl 
@I [HLS-100] Command     ap_source returned 0; 0 sec.
@I [HLS-100] Execute     source E:/Exercise/FPGA/FPGA_CNN/01_mnist_cnn/hls/conv_core_new/solution1/.autopilot/db/global.setting.tcl 
@I [HLS-100] Command     ap_source returned 0; 0.204 sec.
@I [HLS-100] Execute     source E:/Exercise/FPGA/FPGA_CNN/01_mnist_cnn/hls/conv_core_new/solution1/.autopilot/db/Conv.compgen.tcl 
@I [HLS-100] Command     ap_source returned 0; 0.025 sec.
@I [HLS-100] Execute     source E:/Exercise/FPGA/FPGA_CNN/01_mnist_cnn/hls/conv_core_new/solution1/.autopilot/db/global.setting.tcl 
@I [HLS-100] Command     ap_source returned 0; 0.001 sec.
@I [HLS-100] Execute     source E:/Exercise/FPGA/FPGA_CNN/01_mnist_cnn/hls/conv_core_new/solution1/.autopilot/db/Conv.constraint.tcl 
@I [HLS-100] Command     ap_source returned 0; 0 sec.
@I [HLS-100] Execute     source E:/Exercise/FPGA/FPGA_CNN/01_mnist_cnn/hls/conv_core_new/solution1/.autopilot/db/global.setting.tcl 
@I [HLS-100] Command     ap_source returned 0; 0.001 sec.
@I [HLS-100] Execute     source D:/ProgramData/Xilinx/SDx/2016.4/Vivado_HLS/common/technology/generic/autopilot/common.gen 
@I [HLS-100] Execute       source D:/ProgramData/Xilinx/SDx/2016.4/Vivado_HLS/common/technology/generic/autopilot/APCoreGen.gen 
@I [HLS-100] Command       ap_source returned 0; 0.001 sec.
@I [HLS-100] Command     ap_source returned 0; 0.002 sec.
@I [HLS-100] Execute     source D:/ProgramData/Xilinx/SDx/2016.4/Vivado_HLS/common/technology/generic/autopilot/op.gen 
@I [HLS-100] Command     ap_source returned 0; 0 sec.
@I [HLS-100] Execute     source D:/ProgramData/Xilinx/SDx/2016.4/Vivado_HLS/common/technology/generic/autopilot/op_simcore.gen 
@I [HLS-100] Command     ap_source returned 0; 0.001 sec.
@I [HLS-100] Execute     source D:/ProgramData/Xilinx/SDx/2016.4/Vivado_HLS/common/technology/generic/autopilot/interface.gen 
@I [HLS-100] Command     ap_source returned 0; 0 sec.
@I [HLS-100] Execute     source E:/Exercise/FPGA/FPGA_CNN/01_mnist_cnn/hls/conv_core_new/solution1/.autopilot/db/global.setting.tcl 
@I [HLS-100] Command     ap_source returned 0; 0.001 sec.
@I [HLS-100] Execute     source D:/ProgramData/Xilinx/SDx/2016.4/Vivado_HLS/common/technology/xilinx/zynq/zynq.gen 
@I [HLS-100] Execute       source D:/ProgramData/Xilinx/SDx/2016.4/Vivado_HLS/common/technology/xilinx/common/virtex.gen 
@I [HLS-100] Execute         source D:/ProgramData/Xilinx/SDx/2016.4/Vivado_HLS/common/technology/xilinx/common/xilinx.gen 
@I [HLS-100] Execute           source D:/ProgramData/Xilinx/SDx/2016.4/Vivado_HLS/common/technology/xilinx/interface/plb46.gen 
@I [HLS-100] Command           ap_source returned 0; 0.001 sec.
@I [HLS-100] Execute           source D:/ProgramData/Xilinx/SDx/2016.4/Vivado_HLS/common/technology/xilinx/interface/fsl.gen 
@I [HLS-100] Command           ap_source returned 0; 0 sec.
@I [HLS-100] Execute           source D:/ProgramData/Xilinx/SDx/2016.4/Vivado_HLS/common/technology/xilinx/interface/axi4.gen 
@I [HLS-100] Command           ap_source returned 0; 0.002 sec.
@I [HLS-100] Execute           source D:/ProgramData/Xilinx/SDx/2016.4/Vivado_HLS/common/technology/xilinx/interface/nativeAXI4.gen 
@I [HLS-100] Execute             source D:/ProgramData/Xilinx/SDx/2016.4/Vivado_HLS/common/technology/xilinx/interface/saxilite.gen 
@I [HLS-100] Command             ap_source returned 0; 0.004 sec.
@I [HLS-100] Execute             source D:/ProgramData/Xilinx/SDx/2016.4/Vivado_HLS/common/technology/xilinx/interface/maxi.gen 
@I [HLS-100] Command             ap_source returned 0; 0.007 sec.
@I [HLS-100] Command           ap_source returned 0; 0.011 sec.
@I [HLS-100] Execute           source D:/ProgramData/Xilinx/SDx/2016.4/Vivado_HLS/common/technology/xilinx/scripts/xilinxcoregen.gen 
@I [HLS-100] Command           ap_source returned 0; 0.008 sec.
@I [HLS-100] Execute           source D:/ProgramData/Xilinx/SDx/2016.4/Vivado_HLS/common/technology/xilinx/interface/XilEDKCoreGen.gen 
@I [HLS-100] Command           ap_source returned 0; 0.007 sec.
@I [HLS-100] Execute           source D:/ProgramData/Xilinx/SDx/2016.4/Vivado_HLS/common/technology/xilinx/ip/dds_compiler.gen 
@I [HLS-100] Command           ap_source returned 0; 0.003 sec.
@I [HLS-100] Execute           source D:/ProgramData/Xilinx/SDx/2016.4/Vivado_HLS/common/technology/xilinx/ip/util.gen 
@I [HLS-100] Command           ap_source returned 0; 0 sec.
@I [HLS-100] Execute           source D:/ProgramData/Xilinx/SDx/2016.4/Vivado_HLS/common/technology/xilinx/ip/xfft.gen 
@I [HLS-100] Command           ap_source returned 0; 0.07 sec.
@I [HLS-100] Execute           source D:/ProgramData/Xilinx/SDx/2016.4/Vivado_HLS/common/technology/xilinx/ip/xfir.gen 
@I [HLS-100] Command           ap_source returned 0; 0.001 sec.
@I [HLS-100] Command         ap_source returned 0; 0.104 sec.
@I [HLS-100] Execute         source D:/ProgramData/Xilinx/SDx/2016.4/Vivado_HLS/common/technology/xilinx/common/dsp48.gen 
@I [HLS-100] Command         ap_source returned 0; 0 sec.
@I [HLS-100] Command       ap_source returned 0; 0.107 sec.
@I [HLS-100] Command     ap_source returned 0; 0.107 sec.
@I [HLS-100] Execute     source D:/ProgramData/Xilinx/SDx/2016.4/Vivado_HLS/common/technology/xilinx/zynq/zynq_fpv6.gen 
@I [HLS-100] Execute       source D:/ProgramData/Xilinx/SDx/2016.4/Vivado_HLS/common/technology/xilinx/common/xilinx_fpv6.gen 
@I [HLS-100] Command       ap_source returned 0; 0.002 sec.
@I [HLS-100] Command     ap_source returned 0; 0.002 sec.
@I [HLS-100] Execute     source E:/Exercise/FPGA/FPGA_CNN/01_mnist_cnn/hls/conv_core_new/solution1/.autopilot/db/global.setting.tcl 
@I [HLS-100] Command     ap_source returned 0; 0.001 sec.
@I [HLS-100] Execute     source E:/Exercise/FPGA/FPGA_CNN/01_mnist_cnn/hls/conv_core_new/solution1/.autopilot/db/global.setting.tcl 
@I [HLS-100] Command     ap_source returned 0; 0.001 sec.
@I [HLS-100] Execute     source D:/ProgramData/Xilinx/SDx/2016.4/Vivado_HLS/common/technology/generic/autopilot/common.gen 
@I [HLS-100] Execute       source D:/ProgramData/Xilinx/SDx/2016.4/Vivado_HLS/common/technology/generic/autopilot/APCoreGen.gen 
@I [HLS-100] Command       ap_source returned 0; 0.001 sec.
@I [HLS-100] Command     ap_source returned 0; 0.001 sec.
@I [HLS-100] Execute     source D:/ProgramData/Xilinx/SDx/2016.4/Vivado_HLS/common/technology/generic/autopilot/op.gen 
@I [HLS-100] Command     ap_source returned 0; 0.001 sec.
@I [HLS-100] Execute     source D:/ProgramData/Xilinx/SDx/2016.4/Vivado_HLS/common/technology/generic/autopilot/op_simcore.gen 
@I [HLS-100] Command     ap_source returned 0; 0.001 sec.
@I [HLS-100] Execute     source D:/ProgramData/Xilinx/SDx/2016.4/Vivado_HLS/common/technology/generic/autopilot/interface.gen 
@I [HLS-100] Command     ap_source returned 0; 0 sec.
@I [HLS-100] Execute     source E:/Exercise/FPGA/FPGA_CNN/01_mnist_cnn/hls/conv_core_new/solution1/.autopilot/db/global.setting.tcl 
@I [HLS-100] Command     ap_source returned 0; 0.001 sec.
@I [HLS-100] Execute     source D:/ProgramData/Xilinx/SDx/2016.4/Vivado_HLS/common/technology/xilinx/zynq/zynq.gen 
@I [HLS-100] Execute       source D:/ProgramData/Xilinx/SDx/2016.4/Vivado_HLS/common/technology/xilinx/common/virtex.gen 
@I [HLS-100] Execute         source D:/ProgramData/Xilinx/SDx/2016.4/Vivado_HLS/common/technology/xilinx/common/xilinx.gen 
@I [HLS-100] Execute           source D:/ProgramData/Xilinx/SDx/2016.4/Vivado_HLS/common/technology/xilinx/interface/plb46.gen 
@I [HLS-100] Command           ap_source returned 0; 0.001 sec.
@I [HLS-100] Execute           source D:/ProgramData/Xilinx/SDx/2016.4/Vivado_HLS/common/technology/xilinx/interface/fsl.gen 
@I [HLS-100] Command           ap_source returned 0; 0.001 sec.
@I [HLS-100] Execute           source D:/ProgramData/Xilinx/SDx/2016.4/Vivado_HLS/common/technology/xilinx/interface/axi4.gen 
@I [HLS-100] Command           ap_source returned 0; 0.002 sec.
@I [HLS-100] Execute           source D:/ProgramData/Xilinx/SDx/2016.4/Vivado_HLS/common/technology/xilinx/interface/nativeAXI4.gen 
@I [HLS-100] Execute             source D:/ProgramData/Xilinx/SDx/2016.4/Vivado_HLS/common/technology/xilinx/interface/saxilite.gen 
@I [HLS-100] Command             ap_source returned 0; 0.003 sec.
@I [HLS-100] Execute             source D:/ProgramData/Xilinx/SDx/2016.4/Vivado_HLS/common/technology/xilinx/interface/maxi.gen 
@I [HLS-100] Command             ap_source returned 0; 0.007 sec.
@I [HLS-100] Command           ap_source returned 0; 0.01 sec.
@I [HLS-100] Execute           source D:/ProgramData/Xilinx/SDx/2016.4/Vivado_HLS/common/technology/xilinx/scripts/xilinxcoregen.gen 
@I [HLS-100] Command           ap_source returned 0; 0.008 sec.
@I [HLS-100] Execute           source D:/ProgramData/Xilinx/SDx/2016.4/Vivado_HLS/common/technology/xilinx/interface/XilEDKCoreGen.gen 
@I [HLS-100] Command           ap_source returned 0; 0.007 sec.
@I [HLS-100] Execute           source D:/ProgramData/Xilinx/SDx/2016.4/Vivado_HLS/common/technology/xilinx/ip/dds_compiler.gen 
@I [HLS-100] Command           ap_source returned 0; 0.003 sec.
@I [HLS-100] Execute           source D:/ProgramData/Xilinx/SDx/2016.4/Vivado_HLS/common/technology/xilinx/ip/util.gen 
@I [HLS-100] Command           ap_source returned 0; 0 sec.
@I [HLS-100] Execute           source D:/ProgramData/Xilinx/SDx/2016.4/Vivado_HLS/common/technology/xilinx/ip/xfft.gen 
@I [HLS-100] Command           ap_source returned 0; 0.07 sec.
@I [HLS-100] Execute           source D:/ProgramData/Xilinx/SDx/2016.4/Vivado_HLS/common/technology/xilinx/ip/xfir.gen 
@I [HLS-100] Command           ap_source returned 0; 0.001 sec.
@I [HLS-100] Command         ap_source returned 0; 0.103 sec.
@I [HLS-100] Execute         source D:/ProgramData/Xilinx/SDx/2016.4/Vivado_HLS/common/technology/xilinx/common/dsp48.gen 
@I [HLS-100] Command         ap_source returned 0; 0 sec.
@I [HLS-100] Command       ap_source returned 0; 0.106 sec.
@I [HLS-100] Command     ap_source returned 0; 0.106 sec.
@I [HLS-100] Execute     source D:/ProgramData/Xilinx/SDx/2016.4/Vivado_HLS/common/technology/xilinx/zynq/zynq_fpv6.gen 
@I [HLS-100] Execute       source D:/ProgramData/Xilinx/SDx/2016.4/Vivado_HLS/common/technology/xilinx/common/xilinx_fpv6.gen 
@I [HLS-100] Command       ap_source returned 0; 0.001 sec.
@I [HLS-100] Command     ap_source returned 0; 0.001 sec.
@I [HLS-100] Execute     source E:/Exercise/FPGA/FPGA_CNN/01_mnist_cnn/hls/conv_core_new/solution1/.autopilot/db/global.setting.tcl 
@I [HLS-100] Command     ap_source returned 0; 0.001 sec.
@I [HLS-100] Execute     source E:/Exercise/FPGA/FPGA_CNN/01_mnist_cnn/hls/conv_core_new/solution1/.autopilot/db/global.setting.tcl 
@I [HLS-100] Command     ap_source returned 0; 0.001 sec.
@I [HLS-100] Execute     source E:/Exercise/FPGA/FPGA_CNN/01_mnist_cnn/hls/conv_core_new/solution1/.autopilot/db/global.setting.tcl 
@I [HLS-100] Command     ap_source returned 0; 0.001 sec.
@I [HLS-100] Execute     source D:/ProgramData/Xilinx/SDx/2016.4/Vivado_HLS/common/technology/generic/autopilot/common.gen 
@I [HLS-100] Execute       source D:/ProgramData/Xilinx/SDx/2016.4/Vivado_HLS/common/technology/generic/autopilot/APCoreGen.gen 
@I [HLS-100] Command       ap_source returned 0; 0.001 sec.
@I [HLS-100] Command     ap_source returned 0; 0.002 sec.
@I [HLS-100] Execute     source D:/ProgramData/Xilinx/SDx/2016.4/Vivado_HLS/common/technology/generic/autopilot/op.gen 
@I [HLS-100] Command     ap_source returned 0; 0.001 sec.
@I [HLS-100] Execute     source D:/ProgramData/Xilinx/SDx/2016.4/Vivado_HLS/common/technology/generic/autopilot/op_simcore.gen 
@I [HLS-100] Command     ap_source returned 0; 0.001 sec.
@I [HLS-100] Execute     source D:/ProgramData/Xilinx/SDx/2016.4/Vivado_HLS/common/technology/generic/autopilot/interface.gen 
@I [HLS-100] Command     ap_source returned 0; 0 sec.
@I [HLS-100] Execute     source E:/Exercise/FPGA/FPGA_CNN/01_mnist_cnn/hls/conv_core_new/solution1/.autopilot/db/global.setting.tcl 
@I [HLS-100] Command     ap_source returned 0; 0.001 sec.
@I [HLS-100] Execute     source D:/ProgramData/Xilinx/SDx/2016.4/Vivado_HLS/common/technology/xilinx/zynq/zynq.gen 
@I [HLS-100] Execute       source D:/ProgramData/Xilinx/SDx/2016.4/Vivado_HLS/common/technology/xilinx/common/virtex.gen 
@I [HLS-100] Execute         source D:/ProgramData/Xilinx/SDx/2016.4/Vivado_HLS/common/technology/xilinx/common/xilinx.gen 
@I [HLS-100] Execute           source D:/ProgramData/Xilinx/SDx/2016.4/Vivado_HLS/common/technology/xilinx/interface/plb46.gen 
@I [HLS-100] Command           ap_source returned 0; 0.001 sec.
@I [HLS-100] Execute           source D:/ProgramData/Xilinx/SDx/2016.4/Vivado_HLS/common/technology/xilinx/interface/fsl.gen 
@I [HLS-100] Command           ap_source returned 0; 0.001 sec.
@I [HLS-100] Execute           source D:/ProgramData/Xilinx/SDx/2016.4/Vivado_HLS/common/technology/xilinx/interface/axi4.gen 
@I [HLS-100] Command           ap_source returned 0; 0.002 sec.
@I [HLS-100] Execute           source D:/ProgramData/Xilinx/SDx/2016.4/Vivado_HLS/common/technology/xilinx/interface/nativeAXI4.gen 
@I [HLS-100] Execute             source D:/ProgramData/Xilinx/SDx/2016.4/Vivado_HLS/common/technology/xilinx/interface/saxilite.gen 
@I [HLS-100] Command             ap_source returned 0; 0.003 sec.
@I [HLS-100] Execute             source D:/ProgramData/Xilinx/SDx/2016.4/Vivado_HLS/common/technology/xilinx/interface/maxi.gen 
@I [HLS-100] Command             ap_source returned 0; 0.007 sec.
@I [HLS-100] Command           ap_source returned 0; 0.01 sec.
@I [HLS-100] Execute           source D:/ProgramData/Xilinx/SDx/2016.4/Vivado_HLS/common/technology/xilinx/scripts/xilinxcoregen.gen 
@I [HLS-100] Command           ap_source returned 0; 0.009 sec.
@I [HLS-100] Execute           source D:/ProgramData/Xilinx/SDx/2016.4/Vivado_HLS/common/technology/xilinx/interface/XilEDKCoreGen.gen 
@I [HLS-100] Command           ap_source returned 0; 0.007 sec.
@I [HLS-100] Execute           source D:/ProgramData/Xilinx/SDx/2016.4/Vivado_HLS/common/technology/xilinx/ip/dds_compiler.gen 
@I [HLS-100] Command           ap_source returned 0; 0.002 sec.
@I [HLS-100] Execute           source D:/ProgramData/Xilinx/SDx/2016.4/Vivado_HLS/common/technology/xilinx/ip/util.gen 
@I [HLS-100] Command           ap_source returned 0; 0.001 sec.
@I [HLS-100] Execute           source D:/ProgramData/Xilinx/SDx/2016.4/Vivado_HLS/common/technology/xilinx/ip/xfft.gen 
@I [HLS-100] Command           ap_source returned 0; 0.068 sec.
@I [HLS-100] Execute           source D:/ProgramData/Xilinx/SDx/2016.4/Vivado_HLS/common/technology/xilinx/ip/xfir.gen 
@I [HLS-100] Command           ap_source returned 0; 0.001 sec.
@I [HLS-100] Command         ap_source returned 0; 0.102 sec.
@I [HLS-100] Execute         source D:/ProgramData/Xilinx/SDx/2016.4/Vivado_HLS/common/technology/xilinx/common/dsp48.gen 
@I [HLS-100] Command         ap_source returned 0; 0.001 sec.
@I [HLS-100] Command       ap_source returned 0; 0.105 sec.
@I [HLS-100] Command     ap_source returned 0; 0.105 sec.
@I [HLS-100] Execute     source D:/ProgramData/Xilinx/SDx/2016.4/Vivado_HLS/common/technology/xilinx/zynq/zynq_fpv6.gen 
@I [HLS-100] Execute       source D:/ProgramData/Xilinx/SDx/2016.4/Vivado_HLS/common/technology/xilinx/common/xilinx_fpv6.gen 
@I [HLS-100] Command       ap_source returned 0; 0.002 sec.
@I [HLS-100] Command     ap_source returned 0; 0.002 sec.
@I [HLS-100] Execute     source E:/Exercise/FPGA/FPGA_CNN/01_mnist_cnn/hls/conv_core_new/solution1/.autopilot/db/global.setting.tcl 
@I [HLS-100] Command     ap_source returned 0; 0.003 sec.
@I [HLS-100] Execute     source E:/Exercise/FPGA/FPGA_CNN/01_mnist_cnn/hls/conv_core_new/solution1/.autopilot/db/global.setting.tcl 
@I [HLS-100] Command     ap_source returned 0; 0.002 sec.
@I [HLS-100] Execute     source E:/Exercise/FPGA/FPGA_CNN/01_mnist_cnn/hls/conv_core_new/solution1/.autopilot/db/Conv.compgen.tcl 
@I [HLS-100] Command     ap_source returned 0; 0.043 sec.
@I [HLS-100] Execute     source E:/Exercise/FPGA/FPGA_CNN/01_mnist_cnn/hls/conv_core_new/solution1/.autopilot/db/global.setting.tcl 
@I [HLS-100] Command     ap_source returned 0; 0 sec.
@I [HLS-100] Execute     source E:/Exercise/FPGA/FPGA_CNN/01_mnist_cnn/hls/conv_core_new/solution1/.autopilot/db/Conv.constraint.tcl 
@I [HLS-100] Command     ap_source returned 0; 0.001 sec.
@I [HLS-100] Execute     source E:/Exercise/FPGA/FPGA_CNN/01_mnist_cnn/hls/conv_core_new/solution1/.autopilot/db/global.setting.tcl 
@I [HLS-100] Command     ap_source returned 0; 0.003 sec.
@I [HLS-100] Execute     source D:/ProgramData/Xilinx/SDx/2016.4/Vivado_HLS/common/technology/generic/autopilot/common.gen 
@I [HLS-100] Execute       source D:/ProgramData/Xilinx/SDx/2016.4/Vivado_HLS/common/technology/generic/autopilot/APCoreGen.gen 
@I [HLS-100] Command       ap_source returned 0; 0.001 sec.
@I [HLS-100] Command     ap_source returned 0; 0.001 sec.
@I [HLS-100] Execute     source D:/ProgramData/Xilinx/SDx/2016.4/Vivado_HLS/common/technology/generic/autopilot/op.gen 
@I [HLS-100] Command     ap_source returned 0; 0.001 sec.
@I [HLS-100] Execute     source D:/ProgramData/Xilinx/SDx/2016.4/Vivado_HLS/common/technology/generic/autopilot/op_simcore.gen 
@I [HLS-100] Command     ap_source returned 0; 0.001 sec.
@I [HLS-100] Execute     source D:/ProgramData/Xilinx/SDx/2016.4/Vivado_HLS/common/technology/generic/autopilot/interface.gen 
@I [HLS-100] Command     ap_source returned 0; 0 sec.
@I [HLS-100] Execute     source E:/Exercise/FPGA/FPGA_CNN/01_mnist_cnn/hls/conv_core_new/solution1/.autopilot/db/global.setting.tcl 
@I [HLS-100] Command     ap_source returned 0; 0.001 sec.
@I [HLS-100] Execute     source D:/ProgramData/Xilinx/SDx/2016.4/Vivado_HLS/common/technology/xilinx/zynq/zynq.gen 
@I [HLS-100] Execute       source D:/ProgramData/Xilinx/SDx/2016.4/Vivado_HLS/common/technology/xilinx/common/virtex.gen 
@I [HLS-100] Execute         source D:/ProgramData/Xilinx/SDx/2016.4/Vivado_HLS/common/technology/xilinx/common/xilinx.gen 
@I [HLS-100] Execute           source D:/ProgramData/Xilinx/SDx/2016.4/Vivado_HLS/common/technology/xilinx/interface/plb46.gen 
@I [HLS-100] Command           ap_source returned 0; 0.001 sec.
@I [HLS-100] Execute           source D:/ProgramData/Xilinx/SDx/2016.4/Vivado_HLS/common/technology/xilinx/interface/fsl.gen 
@I [HLS-100] Command           ap_source returned 0; 0.001 sec.
@I [HLS-100] Execute           source D:/ProgramData/Xilinx/SDx/2016.4/Vivado_HLS/common/technology/xilinx/interface/axi4.gen 
@I [HLS-100] Command           ap_source returned 0; 0.002 sec.
@I [HLS-100] Execute           source D:/ProgramData/Xilinx/SDx/2016.4/Vivado_HLS/common/technology/xilinx/interface/nativeAXI4.gen 
@I [HLS-100] Execute             source D:/ProgramData/Xilinx/SDx/2016.4/Vivado_HLS/common/technology/xilinx/interface/saxilite.gen 
@I [HLS-100] Command             ap_source returned 0; 0.003 sec.
@I [HLS-100] Execute             source D:/ProgramData/Xilinx/SDx/2016.4/Vivado_HLS/common/technology/xilinx/interface/maxi.gen 
@I [HLS-100] Command             ap_source returned 0; 0.007 sec.
@I [HLS-100] Command           ap_source returned 0; 0.01 sec.
@I [HLS-100] Execute           source D:/ProgramData/Xilinx/SDx/2016.4/Vivado_HLS/common/technology/xilinx/scripts/xilinxcoregen.gen 
@I [HLS-100] Command           ap_source returned 0; 0.008 sec.
@I [HLS-100] Execute           source D:/ProgramData/Xilinx/SDx/2016.4/Vivado_HLS/common/technology/xilinx/interface/XilEDKCoreGen.gen 
@I [HLS-100] Command           ap_source returned 0; 0.006 sec.
@I [HLS-100] Execute           source D:/ProgramData/Xilinx/SDx/2016.4/Vivado_HLS/common/technology/xilinx/ip/dds_compiler.gen 
@I [HLS-100] Command           ap_source returned 0; 0.002 sec.
@I [HLS-100] Execute           source D:/ProgramData/Xilinx/SDx/2016.4/Vivado_HLS/common/technology/xilinx/ip/util.gen 
@I [HLS-100] Command           ap_source returned 0; 0 sec.
@I [HLS-100] Execute           source D:/ProgramData/Xilinx/SDx/2016.4/Vivado_HLS/common/technology/xilinx/ip/xfft.gen 
@I [HLS-100] Command           ap_source returned 0; 0.07 sec.
@I [HLS-100] Execute           source D:/ProgramData/Xilinx/SDx/2016.4/Vivado_HLS/common/technology/xilinx/ip/xfir.gen 
@I [HLS-100] Command           ap_source returned 0; 0.001 sec.
@I [HLS-100] Command         ap_source returned 0; 0.104 sec.
@I [HLS-100] Execute         source D:/ProgramData/Xilinx/SDx/2016.4/Vivado_HLS/common/technology/xilinx/common/dsp48.gen 
@I [HLS-100] Command         ap_source returned 0; 0 sec.
@I [HLS-100] Command       ap_source returned 0; 0.105 sec.
@I [HLS-100] Command     ap_source returned 0; 0.106 sec.
@I [HLS-100] Execute     source D:/ProgramData/Xilinx/SDx/2016.4/Vivado_HLS/common/technology/xilinx/zynq/zynq_fpv6.gen 
@I [HLS-100] Execute       source D:/ProgramData/Xilinx/SDx/2016.4/Vivado_HLS/common/technology/xilinx/common/xilinx_fpv6.gen 
@I [HLS-100] Command       ap_source returned 0; 0.002 sec.
@I [HLS-100] Command     ap_source returned 0; 0.003 sec.
@I [HLS-100] Execute     source E:/Exercise/FPGA/FPGA_CNN/01_mnist_cnn/hls/conv_core_new/solution1/.autopilot/db/global.setting.tcl 
@I [HLS-100] Command     ap_source returned 0; 0 sec.
@I [HLS-100] Command   export_design returned 0; 44.154 sec.
@I [HLS-100] Command ap_source returned 0; 44.747 sec.
@I [HLS-100] Execute cleanup_all 
@I [HLS-100] Command cleanup_all returned 0; 0.001 sec.
