17:02:54 INFO  : Registering command handlers for SDK TCF services
17:02:54 INFO  : Launching XSCT server: xsct.bat -interactive E:\Exercise\FPGA\FPGA_CNN\01_mnist_cnn\vivado\new_params\design.sdk\temp_xsdb_launch_script.tcl
17:02:54 INFO  : Validating SDSoC License
17:02:55 INFO  : License available for SDSoC
17:02:55 INFO  : Validating SDAccel License
17:02:55 INFO  : License for SDAccel is unavailable
17:02:57 INFO  : XSCT server has started successfully.
17:02:57 INFO  : Successfully done setting XSCT server connection channel  
17:02:59 INFO  : Successfully done setting SDK workspace  
17:05:00 INFO  : Project 'cnn_platform' created. You can now create BSPs and application projects targeting this hardware platform.
17:07:56 INFO  : Refreshed build settings on project mnist_cnn
17:09:13 INFO  : Connected to target on host '127.0.0.1' and port '3121'.
17:09:14 INFO  : Jtag cable 'Digilent JTAG-SMT1 210203368853A' is selected.
17:09:14 INFO  : 'jtag frequency' command is executed.
17:09:14 INFO  : Sourcing of 'E:/Exercise/FPGA/FPGA_CNN/01_mnist_cnn/vivado/new_params/design.sdk/cnn_platform/ps7_init.tcl' is done.
17:09:14 INFO  : Context for 'APU' is selected.
17:09:14 INFO  : System reset is completed.
17:09:17 INFO  : 'after 3000' command is executed.
17:09:18 INFO  : 'targets -set -filter {jtag_cable_name =~ "Digilent JTAG-SMT1 210203368853A" && level==0} -index 1' command is executed.
17:09:20 INFO  : FPGA configured successfully with bitstream "E:/Exercise/FPGA/FPGA_CNN/01_mnist_cnn/vivado/new_params/design.sdk/cnn_platform/design_1_wrapper.bit"
17:09:20 INFO  : Context for 'APU' is selected.
17:09:20 INFO  : Hardware design information is loaded from 'E:/Exercise/FPGA/FPGA_CNN/01_mnist_cnn/vivado/new_params/design.sdk/cnn_platform/system.hdf'.
17:09:20 INFO  : Context for 'APU' is selected.
17:09:21 INFO  : 'ps7_init' command is executed.
17:09:21 INFO  : 'ps7_post_config' command is executed.
17:09:21 INFO  : ----------------XSDB Script----------------
connect -url tcp:127.0.0.1:3121
source E:/Exercise/FPGA/FPGA_CNN/01_mnist_cnn/vivado/new_params/design.sdk/cnn_platform/ps7_init.tcl
targets -set -nocase -filter {name =~"APU*" && jtag_cable_name =~ "Digilent JTAG-SMT1 210203368853A"} -index 0
rst -system
after 3000
targets -set -filter {jtag_cable_name =~ "Digilent JTAG-SMT1 210203368853A" && level==0} -index 1
fpga -file E:/Exercise/FPGA/FPGA_CNN/01_mnist_cnn/vivado/new_params/design.sdk/cnn_platform/design_1_wrapper.bit
targets -set -nocase -filter {name =~"APU*" && jtag_cable_name =~ "Digilent JTAG-SMT1 210203368853A"} -index 0
loadhw E:/Exercise/FPGA/FPGA_CNN/01_mnist_cnn/vivado/new_params/design.sdk/cnn_platform/system.hdf
targets -set -nocase -filter {name =~"APU*" && jtag_cable_name =~ "Digilent JTAG-SMT1 210203368853A"} -index 0
ps7_init
ps7_post_config
----------------End of Script----------------

17:09:21 INFO  : Memory regions updated for context APU
17:09:21 INFO  : Launch script is exported to file 'E:\Exercise\FPGA\FPGA_CNN\01_mnist_cnn\vivado\new_params\design.sdk\.sdk\launch_scripts\xilinx_c-c++_application_(system_debugger)\system_debugger_on_local.tcl'
17:09:59 INFO  : Disconnected from the channel tcfchan#1.
17:10:28 INFO  : Connected to target on host '127.0.0.1' and port '3121'.
17:10:33 INFO  : Jtag cable 'Digilent JTAG-SMT1 210203368853A' is selected.
17:10:33 INFO  : 'jtag frequency' command is executed.
17:10:33 INFO  : Sourcing of 'E:/Exercise/FPGA/FPGA_CNN/01_mnist_cnn/vivado/new_params/design.sdk/cnn_platform/ps7_init.tcl' is done.
17:10:34 INFO  : Context for 'APU' is selected.
17:10:34 INFO  : System reset is completed.
17:10:37 INFO  : 'after 3000' command is executed.
17:10:37 INFO  : 'targets -set -filter {jtag_cable_name =~ "Digilent JTAG-SMT1 210203368853A" && level==0} -index 1' command is executed.
17:10:40 INFO  : FPGA configured successfully with bitstream "E:/Exercise/FPGA/FPGA_CNN/01_mnist_cnn/vivado/new_params/design.sdk/cnn_platform/design_1_wrapper.bit"
17:10:40 INFO  : Context for 'APU' is selected.
17:10:40 INFO  : Hardware design information is loaded from 'E:/Exercise/FPGA/FPGA_CNN/01_mnist_cnn/vivado/new_params/design.sdk/cnn_platform/system.hdf'.
17:10:40 INFO  : Context for 'APU' is selected.
17:10:40 INFO  : 'ps7_init' command is executed.
17:10:40 INFO  : 'ps7_post_config' command is executed.
17:10:40 INFO  : ----------------XSDB Script----------------
connect -url tcp:127.0.0.1:3121
source E:/Exercise/FPGA/FPGA_CNN/01_mnist_cnn/vivado/new_params/design.sdk/cnn_platform/ps7_init.tcl
targets -set -nocase -filter {name =~"APU*" && jtag_cable_name =~ "Digilent JTAG-SMT1 210203368853A"} -index 0
rst -system
after 3000
targets -set -filter {jtag_cable_name =~ "Digilent JTAG-SMT1 210203368853A" && level==0} -index 1
fpga -file E:/Exercise/FPGA/FPGA_CNN/01_mnist_cnn/vivado/new_params/design.sdk/cnn_platform/design_1_wrapper.bit
targets -set -nocase -filter {name =~"APU*" && jtag_cable_name =~ "Digilent JTAG-SMT1 210203368853A"} -index 0
loadhw E:/Exercise/FPGA/FPGA_CNN/01_mnist_cnn/vivado/new_params/design.sdk/cnn_platform/system.hdf
targets -set -nocase -filter {name =~"APU*" && jtag_cable_name =~ "Digilent JTAG-SMT1 210203368853A"} -index 0
ps7_init
ps7_post_config
----------------End of Script----------------

17:10:40 INFO  : Memory regions updated for context APU
17:10:40 INFO  : Launch script is exported to file 'E:\Exercise\FPGA\FPGA_CNN\01_mnist_cnn\vivado\new_params\design.sdk\.sdk\launch_scripts\xilinx_c-c++_application_(system_debugger)\system_debugger_on_local.tcl'
17:11:11 INFO  : Disconnected from the channel tcfchan#2.
17:12:33 INFO  : Connected to target on host '127.0.0.1' and port '3121'.
17:12:56 INFO  : Connected to target on host '127.0.0.1' and port '3121'.
17:12:56 INFO  : Jtag cable 'Digilent JTAG-SMT1 210203368853A' is selected.
17:12:56 INFO  : 'jtag frequency' command is executed.
17:12:56 INFO  : Sourcing of 'E:/Exercise/FPGA/FPGA_CNN/01_mnist_cnn/vivado/new_params/design.sdk/cnn_platform/ps7_init.tcl' is done.
17:12:56 INFO  : Context for 'APU' is selected.
17:12:56 INFO  : System reset is completed.
17:12:59 INFO  : 'after 3000' command is executed.
17:12:59 INFO  : 'targets -set -filter {jtag_cable_name =~ "Digilent JTAG-SMT1 210203368853A" && level==0} -index 1' command is executed.
17:13:01 INFO  : FPGA configured successfully with bitstream "E:/Exercise/FPGA/FPGA_CNN/01_mnist_cnn/vivado/new_params/design.sdk/cnn_platform/design_1_wrapper.bit"
17:13:01 INFO  : Context for 'APU' is selected.
17:13:01 INFO  : Hardware design information is loaded from 'E:/Exercise/FPGA/FPGA_CNN/01_mnist_cnn/vivado/new_params/design.sdk/cnn_platform/system.hdf'.
17:13:01 INFO  : Context for 'APU' is selected.
17:13:02 INFO  : 'ps7_init' command is executed.
17:13:02 INFO  : 'ps7_post_config' command is executed.
17:13:02 INFO  : Context for processor 'ps7_cortexa9_0' is selected.
17:13:02 INFO  : The application 'E:/Exercise/FPGA/FPGA_CNN/01_mnist_cnn/vivado/new_params/design.sdk/mnist_cnn/Debug/mnist_cnn.elf' is downloaded to processor 'ps7_cortexa9_0'.
17:13:02 INFO  : ----------------XSDB Script----------------
connect -url tcp:127.0.0.1:3121
source E:/Exercise/FPGA/FPGA_CNN/01_mnist_cnn/vivado/new_params/design.sdk/cnn_platform/ps7_init.tcl
targets -set -nocase -filter {name =~"APU*" && jtag_cable_name =~ "Digilent JTAG-SMT1 210203368853A"} -index 0
rst -system
after 3000
targets -set -filter {jtag_cable_name =~ "Digilent JTAG-SMT1 210203368853A" && level==0} -index 1
fpga -file E:/Exercise/FPGA/FPGA_CNN/01_mnist_cnn/vivado/new_params/design.sdk/cnn_platform/design_1_wrapper.bit
targets -set -nocase -filter {name =~"APU*" && jtag_cable_name =~ "Digilent JTAG-SMT1 210203368853A"} -index 0
loadhw E:/Exercise/FPGA/FPGA_CNN/01_mnist_cnn/vivado/new_params/design.sdk/cnn_platform/system.hdf
targets -set -nocase -filter {name =~"APU*" && jtag_cable_name =~ "Digilent JTAG-SMT1 210203368853A"} -index 0
ps7_init
ps7_post_config
targets -set -nocase -filter {name =~ "ARM*#0" && jtag_cable_name =~ "Digilent JTAG-SMT1 210203368853A"} -index 0
dow E:/Exercise/FPGA/FPGA_CNN/01_mnist_cnn/vivado/new_params/design.sdk/mnist_cnn/Debug/mnist_cnn.elf
----------------End of Script----------------

17:13:02 INFO  : Memory regions updated for context APU
17:13:02 INFO  : Context for processor 'ps7_cortexa9_0' is selected.
17:13:02 INFO  : 'con' command is executed.
17:13:02 INFO  : ----------------XSDB Script (After Launch)----------------
targets -set -nocase -filter {name =~ "ARM*#0" && jtag_cable_name =~ "Digilent JTAG-SMT1 210203368853A"} -index 0
con
----------------End of Script----------------

17:13:02 INFO  : Launch script is exported to file 'E:\Exercise\FPGA\FPGA_CNN\01_mnist_cnn\vivado\new_params\design.sdk\.sdk\launch_scripts\xilinx_c-c++_application_(system_debugger)\system_debugger_on_local.tcl'
17:13:54 INFO  : Disconnected from the channel tcfchan#3.
17:19:57 INFO  : Connected to target on host '127.0.0.1' and port '3121'.
17:19:58 INFO  : Jtag cable 'Digilent JTAG-SMT1 210203368853A' is selected.
17:19:58 INFO  : 'jtag frequency' command is executed.
17:19:58 INFO  : Sourcing of 'E:/Exercise/FPGA/FPGA_CNN/01_mnist_cnn/vivado/new_params/design.sdk/cnn_platform/ps7_init.tcl' is done.
17:19:58 INFO  : Context for 'APU' is selected.
17:19:59 INFO  : System reset is completed.
17:20:02 INFO  : 'after 3000' command is executed.
17:20:02 INFO  : 'targets -set -filter {jtag_cable_name =~ "Digilent JTAG-SMT1 210203368853A" && level==0} -index 1' command is executed.
17:20:04 INFO  : FPGA configured successfully with bitstream "E:/Exercise/FPGA/FPGA_CNN/01_mnist_cnn/vivado/new_params/design.sdk/cnn_platform/design_1_wrapper.bit"
17:20:04 INFO  : Context for 'APU' is selected.
17:20:04 INFO  : Hardware design information is loaded from 'E:/Exercise/FPGA/FPGA_CNN/01_mnist_cnn/vivado/new_params/design.sdk/cnn_platform/system.hdf'.
17:20:04 INFO  : Context for 'APU' is selected.
17:20:05 INFO  : 'ps7_init' command is executed.
17:20:05 INFO  : 'ps7_post_config' command is executed.
17:20:05 INFO  : Context for processor 'ps7_cortexa9_0' is selected.
17:20:05 INFO  : The application 'E:/Exercise/FPGA/FPGA_CNN/01_mnist_cnn/vivado/new_params/design.sdk/mnist_cnn/Debug/mnist_cnn.elf' is downloaded to processor 'ps7_cortexa9_0'.
17:20:05 INFO  : ----------------XSDB Script----------------
connect -url tcp:127.0.0.1:3121
source E:/Exercise/FPGA/FPGA_CNN/01_mnist_cnn/vivado/new_params/design.sdk/cnn_platform/ps7_init.tcl
targets -set -nocase -filter {name =~"APU*" && jtag_cable_name =~ "Digilent JTAG-SMT1 210203368853A"} -index 0
rst -system
after 3000
targets -set -filter {jtag_cable_name =~ "Digilent JTAG-SMT1 210203368853A" && level==0} -index 1
fpga -file E:/Exercise/FPGA/FPGA_CNN/01_mnist_cnn/vivado/new_params/design.sdk/cnn_platform/design_1_wrapper.bit
targets -set -nocase -filter {name =~"APU*" && jtag_cable_name =~ "Digilent JTAG-SMT1 210203368853A"} -index 0
loadhw E:/Exercise/FPGA/FPGA_CNN/01_mnist_cnn/vivado/new_params/design.sdk/cnn_platform/system.hdf
targets -set -nocase -filter {name =~"APU*" && jtag_cable_name =~ "Digilent JTAG-SMT1 210203368853A"} -index 0
ps7_init
ps7_post_config
targets -set -nocase -filter {name =~ "ARM*#0" && jtag_cable_name =~ "Digilent JTAG-SMT1 210203368853A"} -index 0
dow E:/Exercise/FPGA/FPGA_CNN/01_mnist_cnn/vivado/new_params/design.sdk/mnist_cnn/Debug/mnist_cnn.elf
----------------End of Script----------------

17:20:05 INFO  : Memory regions updated for context APU
17:20:05 INFO  : Context for processor 'ps7_cortexa9_0' is selected.
17:20:05 INFO  : 'con' command is executed.
17:20:05 INFO  : ----------------XSDB Script (After Launch)----------------
targets -set -nocase -filter {name =~ "ARM*#0" && jtag_cable_name =~ "Digilent JTAG-SMT1 210203368853A"} -index 0
con
----------------End of Script----------------

17:20:05 INFO  : Launch script is exported to file 'E:\Exercise\FPGA\FPGA_CNN\01_mnist_cnn\vivado\new_params\design.sdk\.sdk\launch_scripts\xilinx_c-c++_application_(system_debugger)\system_debugger_on_local.tcl'
17:22:15 INFO  : Disconnected from the channel tcfchan#4.
