Exception at PC 0x00007FFD53FCA799
Exception at PC 0x00007FFD53FCA799
Exception at PC 0x00007FFD53FCA799
Exception at PC 0x00007FFD53FCA799
Exception at PC 0x00007FFD53FCA799
Exception at PC 0x00007FFD53FCA799
Exception at PC 0x00007FFD53FCA799
Exception at PC 0x00007FFD53FCA799
Exception at PC 0x00007FFD53FCA799
Exception at PC 0x00007FFD53FCA799
Unable to capture context for thread 4072 in process 13196, can not generate back trace
Exception at PC 0x00007FFCA44CBB93
Printing stacktrace...

Unable to capture context for thread 4072 in process 13196, can not generate back trace
Exception at PC 0x00007FFD53FCA799
Exception at PC 0x00007FFD53FCA799
Exception at PC 0x00007FFD53FCA799
Exception at PC 0x00007FFD53FCA799
Exception at PC 0x00007FFD53FCA799
Exception at PC 0x00007FFD53FCA799
Exception at PC 0x00007FFD53FCA799
Exception at PC 0x00007FFD53FCA799
Exception at PC 0x00007FFD53FCA799
Exception at PC 0x00007FFD53FCA799
Exception at PC 0x00007FFD53FCA799
Exception at PC 0x00007FFD53FCA799
[0]  [0x00007FFCA44CBB93]
[1]  [0x00007FFCA44CBB93]
[2]  [0x00007FFCA44CB4A1]
[3]  [0x00007FFCA44CB3EF]
[4]  [0x00007FFCA44B19FE]
[5]  [0x00007FFCA44B0ED1]
[6]  [0x00007FFCA44B0D76]
[7]  [0x00007FFCA44579F6]
[8]  [0x00007FFCA4447AFB]
[9]  [0x00007FFCA456E90A]
[10]  [0x00007FFCA4589F87]
[11]  [0x00007FFCA458A05F]
[12] (BaseThreadInitThunk+0x14) [0x00007FFD55BF7BD4]
[13] (RtlUserThreadStart+0x21) [0x00007FFD563CCE51]
Done
Exception at PC 0x00007FFD53FCA799
Exception at PC 0x00007FFD53FCA799
Exception at PC 0x00007FFD53FCA799
Exception at PC 0x00007FFD53FCA799
Exception at PC 0x00007FFD53FCA799
Exception at PC 0x00007FFD53FCA799
Exception at PC 0x00007FFD53FCA799
Exception at PC 0x00007FFD53FCA799
