21:24:21 INFO  : Registering command handlers for SDK TCF services
21:24:21 INFO  : Launching XSCT server: xsct.bat -interactive E:\Exercise\FPGA\FPGA_CNN\02_cifar10_cnn\vivado\ex01_pfm_cmos\hw\pfm_cmos.sdk\temp_xsdb_launch_script.tcl
21:24:21 INFO  : Validating SDSoC License
21:24:22 INFO  : License available for SDSoC
21:24:22 INFO  : Validating SDAccel License
21:24:22 INFO  : License for SDAccel is unavailable
21:24:24 INFO  : XSCT server has started successfully.
21:24:24 INFO  : Successfully done setting XSCT server connection channel  
21:24:24 INFO  : Successfully done setting SDK workspace  
21:25:32 INFO  : Project 'hw_cmos' created. You can now create BSPs and application projects targeting this hardware platform.
21:28:03 INFO  : Connected to target on host '127.0.0.1' and port '3121'.
21:28:08 INFO  : Jtag cable 'Digilent JTAG-SMT1 210203368853A' is selected.
21:28:08 INFO  : 'jtag frequency' command is executed.
21:28:08 INFO  : Sourcing of 'E:/Exercise/FPGA/FPGA_CNN/02_cifar10_cnn/vivado/ex01_pfm_cmos/hw/pfm_cmos.sdk/hw_cmos/ps7_init.tcl' is done.
21:28:08 INFO  : Context for 'APU' is selected.
21:28:08 INFO  : System reset is completed.
21:28:11 INFO  : 'after 3000' command is executed.
21:28:11 INFO  : 'targets -set -filter {jtag_cable_name =~ "Digilent JTAG-SMT1 210203368853A" && level==0} -index 1' command is executed.
21:28:14 INFO  : FPGA configured successfully with bitstream "E:/Exercise/FPGA/FPGA_CNN/02_cifar10_cnn/vivado/ex01_pfm_cmos/hw/pfm_cmos.sdk/hw_cmos/pfm_cmos_wrapper.bit"
21:28:14 INFO  : Context for 'APU' is selected.
21:28:14 INFO  : Hardware design information is loaded from 'E:/Exercise/FPGA/FPGA_CNN/02_cifar10_cnn/vivado/ex01_pfm_cmos/hw/pfm_cmos.sdk/hw_cmos/system.hdf'.
21:28:14 INFO  : Context for 'APU' is selected.
21:28:15 INFO  : 'ps7_init' command is executed.
21:28:15 INFO  : 'ps7_post_config' command is executed.
21:28:15 INFO  : Context for processor 'ps7_cortexa9_0' is selected.
21:28:15 INFO  : The application 'E:/Exercise/FPGA/FPGA_CNN/02_cifar10_cnn/vivado/ex01_pfm_cmos/hw/pfm_cmos.sdk/cmos/Debug/cmos.elf' is downloaded to processor 'ps7_cortexa9_0'.
21:28:15 INFO  : ----------------XSDB Script----------------
connect -url tcp:127.0.0.1:3121
source E:/Exercise/FPGA/FPGA_CNN/02_cifar10_cnn/vivado/ex01_pfm_cmos/hw/pfm_cmos.sdk/hw_cmos/ps7_init.tcl
targets -set -nocase -filter {name =~"APU*" && jtag_cable_name =~ "Digilent JTAG-SMT1 210203368853A"} -index 0
rst -system
after 3000
targets -set -filter {jtag_cable_name =~ "Digilent JTAG-SMT1 210203368853A" && level==0} -index 1
fpga -file E:/Exercise/FPGA/FPGA_CNN/02_cifar10_cnn/vivado/ex01_pfm_cmos/hw/pfm_cmos.sdk/hw_cmos/pfm_cmos_wrapper.bit
targets -set -nocase -filter {name =~"APU*" && jtag_cable_name =~ "Digilent JTAG-SMT1 210203368853A"} -index 0
loadhw E:/Exercise/FPGA/FPGA_CNN/02_cifar10_cnn/vivado/ex01_pfm_cmos/hw/pfm_cmos.sdk/hw_cmos/system.hdf
targets -set -nocase -filter {name =~"APU*" && jtag_cable_name =~ "Digilent JTAG-SMT1 210203368853A"} -index 0
ps7_init
ps7_post_config
targets -set -nocase -filter {name =~ "ARM*#0" && jtag_cable_name =~ "Digilent JTAG-SMT1 210203368853A"} -index 0
dow E:/Exercise/FPGA/FPGA_CNN/02_cifar10_cnn/vivado/ex01_pfm_cmos/hw/pfm_cmos.sdk/cmos/Debug/cmos.elf
----------------End of Script----------------

21:28:15 INFO  : Memory regions updated for context APU
21:28:15 INFO  : Context for processor 'ps7_cortexa9_0' is selected.
21:28:15 INFO  : 'con' command is executed.
21:28:15 INFO  : ----------------XSDB Script (After Launch)----------------
targets -set -nocase -filter {name =~ "ARM*#0" && jtag_cable_name =~ "Digilent JTAG-SMT1 210203368853A"} -index 0
con
----------------End of Script----------------

21:28:15 INFO  : Launch script is exported to file 'E:\Exercise\FPGA\FPGA_CNN\02_cifar10_cnn\vivado\ex01_pfm_cmos\hw\pfm_cmos.sdk\.sdk\launch_scripts\xilinx_c-c++_application_(system_debugger)\system_debugger_using_debug_cmos.elf_on_local.tcl'
21:29:36 INFO  : Disconnected from the channel tcfchan#1.
