#-----------------------------------------------------------
# Webtalk v2016.4_sdx (64-bit)
# SW Build 1806307 on Thu Mar  9 15:24:31 MST 2017
# 
# Start of session at: Thu Aug 27 16:41:03 2020
# Process ID: 7932
# Current directory: E:/Exercise/FPGA/FPGA_CNN/02_cifar10_cnn/vivado/ex03_hdmi_disp/dma_rd.sdk/webtalk
# Command line: wbtcv.exe -mode batch -source sdk_webtalk.tcl
# Log file: E:/Exercise/FPGA/FPGA_CNN/02_cifar10_cnn/vivado/ex03_hdmi_disp/dma_rd.sdk/webtalk/webtalk.log
# Journal file: E:/Exercise/FPGA/FPGA_CNN/02_cifar10_cnn/vivado/ex03_hdmi_disp/dma_rd.sdk/webtalk\webtalk.jou
#-----------------------------------------------------------
source sdk_webtalk.tcl
# webtalk_init -webtalk_dir E:\\Exercise\\FPGA\\FPGA_CNN\\02_cifar10_cnn\\vivado\\ex03_hdmi_disp\\dma_rd.sdk\\webtalk
# webtalk_register_client -client project
# webtalk_add_data -client project -key date_generated -value "2020-08-27 16:41:03" -context "software_version_and_target_device"
# webtalk_add_data -client project -key product_version -value "SDK v2016.3" -context "software_version_and_target_device"
# webtalk_add_data -client project -key build_version -value "2016.3" -context "software_version_and_target_device"
# webtalk_add_data -client project -key os_platform -value "amd64" -context "software_version_and_target_device"
# webtalk_add_data -client project -key registration_id -value "" -context "software_version_and_target_device"
# webtalk_add_data -client project -key tool_flow -value "SDK" -context "software_version_and_target_device"
# webtalk_add_data -client project -key beta -value "false" -context "software_version_and_target_device"
# webtalk_add_data -client project -key route_design -value "NA" -context "software_version_and_target_device"
# webtalk_add_data -client project -key target_family -value "NA" -context "software_version_and_target_device"
# webtalk_add_data -client project -key target_device -value "NA" -context "software_version_and_target_device"
# webtalk_add_data -client project -key target_package -value "NA" -context "software_version_and_target_device"
# webtalk_add_data -client project -key target_speed -value "NA" -context "software_version_and_target_device"
# webtalk_add_data -client project -key random_id -value "lukgjbrmqi2fuavk8bpl902jdu" -context "software_version_and_target_device"
# webtalk_add_data -client project -key project_id -value "2016.3_18" -context "software_version_and_target_device"
# webtalk_add_data -client project -key project_iteration -value "18" -context "software_version_and_target_device"
# webtalk_add_data -client project -key os_name -value "Microsoft Windows 8 or later , 64-bit" -context "user_environment"
# webtalk_add_data -client project -key os_release -value "major release  (build 9200)" -context "user_environment"
# webtalk_add_data -client project -key cpu_name -value "Intel(R) Core(TM) i7-9750H CPU @ 2.60GHz" -context "user_environment"
# webtalk_add_data -client project -key cpu_speed -value "2592 MHz" -context "user_environment"
# webtalk_add_data -client project -key total_processors -value "1" -context "user_environment"
# webtalk_add_data -client project -key system_ram -value "17.000 GB" -context "user_environment"
# webtalk_register_client -client sdk
# webtalk_add_data -client sdk -key uid -value "1598517509135" -context "sdk\\\\hardware/1598517509135"
# webtalk_add_data -client sdk -key isZynq -value "true" -context "sdk\\\\hardware/1598517509135"
# webtalk_add_data -client sdk -key isZynqMP -value "false" -context "sdk\\\\hardware/1598517509135"
# webtalk_add_data -client sdk -key Processors -value "2" -context "sdk\\\\hardware/1598517509135"
# webtalk_add_data -client sdk -key VivadoVersion -value "2016.4_sdx" -context "sdk\\\\hardware/1598517509135"
# webtalk_add_data -client sdk -key Arch -value "zynq" -context "sdk\\\\hardware/1598517509135"
# webtalk_add_data -client sdk -key Device -value "7z020" -context "sdk\\\\hardware/1598517509135"
# webtalk_add_data -client sdk -key IsHandoff -value "true" -context "sdk\\\\hardware/1598517509135"
# webtalk_add_data -client sdk -key os -value "NA" -context "sdk\\\\hardware/1598517509135"
# webtalk_add_data -client sdk -key apptemplate -value "NA" -context "sdk\\\\hardware/1598517509135"
# webtalk_add_data -client sdk -key RecordType -value "HWCreation" -context "sdk\\\\hardware/1598517509135"
# webtalk_add_data -client sdk -key uid -value "1598517522412" -context "sdk\\\\bsp/1598517522412"
# webtalk_add_data -client sdk -key hwid -value "1598517509135" -context "sdk\\\\bsp/1598517522412"
# webtalk_add_data -client sdk -key os -value "standalone" -context "sdk\\\\bsp/1598517522412"
# webtalk_add_data -client sdk -key apptemplate -value "hello_world" -context "sdk\\\\bsp/1598517522412"
# webtalk_add_data -client sdk -key RecordType -value "BSPCreation" -context "sdk\\\\bsp/1598517522412"
# webtalk_add_data -client sdk -key uid -value "1598517524673" -context "sdk\\\\application/1598517524673"
# webtalk_add_data -client sdk -key hwid -value "1598517509135" -context "sdk\\\\application/1598517524673"
# webtalk_add_data -client sdk -key bspid -value "1598517522412" -context "sdk\\\\application/1598517524673"
# webtalk_add_data -client sdk -key newbsp -value "true" -context "sdk\\\\application/1598517524673"
# webtalk_add_data -client sdk -key os -value "standalone" -context "sdk\\\\application/1598517524673"
# webtalk_add_data -client sdk -key apptemplate -value "hello_world" -context "sdk\\\\application/1598517524673"
# webtalk_add_data -client sdk -key RecordType -value "APPCreation" -context "sdk\\\\application/1598517524673"
# webtalk_add_data -client sdk -key LangUsed -value "C" -context "sdk\\\\application/1598517524673"
# webtalk_add_data -client sdk -key Procused -value "ps7_cortexa9" -context "sdk\\\\application/1598517524673"
# webtalk_add_data -client sdk -key projSize -value "170.59375" -context "sdk\\\\application/1598517524673"
# webtalk_add_data -client sdk -key uid -value "NA" -context "sdk\\\\bsp/1598517662995"
# webtalk_add_data -client sdk -key RecordType -value "ToolUsage" -context "sdk\\\\bsp/1598517662995"
# webtalk_add_data -client sdk -key BootgenCount -value "0" -context "sdk\\\\bsp/1598517662995"
# webtalk_add_data -client sdk -key DebugCount -value "1" -context "sdk\\\\bsp/1598517662995"
# webtalk_add_data -client sdk -key PerfCount -value "0" -context "sdk\\\\bsp/1598517662995"
# webtalk_add_data -client sdk -key FlashCount -value "0" -context "sdk\\\\bsp/1598517662995"
# webtalk_add_data -client sdk -key CrossTriggCount -value "0" -context "sdk\\\\bsp/1598517662995"
# webtalk_add_data -client sdk -key QemuDebugCount -value "0" -context "sdk\\\\bsp/1598517662995"
# webtalk_transmit -clientid 29711295 -regid "" -xml E:\\Exercise\\FPGA\\FPGA_CNN\\02_cifar10_cnn\\vivado\\ex03_hdmi_disp\\dma_rd.sdk\\webtalk\\usage_statistics_ext_sdk.xml -html E:\\Exercise\\FPGA\\FPGA_CNN\\02_cifar10_cnn\\vivado\\ex03_hdmi_disp\\dma_rd.sdk\\webtalk\\usage_statistics_ext_sdk.html -wdm E:\\Exercise\\FPGA\\FPGA_CNN\\02_cifar10_cnn\\vivado\\ex03_hdmi_disp\\dma_rd.sdk\\webtalk\\sdk_webtalk.wdm -intro "<H3>SDK Usage Report</H3><BR>"
# webtalk_terminate
INFO: [Common 17-206] Exiting Webtalk at Thu Aug 27 16:41:11 2020...
