18:26:30 INFO  : Registering command handlers for SDK TCF services
18:26:30 INFO  : Launching XSCT server: xsct.bat -interactive E:\Exercise\FPGA\FPGA_CNN\01_mnist_cnn\vivado\new_cnn_lenet5\design.sdk\temp_xsdb_launch_script.tcl
18:26:30 INFO  : Validating SDSoC License
18:26:31 INFO  : License available for SDSoC
18:26:31 INFO  : Validating SDAccel License
18:26:31 INFO  : License for SDAccel is unavailable
18:26:32 INFO  : XSCT server has started successfully.
18:26:32 INFO  : Successfully done setting XSCT server connection channel  
18:26:32 INFO  : Successfully done setting SDK workspace  
18:31:02 INFO  : Refreshed build settings on project mnist_lenet5
18:33:12 INFO  : Connected to target on host '127.0.0.1' and port '3121'.
18:33:17 INFO  : Jtag cable 'Digilent JTAG-SMT1 210203368853A' is selected.
18:33:17 INFO  : 'jtag frequency' command is executed.
18:33:17 INFO  : Sourcing of 'E:/Exercise/FPGA/FPGA_CNN/01_mnist_cnn/vivado/new_cnn_lenet5/design.sdk/cnn_platform/ps7_init.tcl' is done.
18:33:17 INFO  : Context for 'APU' is selected.
18:33:17 INFO  : System reset is completed.
18:33:20 INFO  : 'after 3000' command is executed.
18:33:21 INFO  : 'targets -set -filter {jtag_cable_name =~ "Digilent JTAG-SMT1 210203368853A" && level==0} -index 1' command is executed.
18:33:23 INFO  : FPGA configured successfully with bitstream "E:/Exercise/FPGA/FPGA_CNN/01_mnist_cnn/vivado/new_cnn_lenet5/design.sdk/cnn_platform/design_1_wrapper.bit"
18:33:23 INFO  : Context for 'APU' is selected.
18:33:24 INFO  : Hardware design information is loaded from 'E:/Exercise/FPGA/FPGA_CNN/01_mnist_cnn/vivado/new_cnn_lenet5/design.sdk/cnn_platform/system.hdf'.
18:33:24 INFO  : Context for 'APU' is selected.
18:33:24 INFO  : 'ps7_init' command is executed.
18:33:24 INFO  : 'ps7_post_config' command is executed.
18:33:24 INFO  : ----------------XSDB Script----------------
connect -url tcp:127.0.0.1:3121
source E:/Exercise/FPGA/FPGA_CNN/01_mnist_cnn/vivado/new_cnn_lenet5/design.sdk/cnn_platform/ps7_init.tcl
targets -set -nocase -filter {name =~"APU*" && jtag_cable_name =~ "Digilent JTAG-SMT1 210203368853A"} -index 0
rst -system
after 3000
targets -set -filter {jtag_cable_name =~ "Digilent JTAG-SMT1 210203368853A" && level==0} -index 1
fpga -file E:/Exercise/FPGA/FPGA_CNN/01_mnist_cnn/vivado/new_cnn_lenet5/design.sdk/cnn_platform/design_1_wrapper.bit
targets -set -nocase -filter {name =~"APU*" && jtag_cable_name =~ "Digilent JTAG-SMT1 210203368853A"} -index 0
loadhw E:/Exercise/FPGA/FPGA_CNN/01_mnist_cnn/vivado/new_cnn_lenet5/design.sdk/cnn_platform/system.hdf
targets -set -nocase -filter {name =~"APU*" && jtag_cable_name =~ "Digilent JTAG-SMT1 210203368853A"} -index 0
ps7_init
ps7_post_config
----------------End of Script----------------

18:33:24 INFO  : Memory regions updated for context APU
18:33:24 INFO  : Launch script is exported to file 'E:\Exercise\FPGA\FPGA_CNN\01_mnist_cnn\vivado\new_cnn_lenet5\design.sdk\.sdk\launch_scripts\xilinx_c-c++_application_(system_debugger)\system_debugger_on_local.tcl'
18:33:27 INFO  : Disconnected from the channel tcfchan#1.
18:34:50 INFO  : 'targets -set -filter {jtag_cable_name =~ "Digilent JTAG-SMT1 210203368853A" && level==0} -index 1' command is executed.
18:34:50 INFO  : 'fpga -state' command is executed.
18:34:50 INFO  : Connected to target on host '127.0.0.1' and port '3121'.
18:34:51 INFO  : Jtag cable 'Digilent JTAG-SMT1 210203368853A' is selected.
18:34:51 INFO  : 'jtag frequency' command is executed.
18:34:51 INFO  : Sourcing of 'E:/Exercise/FPGA/FPGA_CNN/01_mnist_cnn/vivado/new_cnn_lenet5/design.sdk/cnn_platform/ps7_init.tcl' is done.
18:34:51 INFO  : Context for 'APU' is selected.
18:34:51 INFO  : Hardware design information is loaded from 'E:/Exercise/FPGA/FPGA_CNN/01_mnist_cnn/vivado/new_cnn_lenet5/design.sdk/cnn_platform/system.hdf'.
18:34:51 INFO  : Context for 'APU' is selected.
18:34:51 INFO  : 'stop' command is executed.
18:34:51 INFO  : 'ps7_init' command is executed.
18:34:51 INFO  : 'ps7_post_config' command is executed.
18:34:51 INFO  : Context for processor 'ps7_cortexa9_0' is selected.
18:34:51 INFO  : Processor reset is completed for 'ps7_cortexa9_0'.
18:34:51 INFO  : Context for processor 'ps7_cortexa9_0' is selected.
18:34:52 INFO  : The application 'E:/Exercise/FPGA/FPGA_CNN/01_mnist_cnn/vivado/new_cnn_lenet5/design.sdk/mnist_lenet5/Debug/mnist_lenet5.elf' is downloaded to processor 'ps7_cortexa9_0'.
18:34:52 INFO  : ----------------XSDB Script----------------
connect -url tcp:127.0.0.1:3121
source E:/Exercise/FPGA/FPGA_CNN/01_mnist_cnn/vivado/new_cnn_lenet5/design.sdk/cnn_platform/ps7_init.tcl
targets -set -nocase -filter {name =~"APU*" && jtag_cable_name =~ "Digilent JTAG-SMT1 210203368853A"} -index 0
loadhw E:/Exercise/FPGA/FPGA_CNN/01_mnist_cnn/vivado/new_cnn_lenet5/design.sdk/cnn_platform/system.hdf
targets -set -nocase -filter {name =~"APU*" && jtag_cable_name =~ "Digilent JTAG-SMT1 210203368853A"} -index 0
stop
ps7_init
ps7_post_config
targets -set -nocase -filter {name =~ "ARM*#0" && jtag_cable_name =~ "Digilent JTAG-SMT1 210203368853A"} -index 0
rst -processor
targets -set -nocase -filter {name =~ "ARM*#0" && jtag_cable_name =~ "Digilent JTAG-SMT1 210203368853A"} -index 0
dow E:/Exercise/FPGA/FPGA_CNN/01_mnist_cnn/vivado/new_cnn_lenet5/design.sdk/mnist_lenet5/Debug/mnist_lenet5.elf
----------------End of Script----------------

18:34:52 INFO  : Memory regions updated for context APU
18:34:52 INFO  : Context for processor 'ps7_cortexa9_0' is selected.
18:34:52 INFO  : 'con' command is executed.
18:34:52 INFO  : ----------------XSDB Script (After Launch)----------------
targets -set -nocase -filter {name =~ "ARM*#0" && jtag_cable_name =~ "Digilent JTAG-SMT1 210203368853A"} -index 0
con
----------------End of Script----------------

18:34:52 INFO  : Launch script is exported to file 'E:\Exercise\FPGA\FPGA_CNN\01_mnist_cnn\vivado\new_cnn_lenet5\design.sdk\.sdk\launch_scripts\xilinx_c-c++_application_(system_debugger)\system_debugger_using_debug_mnist_lenet5.elf_on_local.tcl'
18:35:07 INFO  : Disconnected from the channel tcfchan#2.
18:37:12 INFO  : Connected to target on host '127.0.0.1' and port '3121'.
18:37:13 INFO  : Jtag cable 'Digilent JTAG-SMT1 210203368853A' is selected.
18:37:13 INFO  : 'jtag frequency' command is executed.
18:37:13 INFO  : Sourcing of 'E:/Exercise/FPGA/FPGA_CNN/01_mnist_cnn/vivado/new_cnn_lenet5/design.sdk/cnn_platform/ps7_init.tcl' is done.
18:37:13 INFO  : Context for 'APU' is selected.
18:37:13 INFO  : System reset is completed.
18:37:16 INFO  : 'after 3000' command is executed.
18:37:16 INFO  : 'targets -set -filter {jtag_cable_name =~ "Digilent JTAG-SMT1 210203368853A" && level==0} -index 1' command is executed.
18:37:19 INFO  : FPGA configured successfully with bitstream "E:/Exercise/FPGA/FPGA_CNN/01_mnist_cnn/vivado/new_cnn_lenet5/design.sdk/cnn_platform/design_1_wrapper.bit"
18:37:19 INFO  : Context for 'APU' is selected.
18:37:19 INFO  : Hardware design information is loaded from 'E:/Exercise/FPGA/FPGA_CNN/01_mnist_cnn/vivado/new_cnn_lenet5/design.sdk/cnn_platform/system.hdf'.
18:37:19 INFO  : Context for 'APU' is selected.
18:37:19 INFO  : 'ps7_init' command is executed.
18:37:19 INFO  : 'ps7_post_config' command is executed.
18:37:19 INFO  : Context for processor 'ps7_cortexa9_0' is selected.
18:37:20 INFO  : The application 'E:/Exercise/FPGA/FPGA_CNN/01_mnist_cnn/vivado/new_cnn_lenet5/design.sdk/mnist_lenet5/Debug/mnist_lenet5.elf' is downloaded to processor 'ps7_cortexa9_0'.
18:37:20 INFO  : ----------------XSDB Script----------------
connect -url tcp:127.0.0.1:3121
source E:/Exercise/FPGA/FPGA_CNN/01_mnist_cnn/vivado/new_cnn_lenet5/design.sdk/cnn_platform/ps7_init.tcl
targets -set -nocase -filter {name =~"APU*" && jtag_cable_name =~ "Digilent JTAG-SMT1 210203368853A"} -index 0
rst -system
after 3000
targets -set -filter {jtag_cable_name =~ "Digilent JTAG-SMT1 210203368853A" && level==0} -index 1
fpga -file E:/Exercise/FPGA/FPGA_CNN/01_mnist_cnn/vivado/new_cnn_lenet5/design.sdk/cnn_platform/design_1_wrapper.bit
targets -set -nocase -filter {name =~"APU*" && jtag_cable_name =~ "Digilent JTAG-SMT1 210203368853A"} -index 0
loadhw E:/Exercise/FPGA/FPGA_CNN/01_mnist_cnn/vivado/new_cnn_lenet5/design.sdk/cnn_platform/system.hdf
targets -set -nocase -filter {name =~"APU*" && jtag_cable_name =~ "Digilent JTAG-SMT1 210203368853A"} -index 0
ps7_init
ps7_post_config
targets -set -nocase -filter {name =~ "ARM*#0" && jtag_cable_name =~ "Digilent JTAG-SMT1 210203368853A"} -index 0
dow E:/Exercise/FPGA/FPGA_CNN/01_mnist_cnn/vivado/new_cnn_lenet5/design.sdk/mnist_lenet5/Debug/mnist_lenet5.elf
----------------End of Script----------------

18:37:20 INFO  : Memory regions updated for context APU
18:37:20 INFO  : Context for processor 'ps7_cortexa9_0' is selected.
18:37:20 INFO  : 'con' command is executed.
18:37:20 INFO  : ----------------XSDB Script (After Launch)----------------
targets -set -nocase -filter {name =~ "ARM*#0" && jtag_cable_name =~ "Digilent JTAG-SMT1 210203368853A"} -index 0
con
----------------End of Script----------------

18:37:20 INFO  : Launch script is exported to file 'E:\Exercise\FPGA\FPGA_CNN\01_mnist_cnn\vivado\new_cnn_lenet5\design.sdk\.sdk\launch_scripts\xilinx_c-c++_application_(system_debugger)\system_debugger_using_debug_mnist_lenet5.elf_on_local.tcl'
18:38:12 INFO  : Disconnected from the channel tcfchan#3.
18:47:25 INFO  : Connected to target on host '127.0.0.1' and port '3121'.
18:47:30 INFO  : Jtag cable 'Digilent JTAG-SMT1 210203368853A' is selected.
18:47:30 INFO  : 'jtag frequency' command is executed.
18:47:30 INFO  : Sourcing of 'E:/Exercise/FPGA/FPGA_CNN/01_mnist_cnn/vivado/new_cnn_lenet5/design.sdk/cnn_platform/ps7_init.tcl' is done.
18:47:30 INFO  : Context for 'APU' is selected.
18:47:30 INFO  : System reset is completed.
18:47:33 INFO  : 'after 3000' command is executed.
18:47:34 INFO  : 'targets -set -filter {jtag_cable_name =~ "Digilent JTAG-SMT1 210203368853A" && level==0} -index 1' command is executed.
18:47:36 INFO  : FPGA configured successfully with bitstream "E:/Exercise/FPGA/FPGA_CNN/01_mnist_cnn/vivado/new_cnn_lenet5/design.sdk/cnn_platform/design_1_wrapper.bit"
18:47:36 INFO  : Context for 'APU' is selected.
18:47:36 INFO  : Hardware design information is loaded from 'E:/Exercise/FPGA/FPGA_CNN/01_mnist_cnn/vivado/new_cnn_lenet5/design.sdk/cnn_platform/system.hdf'.
18:47:36 INFO  : Context for 'APU' is selected.
18:47:37 INFO  : 'ps7_init' command is executed.
18:47:37 INFO  : 'ps7_post_config' command is executed.
18:47:37 INFO  : Context for processor 'ps7_cortexa9_0' is selected.
18:47:37 INFO  : The application 'E:/Exercise/FPGA/FPGA_CNN/01_mnist_cnn/vivado/new_cnn_lenet5/design.sdk/mnist_lenet5/Debug/mnist_lenet5.elf' is downloaded to processor 'ps7_cortexa9_0'.
18:47:37 INFO  : ----------------XSDB Script----------------
connect -url tcp:127.0.0.1:3121
source E:/Exercise/FPGA/FPGA_CNN/01_mnist_cnn/vivado/new_cnn_lenet5/design.sdk/cnn_platform/ps7_init.tcl
targets -set -nocase -filter {name =~"APU*" && jtag_cable_name =~ "Digilent JTAG-SMT1 210203368853A"} -index 0
rst -system
after 3000
targets -set -filter {jtag_cable_name =~ "Digilent JTAG-SMT1 210203368853A" && level==0} -index 1
fpga -file E:/Exercise/FPGA/FPGA_CNN/01_mnist_cnn/vivado/new_cnn_lenet5/design.sdk/cnn_platform/design_1_wrapper.bit
targets -set -nocase -filter {name =~"APU*" && jtag_cable_name =~ "Digilent JTAG-SMT1 210203368853A"} -index 0
loadhw E:/Exercise/FPGA/FPGA_CNN/01_mnist_cnn/vivado/new_cnn_lenet5/design.sdk/cnn_platform/system.hdf
targets -set -nocase -filter {name =~"APU*" && jtag_cable_name =~ "Digilent JTAG-SMT1 210203368853A"} -index 0
ps7_init
ps7_post_config
targets -set -nocase -filter {name =~ "ARM*#0" && jtag_cable_name =~ "Digilent JTAG-SMT1 210203368853A"} -index 0
dow E:/Exercise/FPGA/FPGA_CNN/01_mnist_cnn/vivado/new_cnn_lenet5/design.sdk/mnist_lenet5/Debug/mnist_lenet5.elf
----------------End of Script----------------

18:47:37 INFO  : Memory regions updated for context APU
18:47:37 INFO  : Context for processor 'ps7_cortexa9_0' is selected.
18:47:37 INFO  : 'con' command is executed.
18:47:37 INFO  : ----------------XSDB Script (After Launch)----------------
targets -set -nocase -filter {name =~ "ARM*#0" && jtag_cable_name =~ "Digilent JTAG-SMT1 210203368853A"} -index 0
con
----------------End of Script----------------

18:47:37 INFO  : Launch script is exported to file 'E:\Exercise\FPGA\FPGA_CNN\01_mnist_cnn\vivado\new_cnn_lenet5\design.sdk\.sdk\launch_scripts\xilinx_c-c++_application_(system_debugger)\system_debugger_using_debug_mnist_lenet5.elf_on_local.tcl'
18:48:11 INFO  : Disconnected from the channel tcfchan#4.
18:52:44 INFO  : Connected to target on host '127.0.0.1' and port '3121'.
18:52:49 INFO  : Jtag cable 'Digilent JTAG-SMT1 210203368853A' is selected.
18:52:49 INFO  : 'jtag frequency' command is executed.
18:52:49 INFO  : Sourcing of 'E:/Exercise/FPGA/FPGA_CNN/01_mnist_cnn/vivado/new_cnn_lenet5/design.sdk/cnn_platform/ps7_init.tcl' is done.
18:52:49 INFO  : Context for 'APU' is selected.
18:52:49 INFO  : System reset is completed.
18:52:52 INFO  : 'after 3000' command is executed.
18:52:52 INFO  : 'targets -set -filter {jtag_cable_name =~ "Digilent JTAG-SMT1 210203368853A" && level==0} -index 1' command is executed.
18:52:55 INFO  : FPGA configured successfully with bitstream "E:/Exercise/FPGA/FPGA_CNN/01_mnist_cnn/vivado/new_cnn_lenet5/design.sdk/cnn_platform/design_1_wrapper.bit"
18:52:55 INFO  : Context for 'APU' is selected.
18:52:55 INFO  : Hardware design information is loaded from 'E:/Exercise/FPGA/FPGA_CNN/01_mnist_cnn/vivado/new_cnn_lenet5/design.sdk/cnn_platform/system.hdf'.
18:52:55 INFO  : Context for 'APU' is selected.
18:52:56 INFO  : 'ps7_init' command is executed.
18:52:56 INFO  : 'ps7_post_config' command is executed.
18:52:56 INFO  : Context for processor 'ps7_cortexa9_0' is selected.
18:52:56 INFO  : The application 'E:/Exercise/FPGA/FPGA_CNN/01_mnist_cnn/vivado/new_cnn_lenet5/design.sdk/mnist_lenet5/Debug/mnist_lenet5.elf' is downloaded to processor 'ps7_cortexa9_0'.
18:52:56 INFO  : ----------------XSDB Script----------------
connect -url tcp:127.0.0.1:3121
source E:/Exercise/FPGA/FPGA_CNN/01_mnist_cnn/vivado/new_cnn_lenet5/design.sdk/cnn_platform/ps7_init.tcl
targets -set -nocase -filter {name =~"APU*" && jtag_cable_name =~ "Digilent JTAG-SMT1 210203368853A"} -index 0
rst -system
after 3000
targets -set -filter {jtag_cable_name =~ "Digilent JTAG-SMT1 210203368853A" && level==0} -index 1
fpga -file E:/Exercise/FPGA/FPGA_CNN/01_mnist_cnn/vivado/new_cnn_lenet5/design.sdk/cnn_platform/design_1_wrapper.bit
targets -set -nocase -filter {name =~"APU*" && jtag_cable_name =~ "Digilent JTAG-SMT1 210203368853A"} -index 0
loadhw E:/Exercise/FPGA/FPGA_CNN/01_mnist_cnn/vivado/new_cnn_lenet5/design.sdk/cnn_platform/system.hdf
targets -set -nocase -filter {name =~"APU*" && jtag_cable_name =~ "Digilent JTAG-SMT1 210203368853A"} -index 0
ps7_init
ps7_post_config
targets -set -nocase -filter {name =~ "ARM*#0" && jtag_cable_name =~ "Digilent JTAG-SMT1 210203368853A"} -index 0
dow E:/Exercise/FPGA/FPGA_CNN/01_mnist_cnn/vivado/new_cnn_lenet5/design.sdk/mnist_lenet5/Debug/mnist_lenet5.elf
----------------End of Script----------------

18:52:56 INFO  : Memory regions updated for context APU
18:52:56 INFO  : Context for processor 'ps7_cortexa9_0' is selected.
18:52:56 INFO  : 'con' command is executed.
18:52:56 INFO  : ----------------XSDB Script (After Launch)----------------
targets -set -nocase -filter {name =~ "ARM*#0" && jtag_cable_name =~ "Digilent JTAG-SMT1 210203368853A"} -index 0
con
----------------End of Script----------------

18:52:56 INFO  : Launch script is exported to file 'E:\Exercise\FPGA\FPGA_CNN\01_mnist_cnn\vivado\new_cnn_lenet5\design.sdk\.sdk\launch_scripts\xilinx_c-c++_application_(system_debugger)\system_debugger_using_debug_mnist_lenet5.elf_on_local.tcl'
18:53:28 INFO  : Disconnected from the channel tcfchan#5.
18:54:33 INFO  : Connected to target on host '127.0.0.1' and port '3121'.
18:54:38 INFO  : Jtag cable 'Digilent JTAG-SMT1 210203368853A' is selected.
18:54:38 INFO  : 'jtag frequency' command is executed.
18:54:38 INFO  : Sourcing of 'E:/Exercise/FPGA/FPGA_CNN/01_mnist_cnn/vivado/new_cnn_lenet5/design.sdk/cnn_platform/ps7_init.tcl' is done.
18:54:38 INFO  : Context for 'APU' is selected.
18:54:38 INFO  : System reset is completed.
18:54:41 INFO  : 'after 3000' command is executed.
18:54:42 INFO  : 'targets -set -filter {jtag_cable_name =~ "Digilent JTAG-SMT1 210203368853A" && level==0} -index 1' command is executed.
18:54:44 INFO  : FPGA configured successfully with bitstream "E:/Exercise/FPGA/FPGA_CNN/01_mnist_cnn/vivado/new_cnn_lenet5/design.sdk/cnn_platform/design_1_wrapper.bit"
18:54:44 INFO  : Context for 'APU' is selected.
18:54:44 INFO  : Hardware design information is loaded from 'E:/Exercise/FPGA/FPGA_CNN/01_mnist_cnn/vivado/new_cnn_lenet5/design.sdk/cnn_platform/system.hdf'.
18:54:44 INFO  : Context for 'APU' is selected.
18:54:45 INFO  : 'ps7_init' command is executed.
18:54:45 INFO  : 'ps7_post_config' command is executed.
18:54:45 INFO  : Context for processor 'ps7_cortexa9_0' is selected.
18:54:45 INFO  : The application 'E:/Exercise/FPGA/FPGA_CNN/01_mnist_cnn/vivado/new_cnn_lenet5/design.sdk/mnist_lenet5/Debug/mnist_lenet5.elf' is downloaded to processor 'ps7_cortexa9_0'.
18:54:45 INFO  : ----------------XSDB Script----------------
connect -url tcp:127.0.0.1:3121
source E:/Exercise/FPGA/FPGA_CNN/01_mnist_cnn/vivado/new_cnn_lenet5/design.sdk/cnn_platform/ps7_init.tcl
targets -set -nocase -filter {name =~"APU*" && jtag_cable_name =~ "Digilent JTAG-SMT1 210203368853A"} -index 0
rst -system
after 3000
targets -set -filter {jtag_cable_name =~ "Digilent JTAG-SMT1 210203368853A" && level==0} -index 1
fpga -file E:/Exercise/FPGA/FPGA_CNN/01_mnist_cnn/vivado/new_cnn_lenet5/design.sdk/cnn_platform/design_1_wrapper.bit
targets -set -nocase -filter {name =~"APU*" && jtag_cable_name =~ "Digilent JTAG-SMT1 210203368853A"} -index 0
loadhw E:/Exercise/FPGA/FPGA_CNN/01_mnist_cnn/vivado/new_cnn_lenet5/design.sdk/cnn_platform/system.hdf
targets -set -nocase -filter {name =~"APU*" && jtag_cable_name =~ "Digilent JTAG-SMT1 210203368853A"} -index 0
ps7_init
ps7_post_config
targets -set -nocase -filter {name =~ "ARM*#0" && jtag_cable_name =~ "Digilent JTAG-SMT1 210203368853A"} -index 0
dow E:/Exercise/FPGA/FPGA_CNN/01_mnist_cnn/vivado/new_cnn_lenet5/design.sdk/mnist_lenet5/Debug/mnist_lenet5.elf
----------------End of Script----------------

18:54:45 INFO  : Memory regions updated for context APU
18:54:45 INFO  : Context for processor 'ps7_cortexa9_0' is selected.
18:54:45 INFO  : 'con' command is executed.
18:54:45 INFO  : ----------------XSDB Script (After Launch)----------------
targets -set -nocase -filter {name =~ "ARM*#0" && jtag_cable_name =~ "Digilent JTAG-SMT1 210203368853A"} -index 0
con
----------------End of Script----------------

18:54:45 INFO  : Launch script is exported to file 'E:\Exercise\FPGA\FPGA_CNN\01_mnist_cnn\vivado\new_cnn_lenet5\design.sdk\.sdk\launch_scripts\xilinx_c-c++_application_(system_debugger)\system_debugger_using_debug_mnist_lenet5.elf_on_local.tcl'
18:54:58 INFO  : Disconnected from the channel tcfchan#6.
20:01:02 INFO  : Connected to target on host '127.0.0.1' and port '3121'.
20:01:03 INFO  : Jtag cable 'Digilent JTAG-SMT1 210203368853A' is selected.
20:01:03 INFO  : 'jtag frequency' command is executed.
20:01:03 INFO  : Sourcing of 'E:/Exercise/FPGA/FPGA_CNN/01_mnist_cnn/vivado/new_cnn_lenet5/design.sdk/cnn_platform/ps7_init.tcl' is done.
20:01:03 INFO  : Context for 'APU' is selected.
20:01:03 INFO  : System reset is completed.
20:01:06 INFO  : 'after 3000' command is executed.
20:01:07 INFO  : 'targets -set -filter {jtag_cable_name =~ "Digilent JTAG-SMT1 210203368853A" && level==0} -index 1' command is executed.
20:01:09 INFO  : FPGA configured successfully with bitstream "E:/Exercise/FPGA/FPGA_CNN/01_mnist_cnn/vivado/new_cnn_lenet5/design.sdk/cnn_platform/design_1_wrapper.bit"
20:01:09 INFO  : Context for 'APU' is selected.
20:01:09 INFO  : Hardware design information is loaded from 'E:/Exercise/FPGA/FPGA_CNN/01_mnist_cnn/vivado/new_cnn_lenet5/design.sdk/cnn_platform/system.hdf'.
20:01:09 INFO  : Context for 'APU' is selected.
20:01:09 INFO  : 'ps7_init' command is executed.
20:01:09 INFO  : 'ps7_post_config' command is executed.
20:01:09 INFO  : Context for processor 'ps7_cortexa9_0' is selected.
20:01:10 INFO  : The application 'E:/Exercise/FPGA/FPGA_CNN/01_mnist_cnn/vivado/new_cnn_lenet5/design.sdk/mnist_lenet5/Debug/mnist_lenet5.elf' is downloaded to processor 'ps7_cortexa9_0'.
20:01:10 INFO  : ----------------XSDB Script----------------
connect -url tcp:127.0.0.1:3121
source E:/Exercise/FPGA/FPGA_CNN/01_mnist_cnn/vivado/new_cnn_lenet5/design.sdk/cnn_platform/ps7_init.tcl
targets -set -nocase -filter {name =~"APU*" && jtag_cable_name =~ "Digilent JTAG-SMT1 210203368853A"} -index 0
rst -system
after 3000
targets -set -filter {jtag_cable_name =~ "Digilent JTAG-SMT1 210203368853A" && level==0} -index 1
fpga -file E:/Exercise/FPGA/FPGA_CNN/01_mnist_cnn/vivado/new_cnn_lenet5/design.sdk/cnn_platform/design_1_wrapper.bit
targets -set -nocase -filter {name =~"APU*" && jtag_cable_name =~ "Digilent JTAG-SMT1 210203368853A"} -index 0
loadhw E:/Exercise/FPGA/FPGA_CNN/01_mnist_cnn/vivado/new_cnn_lenet5/design.sdk/cnn_platform/system.hdf
targets -set -nocase -filter {name =~"APU*" && jtag_cable_name =~ "Digilent JTAG-SMT1 210203368853A"} -index 0
ps7_init
ps7_post_config
targets -set -nocase -filter {name =~ "ARM*#0" && jtag_cable_name =~ "Digilent JTAG-SMT1 210203368853A"} -index 0
dow E:/Exercise/FPGA/FPGA_CNN/01_mnist_cnn/vivado/new_cnn_lenet5/design.sdk/mnist_lenet5/Debug/mnist_lenet5.elf
----------------End of Script----------------

20:01:10 INFO  : Memory regions updated for context APU
20:01:10 INFO  : Context for processor 'ps7_cortexa9_0' is selected.
20:01:10 INFO  : 'con' command is executed.
20:01:10 INFO  : ----------------XSDB Script (After Launch)----------------
targets -set -nocase -filter {name =~ "ARM*#0" && jtag_cable_name =~ "Digilent JTAG-SMT1 210203368853A"} -index 0
con
----------------End of Script----------------

20:01:10 INFO  : Launch script is exported to file 'E:\Exercise\FPGA\FPGA_CNN\01_mnist_cnn\vivado\new_cnn_lenet5\design.sdk\.sdk\launch_scripts\xilinx_c-c++_application_(system_debugger)\system_debugger_using_debug_mnist_lenet5.elf_on_local.tcl'
20:02:20 INFO  : Disconnected from the channel tcfchan#7.
20:11:42 INFO  : Connected to target on host '127.0.0.1' and port '3121'.
20:11:42 INFO  : Jtag cable 'Digilent JTAG-SMT1 210203368853A' is selected.
20:11:43 INFO  : 'jtag frequency' command is executed.
20:11:43 INFO  : Sourcing of 'E:/Exercise/FPGA/FPGA_CNN/01_mnist_cnn/vivado/new_cnn_lenet5/design.sdk/cnn_platform/ps7_init.tcl' is done.
20:11:43 INFO  : Context for 'APU' is selected.
20:11:43 INFO  : System reset is completed.
20:11:46 INFO  : 'after 3000' command is executed.
20:11:46 INFO  : 'targets -set -filter {jtag_cable_name =~ "Digilent JTAG-SMT1 210203368853A" && level==0} -index 1' command is executed.
20:11:49 INFO  : FPGA configured successfully with bitstream "E:/Exercise/FPGA/FPGA_CNN/01_mnist_cnn/vivado/new_cnn_lenet5/design.sdk/cnn_platform/design_1_wrapper.bit"
20:11:49 INFO  : Context for 'APU' is selected.
20:11:49 INFO  : Hardware design information is loaded from 'E:/Exercise/FPGA/FPGA_CNN/01_mnist_cnn/vivado/new_cnn_lenet5/design.sdk/cnn_platform/system.hdf'.
20:11:49 INFO  : Context for 'APU' is selected.
20:11:49 INFO  : 'ps7_init' command is executed.
20:11:49 INFO  : 'ps7_post_config' command is executed.
20:11:49 INFO  : Context for processor 'ps7_cortexa9_0' is selected.
20:11:50 INFO  : The application 'E:/Exercise/FPGA/FPGA_CNN/01_mnist_cnn/vivado/new_cnn_lenet5/design.sdk/mnist_lenet5/Debug/mnist_lenet5.elf' is downloaded to processor 'ps7_cortexa9_0'.
20:11:50 INFO  : ----------------XSDB Script----------------
connect -url tcp:127.0.0.1:3121
source E:/Exercise/FPGA/FPGA_CNN/01_mnist_cnn/vivado/new_cnn_lenet5/design.sdk/cnn_platform/ps7_init.tcl
targets -set -nocase -filter {name =~"APU*" && jtag_cable_name =~ "Digilent JTAG-SMT1 210203368853A"} -index 0
rst -system
after 3000
targets -set -filter {jtag_cable_name =~ "Digilent JTAG-SMT1 210203368853A" && level==0} -index 1
fpga -file E:/Exercise/FPGA/FPGA_CNN/01_mnist_cnn/vivado/new_cnn_lenet5/design.sdk/cnn_platform/design_1_wrapper.bit
targets -set -nocase -filter {name =~"APU*" && jtag_cable_name =~ "Digilent JTAG-SMT1 210203368853A"} -index 0
loadhw E:/Exercise/FPGA/FPGA_CNN/01_mnist_cnn/vivado/new_cnn_lenet5/design.sdk/cnn_platform/system.hdf
targets -set -nocase -filter {name =~"APU*" && jtag_cable_name =~ "Digilent JTAG-SMT1 210203368853A"} -index 0
ps7_init
ps7_post_config
targets -set -nocase -filter {name =~ "ARM*#0" && jtag_cable_name =~ "Digilent JTAG-SMT1 210203368853A"} -index 0
dow E:/Exercise/FPGA/FPGA_CNN/01_mnist_cnn/vivado/new_cnn_lenet5/design.sdk/mnist_lenet5/Debug/mnist_lenet5.elf
----------------End of Script----------------

20:11:50 INFO  : Memory regions updated for context APU
20:11:50 INFO  : Context for processor 'ps7_cortexa9_0' is selected.
20:11:50 INFO  : 'con' command is executed.
20:11:50 INFO  : ----------------XSDB Script (After Launch)----------------
targets -set -nocase -filter {name =~ "ARM*#0" && jtag_cable_name =~ "Digilent JTAG-SMT1 210203368853A"} -index 0
con
----------------End of Script----------------

20:11:50 INFO  : Launch script is exported to file 'E:\Exercise\FPGA\FPGA_CNN\01_mnist_cnn\vivado\new_cnn_lenet5\design.sdk\.sdk\launch_scripts\xilinx_c-c++_application_(system_debugger)\system_debugger_using_debug_mnist_lenet5.elf_on_local.tcl'
20:51:24 INFO  : Disconnected from the channel tcfchan#8.
23:18:22 INFO  : Registering command handlers for SDK TCF services
23:18:22 INFO  : Launching XSCT server: xsct.bat -interactive E:\Exercise\FPGA\FPGA_CNN\01_mnist_cnn\vivado\new_cnn_lenet5\design.sdk\temp_xsdb_launch_script.tcl
23:18:23 INFO  : Validating SDSoC License
23:18:24 INFO  : License available for SDSoC
23:18:24 INFO  : Validating SDAccel License
23:18:24 INFO  : License for SDAccel is unavailable
23:18:24 INFO  : XSCT server has started successfully.
23:18:25 INFO  : Successfully done setting XSCT server connection channel  
23:18:25 INFO  : Successfully done setting SDK workspace  
23:18:50 INFO  : Connected to target on host '127.0.0.1' and port '3121'.
23:18:51 INFO  : Jtag cable 'Digilent JTAG-SMT1 210203368853A' is selected.
23:18:51 INFO  : 'jtag frequency' command is executed.
23:18:51 INFO  : Sourcing of 'E:/Exercise/FPGA/FPGA_CNN/01_mnist_cnn/vivado/new_cnn_lenet5/design.sdk/cnn_platform/ps7_init.tcl' is done.
23:18:51 INFO  : Context for 'APU' is selected.
23:18:52 INFO  : System reset is completed.
23:18:55 INFO  : 'after 3000' command is executed.
23:18:55 INFO  : 'targets -set -filter {jtag_cable_name =~ "Digilent JTAG-SMT1 210203368853A" && level==0} -index 1' command is executed.
23:18:57 INFO  : FPGA configured successfully with bitstream "E:/Exercise/FPGA/FPGA_CNN/01_mnist_cnn/vivado/new_cnn_lenet5/design.sdk/cnn_platform/design_1_wrapper.bit"
23:18:58 INFO  : Context for 'APU' is selected.
23:18:58 INFO  : Hardware design information is loaded from 'E:/Exercise/FPGA/FPGA_CNN/01_mnist_cnn/vivado/new_cnn_lenet5/design.sdk/cnn_platform/system.hdf'.
23:18:58 INFO  : Context for 'APU' is selected.
23:18:59 INFO  : 'ps7_init' command is executed.
23:18:59 INFO  : 'ps7_post_config' command is executed.
23:18:59 INFO  : Context for processor 'ps7_cortexa9_0' is selected.
23:18:59 INFO  : The application 'E:/Exercise/FPGA/FPGA_CNN/01_mnist_cnn/vivado/new_cnn_lenet5/design.sdk/mnist_lenet5/Debug/mnist_lenet5.elf' is downloaded to processor 'ps7_cortexa9_0'.
23:18:59 INFO  : ----------------XSDB Script----------------
connect -url tcp:127.0.0.1:3121
source E:/Exercise/FPGA/FPGA_CNN/01_mnist_cnn/vivado/new_cnn_lenet5/design.sdk/cnn_platform/ps7_init.tcl
targets -set -nocase -filter {name =~"APU*" && jtag_cable_name =~ "Digilent JTAG-SMT1 210203368853A"} -index 0
rst -system
after 3000
targets -set -filter {jtag_cable_name =~ "Digilent JTAG-SMT1 210203368853A" && level==0} -index 1
fpga -file E:/Exercise/FPGA/FPGA_CNN/01_mnist_cnn/vivado/new_cnn_lenet5/design.sdk/cnn_platform/design_1_wrapper.bit
targets -set -nocase -filter {name =~"APU*" && jtag_cable_name =~ "Digilent JTAG-SMT1 210203368853A"} -index 0
loadhw E:/Exercise/FPGA/FPGA_CNN/01_mnist_cnn/vivado/new_cnn_lenet5/design.sdk/cnn_platform/system.hdf
targets -set -nocase -filter {name =~"APU*" && jtag_cable_name =~ "Digilent JTAG-SMT1 210203368853A"} -index 0
ps7_init
ps7_post_config
targets -set -nocase -filter {name =~ "ARM*#0" && jtag_cable_name =~ "Digilent JTAG-SMT1 210203368853A"} -index 0
dow E:/Exercise/FPGA/FPGA_CNN/01_mnist_cnn/vivado/new_cnn_lenet5/design.sdk/mnist_lenet5/Debug/mnist_lenet5.elf
----------------End of Script----------------

23:18:59 INFO  : Memory regions updated for context APU
23:18:59 INFO  : Context for processor 'ps7_cortexa9_0' is selected.
23:19:00 INFO  : 'con' command is executed.
23:19:00 INFO  : ----------------XSDB Script (After Launch)----------------
targets -set -nocase -filter {name =~ "ARM*#0" && jtag_cable_name =~ "Digilent JTAG-SMT1 210203368853A"} -index 0
con
----------------End of Script----------------

23:19:00 INFO  : Launch script is exported to file 'E:\Exercise\FPGA\FPGA_CNN\01_mnist_cnn\vivado\new_cnn_lenet5\design.sdk\.sdk\launch_scripts\xilinx_c-c++_application_(system_debugger)\system_debugger_using_debug_mnist_lenet5.elf_on_local.tcl'
23:19:24 INFO  : Disconnected from the channel tcfchan#1.
23:21:31 INFO  : Connected to target on host '127.0.0.1' and port '3121'.
23:21:35 INFO  : Jtag cable 'Digilent JTAG-SMT1 210203368853A' is selected.
23:21:35 INFO  : 'jtag frequency' command is executed.
23:21:35 INFO  : Sourcing of 'E:/Exercise/FPGA/FPGA_CNN/01_mnist_cnn/vivado/new_cnn_lenet5/design.sdk/cnn_platform/ps7_init.tcl' is done.
23:21:36 INFO  : Context for 'APU' is selected.
23:21:36 INFO  : System reset is completed.
23:21:39 INFO  : 'after 3000' command is executed.
23:21:39 INFO  : 'targets -set -filter {jtag_cable_name =~ "Digilent JTAG-SMT1 210203368853A" && level==0} -index 1' command is executed.
23:21:42 INFO  : FPGA configured successfully with bitstream "E:/Exercise/FPGA/FPGA_CNN/01_mnist_cnn/vivado/new_cnn_lenet5/design.sdk/cnn_platform/design_1_wrapper.bit"
23:21:42 INFO  : Context for 'APU' is selected.
23:21:42 INFO  : Hardware design information is loaded from 'E:/Exercise/FPGA/FPGA_CNN/01_mnist_cnn/vivado/new_cnn_lenet5/design.sdk/cnn_platform/system.hdf'.
23:21:42 INFO  : Context for 'APU' is selected.
23:21:42 INFO  : 'ps7_init' command is executed.
23:21:42 INFO  : 'ps7_post_config' command is executed.
23:21:42 INFO  : Context for processor 'ps7_cortexa9_0' is selected.
23:21:43 INFO  : The application 'E:/Exercise/FPGA/FPGA_CNN/01_mnist_cnn/vivado/new_cnn_lenet5/design.sdk/mnist_lenet5/Debug/mnist_lenet5.elf' is downloaded to processor 'ps7_cortexa9_0'.
23:21:43 INFO  : ----------------XSDB Script----------------
connect -url tcp:127.0.0.1:3121
source E:/Exercise/FPGA/FPGA_CNN/01_mnist_cnn/vivado/new_cnn_lenet5/design.sdk/cnn_platform/ps7_init.tcl
targets -set -nocase -filter {name =~"APU*" && jtag_cable_name =~ "Digilent JTAG-SMT1 210203368853A"} -index 0
rst -system
after 3000
targets -set -filter {jtag_cable_name =~ "Digilent JTAG-SMT1 210203368853A" && level==0} -index 1
fpga -file E:/Exercise/FPGA/FPGA_CNN/01_mnist_cnn/vivado/new_cnn_lenet5/design.sdk/cnn_platform/design_1_wrapper.bit
targets -set -nocase -filter {name =~"APU*" && jtag_cable_name =~ "Digilent JTAG-SMT1 210203368853A"} -index 0
loadhw E:/Exercise/FPGA/FPGA_CNN/01_mnist_cnn/vivado/new_cnn_lenet5/design.sdk/cnn_platform/system.hdf
targets -set -nocase -filter {name =~"APU*" && jtag_cable_name =~ "Digilent JTAG-SMT1 210203368853A"} -index 0
ps7_init
ps7_post_config
targets -set -nocase -filter {name =~ "ARM*#0" && jtag_cable_name =~ "Digilent JTAG-SMT1 210203368853A"} -index 0
dow E:/Exercise/FPGA/FPGA_CNN/01_mnist_cnn/vivado/new_cnn_lenet5/design.sdk/mnist_lenet5/Debug/mnist_lenet5.elf
----------------End of Script----------------

23:21:43 INFO  : Memory regions updated for context APU
23:21:43 INFO  : Context for processor 'ps7_cortexa9_0' is selected.
23:21:43 INFO  : 'con' command is executed.
23:21:43 INFO  : ----------------XSDB Script (After Launch)----------------
targets -set -nocase -filter {name =~ "ARM*#0" && jtag_cable_name =~ "Digilent JTAG-SMT1 210203368853A"} -index 0
con
----------------End of Script----------------

23:21:43 INFO  : Launch script is exported to file 'E:\Exercise\FPGA\FPGA_CNN\01_mnist_cnn\vivado\new_cnn_lenet5\design.sdk\.sdk\launch_scripts\xilinx_c-c++_application_(system_debugger)\system_debugger_using_debug_mnist_lenet5.elf_on_local.tcl'
23:25:33 INFO  : Disconnected from the channel tcfchan#2.
